{"C:\\Users\\ingrid.echeverri_pra\\Documents\\Uni\\tecnicas-pruebas\\expressCart\\app.js": {"path":"C:\\Users\\ingrid.echeverri_pra\\Documents\\Uni\\tecnicas-pruebas\\expressCart\\app.js","statementMap":{"0":{"start":{"line":1,"column":11},"end":{"line":1,"column":24}},"1":{"start":{"line":2,"column":13},"end":{"line":2,"column":28}},"2":{"start":{"line":3,"column":0},"end":{"line":5,"column":1}},"3":{"start":{"line":4,"column":4},"end":{"line":4,"column":54}},"4":{"start":{"line":6,"column":13},"end":{"line":6,"column":28}},"5":{"start":{"line":7,"column":16},"end":{"line":7,"column":34}},"6":{"start":{"line":8,"column":15},"end":{"line":8,"column":32}},"7":{"start":{"line":9,"column":21},"end":{"line":9,"column":45}},"8":{"start":{"line":10,"column":16},"end":{"line":10,"column":42}},"9":{"start":{"line":11,"column":15},"end":{"line":11,"column":32}},"10":{"start":{"line":12,"column":10},"end":{"line":12,"column":27}},"11":{"start":{"line":13,"column":19},"end":{"line":13,"column":62}},"12":{"start":{"line":14,"column":16},"end":{"line":14,"column":34}},"13":{"start":{"line":15,"column":15},"end":{"line":15,"column":32}},"14":{"start":{"line":16,"column":15},"end":{"line":16,"column":32}},"15":{"start":{"line":17,"column":13},"end":{"line":17,"column":33}},"16":{"start":{"line":18,"column":15},"end":{"line":18,"column":32}},"17":{"start":{"line":19,"column":59},"end":{"line":19,"column":82}},"18":{"start":{"line":20,"column":24},"end":{"line":20,"column":49}},"19":{"start":{"line":21,"column":23},"end":{"line":21,"column":46}},"20":{"start":{"line":22,"column":29},"end":{"line":22,"column":48}},"21":{"start":{"line":23,"column":28},"end":{"line":23,"column":55}},"22":{"start":{"line":24,"column":17},"end":{"line":24,"column":46}},"23":{"start":{"line":25,"column":13},"end":{"line":25,"column":28}},"24":{"start":{"line":28,"column":12},"end":{"line":28,"column":26}},"25":{"start":{"line":29,"column":12},"end":{"line":29,"column":42}},"26":{"start":{"line":32,"column":15},"end":{"line":32,"column":26}},"27":{"start":{"line":34,"column":19},"end":{"line":34,"column":75}},"28":{"start":{"line":35,"column":0},"end":{"line":38,"column":1}},"29":{"start":{"line":36,"column":4},"end":{"line":36,"column":76}},"30":{"start":{"line":37,"column":4},"end":{"line":37,"column":20}},"31":{"start":{"line":41,"column":0},"end":{"line":49,"column":3}},"32":{"start":{"line":42,"column":4},"end":{"line":48,"column":5}},"33":{"start":{"line":46,"column":8},"end":{"line":46,"column":87}},"34":{"start":{"line":47,"column":8},"end":{"line":47,"column":24}},"35":{"start":{"line":52,"column":14},"end":{"line":52,"column":39}},"36":{"start":{"line":53,"column":14},"end":{"line":53,"column":39}},"37":{"start":{"line":54,"column":16},"end":{"line":54,"column":43}},"38":{"start":{"line":55,"column":17},"end":{"line":55,"column":45}},"39":{"start":{"line":56,"column":14},"end":{"line":56,"column":39}},"40":{"start":{"line":57,"column":13},"end":{"line":57,"column":37}},"41":{"start":{"line":58,"column":21},"end":{"line":58,"column":53}},"42":{"start":{"line":59,"column":16},"end":{"line":59,"column":43}},"43":{"start":{"line":61,"column":12},"end":{"line":61,"column":21}},"44":{"start":{"line":64,"column":0},"end":{"line":75,"column":3}},"45":{"start":{"line":78,"column":0},"end":{"line":78,"column":49}},"46":{"start":{"line":79,"column":0},"end":{"line":84,"column":4}},"47":{"start":{"line":85,"column":0},"end":{"line":85,"column":30}},"48":{"start":{"line":88,"column":0},"end":{"line":340,"column":3}},"49":{"start":{"line":91,"column":20},"end":{"line":91,"column":52}},"50":{"start":{"line":92,"column":21},"end":{"line":92,"column":54}},"51":{"start":{"line":94,"column":24},"end":{"line":94,"column":26}},"52":{"start":{"line":95,"column":12},"end":{"line":97,"column":13}},"53":{"start":{"line":96,"column":16},"end":{"line":96,"column":40}},"54":{"start":{"line":98,"column":12},"end":{"line":98,"column":25}},"55":{"start":{"line":101,"column":12},"end":{"line":101,"column":51}},"56":{"start":{"line":104,"column":12},"end":{"line":106,"column":13}},"57":{"start":{"line":105,"column":16},"end":{"line":105,"column":54}},"58":{"start":{"line":107,"column":12},"end":{"line":109,"column":13}},"59":{"start":{"line":108,"column":16},"end":{"line":108,"column":53}},"60":{"start":{"line":110,"column":12},"end":{"line":112,"column":13}},"61":{"start":{"line":111,"column":16},"end":{"line":111,"column":53}},"62":{"start":{"line":113,"column":12},"end":{"line":115,"column":13}},"63":{"start":{"line":114,"column":16},"end":{"line":114,"column":53}},"64":{"start":{"line":117,"column":12},"end":{"line":117,"column":43}},"65":{"start":{"line":120,"column":12},"end":{"line":122,"column":13}},"66":{"start":{"line":121,"column":16},"end":{"line":121,"column":26}},"67":{"start":{"line":123,"column":12},"end":{"line":125,"column":13}},"68":{"start":{"line":124,"column":16},"end":{"line":124,"column":43}},"69":{"start":{"line":126,"column":12},"end":{"line":126,"column":22}},"70":{"start":{"line":129,"column":12},"end":{"line":129,"column":52}},"71":{"start":{"line":132,"column":12},"end":{"line":134,"column":13}},"72":{"start":{"line":133,"column":16},"end":{"line":133,"column":51}},"73":{"start":{"line":135,"column":12},"end":{"line":135,"column":26}},"74":{"start":{"line":138,"column":12},"end":{"line":140,"column":13}},"75":{"start":{"line":139,"column":16},"end":{"line":139,"column":77}},"76":{"start":{"line":141,"column":12},"end":{"line":141,"column":56}},"77":{"start":{"line":144,"column":12},"end":{"line":161,"column":13}},"78":{"start":{"line":146,"column":20},"end":{"line":146,"column":37}},"79":{"start":{"line":148,"column":20},"end":{"line":148,"column":37}},"80":{"start":{"line":150,"column":20},"end":{"line":150,"column":37}},"81":{"start":{"line":152,"column":20},"end":{"line":152,"column":36}},"82":{"start":{"line":154,"column":20},"end":{"line":154,"column":37}},"83":{"start":{"line":156,"column":20},"end":{"line":156,"column":37}},"84":{"start":{"line":158,"column":20},"end":{"line":158,"column":37}},"85":{"start":{"line":160,"column":20},"end":{"line":160,"column":36}},"86":{"start":{"line":164,"column":12},"end":{"line":166,"column":13}},"87":{"start":{"line":165,"column":16},"end":{"line":165,"column":30}},"88":{"start":{"line":167,"column":12},"end":{"line":167,"column":27}},"89":{"start":{"line":170,"column":12},"end":{"line":172,"column":13}},"90":{"start":{"line":171,"column":16},"end":{"line":171,"column":27}},"91":{"start":{"line":173,"column":12},"end":{"line":173,"column":25}},"92":{"start":{"line":176,"column":12},"end":{"line":178,"column":13}},"93":{"start":{"line":177,"column":16},"end":{"line":177,"column":47}},"94":{"start":{"line":179,"column":12},"end":{"line":179,"column":21}},"95":{"start":{"line":182,"column":12},"end":{"line":184,"column":13}},"96":{"start":{"line":183,"column":16},"end":{"line":183,"column":43}},"97":{"start":{"line":185,"column":12},"end":{"line":185,"column":22}},"98":{"start":{"line":188,"column":12},"end":{"line":190,"column":13}},"99":{"start":{"line":189,"column":16},"end":{"line":189,"column":33}},"100":{"start":{"line":191,"column":12},"end":{"line":191,"column":22}},"101":{"start":{"line":194,"column":12},"end":{"line":196,"column":13}},"102":{"start":{"line":195,"column":16},"end":{"line":195,"column":34}},"103":{"start":{"line":197,"column":12},"end":{"line":197,"column":22}},"104":{"start":{"line":200,"column":12},"end":{"line":202,"column":13}},"105":{"start":{"line":201,"column":16},"end":{"line":201,"column":40}},"106":{"start":{"line":203,"column":12},"end":{"line":203,"column":41}},"107":{"start":{"line":206,"column":12},"end":{"line":208,"column":13}},"108":{"start":{"line":207,"column":16},"end":{"line":207,"column":43}},"109":{"start":{"line":209,"column":12},"end":{"line":209,"column":24}},"110":{"start":{"line":212,"column":12},"end":{"line":212,"column":47}},"111":{"start":{"line":215,"column":12},"end":{"line":215,"column":66}},"112":{"start":{"line":218,"column":12},"end":{"line":239,"column":13}},"113":{"start":{"line":220,"column":20},"end":{"line":220,"column":82}},"114":{"start":{"line":222,"column":20},"end":{"line":222,"column":82}},"115":{"start":{"line":224,"column":20},"end":{"line":224,"column":82}},"116":{"start":{"line":226,"column":20},"end":{"line":226,"column":80}},"117":{"start":{"line":228,"column":20},"end":{"line":228,"column":81}},"118":{"start":{"line":230,"column":20},"end":{"line":230,"column":80}},"119":{"start":{"line":232,"column":20},"end":{"line":232,"column":81}},"120":{"start":{"line":234,"column":20},"end":{"line":234,"column":81}},"121":{"start":{"line":236,"column":20},"end":{"line":236,"column":81}},"122":{"start":{"line":238,"column":20},"end":{"line":238,"column":49}},"123":{"start":{"line":242,"column":12},"end":{"line":244,"column":13}},"124":{"start":{"line":243,"column":16},"end":{"line":243,"column":40}},"125":{"start":{"line":245,"column":12},"end":{"line":245,"column":41}},"126":{"start":{"line":248,"column":12},"end":{"line":250,"column":13}},"127":{"start":{"line":249,"column":16},"end":{"line":249,"column":100}},"128":{"start":{"line":251,"column":12},"end":{"line":257,"column":13}},"129":{"start":{"line":252,"column":38},"end":{"line":252,"column":56}},"130":{"start":{"line":253,"column":16},"end":{"line":255,"column":17}},"131":{"start":{"line":254,"column":20},"end":{"line":254,"column":90}},"132":{"start":{"line":256,"column":16},"end":{"line":256,"column":125}},"133":{"start":{"line":258,"column":12},"end":{"line":258,"column":107}},"134":{"start":{"line":261,"column":12},"end":{"line":263,"column":13}},"135":{"start":{"line":262,"column":16},"end":{"line":262,"column":113}},"136":{"start":{"line":264,"column":12},"end":{"line":264,"column":22}},"137":{"start":{"line":267,"column":12},"end":{"line":269,"column":13}},"138":{"start":{"line":268,"column":16},"end":{"line":268,"column":43}},"139":{"start":{"line":270,"column":12},"end":{"line":270,"column":25}},"140":{"start":{"line":273,"column":12},"end":{"line":277,"column":13}},"141":{"start":{"line":274,"column":16},"end":{"line":276,"column":19}},"142":{"start":{"line":275,"column":20},"end":{"line":275,"column":45}},"143":{"start":{"line":278,"column":12},"end":{"line":278,"column":25}},"144":{"start":{"line":281,"column":12},"end":{"line":281,"column":40}},"145":{"start":{"line":282,"column":12},"end":{"line":282,"column":40}},"146":{"start":{"line":284,"column":12},"end":{"line":290,"column":24}},"147":{"start":{"line":293,"column":12},"end":{"line":295,"column":13}},"148":{"start":{"line":294,"column":16},"end":{"line":294,"column":32}},"149":{"start":{"line":296,"column":12},"end":{"line":296,"column":22}},"150":{"start":{"line":299,"column":12},"end":{"line":301,"column":13}},"151":{"start":{"line":300,"column":16},"end":{"line":300,"column":54}},"152":{"start":{"line":302,"column":12},"end":{"line":302,"column":24}},"153":{"start":{"line":305,"column":12},"end":{"line":307,"column":13}},"154":{"start":{"line":306,"column":16},"end":{"line":306,"column":40}},"155":{"start":{"line":308,"column":12},"end":{"line":308,"column":41}},"156":{"start":{"line":311,"column":12},"end":{"line":311,"column":46}},"157":{"start":{"line":312,"column":12},"end":{"line":312,"column":46}},"158":{"start":{"line":313,"column":12},"end":{"line":313,"column":24}},"159":{"start":{"line":316,"column":12},"end":{"line":316,"column":42}},"160":{"start":{"line":319,"column":12},"end":{"line":321,"column":13}},"161":{"start":{"line":320,"column":16},"end":{"line":320,"column":29}},"162":{"start":{"line":322,"column":12},"end":{"line":322,"column":47}},"163":{"start":{"line":326,"column":12},"end":{"line":337,"column":20}},"164":{"start":{"line":343,"column":14},"end":{"line":346,"column":2}},"165":{"start":{"line":349,"column":0},"end":{"line":353,"column":1}},"166":{"start":{"line":350,"column":25},"end":{"line":350,"column":63}},"167":{"start":{"line":351,"column":4},"end":{"line":351,"column":39}},"168":{"start":{"line":352,"column":4},"end":{"line":352,"column":54}},"169":{"start":{"line":354,"column":0},"end":{"line":358,"column":1}},"170":{"start":{"line":355,"column":25},"end":{"line":355,"column":63}},"171":{"start":{"line":356,"column":4},"end":{"line":356,"column":40}},"172":{"start":{"line":357,"column":4},"end":{"line":357,"column":55}},"173":{"start":{"line":360,"column":0},"end":{"line":360,"column":26}},"174":{"start":{"line":361,"column":0},"end":{"line":361,"column":18}},"175":{"start":{"line":362,"column":0},"end":{"line":362,"column":42}},"176":{"start":{"line":363,"column":0},"end":{"line":363,"column":23}},"177":{"start":{"line":364,"column":0},"end":{"line":364,"column":49}},"178":{"start":{"line":365,"column":0},"end":{"line":365,"column":43}},"179":{"start":{"line":366,"column":0},"end":{"line":376,"column":4}},"180":{"start":{"line":378,"column":0},"end":{"line":385,"column":4}},"181":{"start":{"line":381,"column":8},"end":{"line":383,"column":9}},"182":{"start":{"line":382,"column":12},"end":{"line":382,"column":41}},"183":{"start":{"line":388,"column":0},"end":{"line":388,"column":19}},"184":{"start":{"line":391,"column":0},"end":{"line":391,"column":56}},"185":{"start":{"line":392,"column":0},"end":{"line":392,"column":65}},"186":{"start":{"line":393,"column":0},"end":{"line":393,"column":79}},"187":{"start":{"line":396,"column":0},"end":{"line":399,"column":3}},"188":{"start":{"line":397,"column":4},"end":{"line":397,"column":32}},"189":{"start":{"line":398,"column":4},"end":{"line":398,"column":11}},"190":{"start":{"line":402,"column":0},"end":{"line":405,"column":3}},"191":{"start":{"line":403,"column":4},"end":{"line":403,"column":57}},"192":{"start":{"line":404,"column":4},"end":{"line":404,"column":11}},"193":{"start":{"line":408,"column":0},"end":{"line":408,"column":20}},"194":{"start":{"line":409,"column":0},"end":{"line":409,"column":23}},"195":{"start":{"line":410,"column":0},"end":{"line":410,"column":22}},"196":{"start":{"line":411,"column":0},"end":{"line":411,"column":20}},"197":{"start":{"line":412,"column":0},"end":{"line":412,"column":19}},"198":{"start":{"line":413,"column":0},"end":{"line":413,"column":20}},"199":{"start":{"line":414,"column":0},"end":{"line":414,"column":27}},"200":{"start":{"line":415,"column":0},"end":{"line":415,"column":22}},"201":{"start":{"line":418,"column":0},"end":{"line":420,"column":3}},"202":{"start":{"line":419,"column":4},"end":{"line":419,"column":65}},"203":{"start":{"line":423,"column":0},"end":{"line":427,"column":3}},"204":{"start":{"line":424,"column":16},"end":{"line":424,"column":38}},"205":{"start":{"line":425,"column":4},"end":{"line":425,"column":21}},"206":{"start":{"line":426,"column":4},"end":{"line":426,"column":14}},"207":{"start":{"line":433,"column":0},"end":{"line":447,"column":1}},"208":{"start":{"line":434,"column":4},"end":{"line":446,"column":7}},"209":{"start":{"line":435,"column":8},"end":{"line":435,"column":45}},"210":{"start":{"line":436,"column":8},"end":{"line":439,"column":9}},"211":{"start":{"line":437,"column":12},"end":{"line":437,"column":86}},"212":{"start":{"line":438,"column":12},"end":{"line":438,"column":19}},"213":{"start":{"line":440,"column":8},"end":{"line":440,"column":38}},"214":{"start":{"line":441,"column":8},"end":{"line":445,"column":11}},"215":{"start":{"line":451,"column":0},"end":{"line":463,"column":3}},"216":{"start":{"line":452,"column":4},"end":{"line":452,"column":41}},"217":{"start":{"line":453,"column":4},"end":{"line":456,"column":5}},"218":{"start":{"line":454,"column":8},"end":{"line":454,"column":82}},"219":{"start":{"line":455,"column":8},"end":{"line":455,"column":15}},"220":{"start":{"line":457,"column":4},"end":{"line":457,"column":34}},"221":{"start":{"line":458,"column":4},"end":{"line":462,"column":7}},"222":{"start":{"line":466,"column":25},"end":{"line":466,"column":81}},"223":{"start":{"line":467,"column":0},"end":{"line":470,"column":1}},"224":{"start":{"line":468,"column":4},"end":{"line":468,"column":109}},"225":{"start":{"line":469,"column":4},"end":{"line":469,"column":20}},"226":{"start":{"line":472,"column":0},"end":{"line":475,"column":3}},"227":{"start":{"line":473,"column":4},"end":{"line":473,"column":41}},"228":{"start":{"line":474,"column":4},"end":{"line":474,"column":20}},"229":{"start":{"line":477,"column":0},"end":{"line":547,"column":3}},"230":{"start":{"line":479,"column":4},"end":{"line":482,"column":5}},"231":{"start":{"line":480,"column":8},"end":{"line":480,"column":71}},"232":{"start":{"line":481,"column":8},"end":{"line":481,"column":24}},"233":{"start":{"line":485,"column":4},"end":{"line":485,"column":16}},"234":{"start":{"line":486,"column":4},"end":{"line":486,"column":24}},"235":{"start":{"line":487,"column":4},"end":{"line":487,"column":31}},"236":{"start":{"line":490,"column":4},"end":{"line":501,"column":7}},"237":{"start":{"line":491,"column":30},"end":{"line":491,"column":66}},"238":{"start":{"line":492,"column":32},"end":{"line":492,"column":34}},"239":{"start":{"line":493,"column":8},"end":{"line":495,"column":11}},"240":{"start":{"line":494,"column":12},"end":{"line":494,"column":44}},"241":{"start":{"line":498,"column":8},"end":{"line":500,"column":11}},"242":{"start":{"line":504,"column":4},"end":{"line":506,"column":7}},"243":{"start":{"line":505,"column":8},"end":{"line":505,"column":34}},"244":{"start":{"line":509,"column":4},"end":{"line":515,"column":5}},"245":{"start":{"line":510,"column":8},"end":{"line":514,"column":9}},"246":{"start":{"line":511,"column":12},"end":{"line":511,"column":35}},"247":{"start":{"line":513,"column":12},"end":{"line":513,"column":81}},"248":{"start":{"line":518,"column":4},"end":{"line":526,"column":5}},"249":{"start":{"line":519,"column":8},"end":{"line":525,"column":11}},"250":{"start":{"line":520,"column":12},"end":{"line":524,"column":13}},"251":{"start":{"line":521,"column":16},"end":{"line":521,"column":39}},"252":{"start":{"line":523,"column":16},"end":{"line":523,"column":85}},"253":{"start":{"line":529,"column":4},"end":{"line":531,"column":5}},"254":{"start":{"line":530,"column":8},"end":{"line":530,"column":33}},"255":{"start":{"line":534,"column":4},"end":{"line":534,"column":23}},"256":{"start":{"line":537,"column":4},"end":{"line":546,"column":5}},"257":{"start":{"line":538,"column":8},"end":{"line":538,"column":42}},"258":{"start":{"line":539,"column":8},"end":{"line":539,"column":31}},"259":{"start":{"line":540,"column":8},"end":{"line":542,"column":9}},"260":{"start":{"line":541,"column":12},"end":{"line":541,"column":106}},"261":{"start":{"line":544,"column":8},"end":{"line":544,"column":82}},"262":{"start":{"line":545,"column":8},"end":{"line":545,"column":24}},"263":{"start":{"line":549,"column":0},"end":{"line":549,"column":21}}},"fnMap":{"0":{"name":"(anonymous_0)","decl":{"start":{"line":41,"column":33},"end":{"line":41,"column":34}},"loc":{"start":{"line":41,"column":46},"end":{"line":49,"column":1}},"line":41},"1":{"name":"(anonymous_1)","decl":{"start":{"line":91,"column":12},"end":{"line":91,"column":13}},"loc":{"start":{"line":91,"column":18},"end":{"line":91,"column":54}},"line":91},"2":{"name":"(anonymous_2)","decl":{"start":{"line":92,"column":13},"end":{"line":92,"column":14}},"loc":{"start":{"line":92,"column":19},"end":{"line":92,"column":56}},"line":92},"3":{"name":"(anonymous_3)","decl":{"start":{"line":93,"column":28},"end":{"line":93,"column":29}},"loc":{"start":{"line":93,"column":39},"end":{"line":99,"column":9}},"line":93},"4":{"name":"(anonymous_4)","decl":{"start":{"line":100,"column":17},"end":{"line":100,"column":18}},"loc":{"start":{"line":100,"column":31},"end":{"line":102,"column":9}},"line":100},"5":{"name":"(anonymous_5)","decl":{"start":{"line":103,"column":21},"end":{"line":103,"column":22}},"loc":{"start":{"line":103,"column":38},"end":{"line":118,"column":9}},"line":103},"6":{"name":"(anonymous_6)","decl":{"start":{"line":119,"column":19},"end":{"line":119,"column":20}},"loc":{"start":{"line":119,"column":38},"end":{"line":127,"column":9}},"line":119},"7":{"name":"(anonymous_7)","decl":{"start":{"line":128,"column":18},"end":{"line":128,"column":19}},"loc":{"start":{"line":128,"column":28},"end":{"line":130,"column":9}},"line":128},"8":{"name":"(anonymous_8)","decl":{"start":{"line":131,"column":22},"end":{"line":131,"column":23}},"loc":{"start":{"line":131,"column":31},"end":{"line":136,"column":9}},"line":131},"9":{"name":"(anonymous_9)","decl":{"start":{"line":137,"column":25},"end":{"line":137,"column":26}},"loc":{"start":{"line":137,"column":34},"end":{"line":142,"column":9}},"line":137},"10":{"name":"(anonymous_10)","decl":{"start":{"line":143,"column":24},"end":{"line":143,"column":25}},"loc":{"start":{"line":143,"column":36},"end":{"line":162,"column":9}},"line":143},"11":{"name":"(anonymous_11)","decl":{"start":{"line":163,"column":30},"end":{"line":163,"column":31}},"loc":{"start":{"line":163,"column":44},"end":{"line":168,"column":9}},"line":163},"12":{"name":"(anonymous_12)","decl":{"start":{"line":169,"column":24},"end":{"line":169,"column":25}},"loc":{"start":{"line":169,"column":35},"end":{"line":174,"column":9}},"line":169},"13":{"name":"(anonymous_13)","decl":{"start":{"line":175,"column":22},"end":{"line":175,"column":23}},"loc":{"start":{"line":175,"column":31},"end":{"line":180,"column":9}},"line":175},"14":{"name":"(anonymous_14)","decl":{"start":{"line":181,"column":19},"end":{"line":181,"column":20}},"loc":{"start":{"line":181,"column":28},"end":{"line":186,"column":9}},"line":181},"15":{"name":"(anonymous_15)","decl":{"start":{"line":187,"column":22},"end":{"line":187,"column":23}},"loc":{"start":{"line":187,"column":33},"end":{"line":192,"column":9}},"line":187},"16":{"name":"(anonymous_16)","decl":{"start":{"line":193,"column":21},"end":{"line":193,"column":22}},"loc":{"start":{"line":193,"column":39},"end":{"line":198,"column":9}},"line":193},"17":{"name":"(anonymous_17)","decl":{"start":{"line":199,"column":16},"end":{"line":199,"column":17}},"loc":{"start":{"line":199,"column":36},"end":{"line":204,"column":9}},"line":199},"18":{"name":"(anonymous_18)","decl":{"start":{"line":205,"column":17},"end":{"line":205,"column":18}},"loc":{"start":{"line":205,"column":28},"end":{"line":210,"column":9}},"line":205},"19":{"name":"(anonymous_19)","decl":{"start":{"line":211,"column":20},"end":{"line":211,"column":21}},"loc":{"start":{"line":211,"column":38},"end":{"line":213,"column":9}},"line":211},"20":{"name":"(anonymous_20)","decl":{"start":{"line":214,"column":24},"end":{"line":214,"column":25}},"loc":{"start":{"line":214,"column":40},"end":{"line":216,"column":9}},"line":214},"21":{"name":"(anonymous_21)","decl":{"start":{"line":217,"column":16},"end":{"line":217,"column":17}},"loc":{"start":{"line":217,"column":47},"end":{"line":240,"column":9}},"line":217},"22":{"name":"(anonymous_22)","decl":{"start":{"line":241,"column":19},"end":{"line":241,"column":20}},"loc":{"start":{"line":241,"column":39},"end":{"line":246,"column":9}},"line":241},"23":{"name":"(anonymous_23)","decl":{"start":{"line":247,"column":24},"end":{"line":247,"column":25}},"loc":{"start":{"line":247,"column":36},"end":{"line":259,"column":9}},"line":247},"24":{"name":"(anonymous_24)","decl":{"start":{"line":260,"column":24},"end":{"line":260,"column":25}},"loc":{"start":{"line":260,"column":36},"end":{"line":265,"column":9}},"line":260},"25":{"name":"(anonymous_25)","decl":{"start":{"line":266,"column":17},"end":{"line":266,"column":18}},"loc":{"start":{"line":266,"column":28},"end":{"line":271,"column":9}},"line":266},"26":{"name":"(anonymous_26)","decl":{"start":{"line":272,"column":20},"end":{"line":272,"column":21}},"loc":{"start":{"line":272,"column":31},"end":{"line":279,"column":9}},"line":272},"27":{"name":"(anonymous_27)","decl":{"start":{"line":274,"column":44},"end":{"line":274,"column":45}},"loc":{"start":{"line":274,"column":53},"end":{"line":276,"column":17}},"line":274},"28":{"name":"(anonymous_28)","decl":{"start":{"line":280,"column":14},"end":{"line":280,"column":15}},"loc":{"start":{"line":280,"column":53},"end":{"line":291,"column":9}},"line":280},"29":{"name":"(anonymous_29)","decl":{"start":{"line":292,"column":25},"end":{"line":292,"column":26}},"loc":{"start":{"line":292,"column":35},"end":{"line":297,"column":9}},"line":292},"30":{"name":"(anonymous_30)","decl":{"start":{"line":298,"column":14},"end":{"line":298,"column":15}},"loc":{"start":{"line":298,"column":24},"end":{"line":303,"column":9}},"line":298},"31":{"name":"(anonymous_31)","decl":{"start":{"line":304,"column":18},"end":{"line":304,"column":19}},"loc":{"start":{"line":304,"column":46},"end":{"line":309,"column":9}},"line":304},"32":{"name":"(anonymous_32)","decl":{"start":{"line":310,"column":17},"end":{"line":310,"column":18}},"loc":{"start":{"line":310,"column":27},"end":{"line":314,"column":9}},"line":310},"33":{"name":"(anonymous_33)","decl":{"start":{"line":315,"column":17},"end":{"line":315,"column":18}},"loc":{"start":{"line":315,"column":27},"end":{"line":317,"column":9}},"line":315},"34":{"name":"(anonymous_34)","decl":{"start":{"line":318,"column":19},"end":{"line":318,"column":20}},"loc":{"start":{"line":318,"column":30},"end":{"line":323,"column":9}},"line":318},"35":{"name":"(anonymous_35)","decl":{"start":{"line":324,"column":17},"end":{"line":324,"column":18}},"loc":{"start":{"line":324,"column":27},"end":{"line":338,"column":9}},"line":324},"36":{"name":"(anonymous_36)","decl":{"start":{"line":380,"column":12},"end":{"line":380,"column":13}},"loc":{"start":{"line":380,"column":31},"end":{"line":384,"column":5}},"line":380},"37":{"name":"(anonymous_37)","decl":{"start":{"line":396,"column":8},"end":{"line":396,"column":9}},"loc":{"start":{"line":396,"column":28},"end":{"line":399,"column":1}},"line":396},"38":{"name":"(anonymous_38)","decl":{"start":{"line":402,"column":8},"end":{"line":402,"column":9}},"loc":{"start":{"line":402,"column":28},"end":{"line":405,"column":1}},"line":402},"39":{"name":"(anonymous_39)","decl":{"start":{"line":418,"column":33},"end":{"line":418,"column":34}},"loc":{"start":{"line":418,"column":46},"end":{"line":420,"column":1}},"line":418},"40":{"name":"(anonymous_40)","decl":{"start":{"line":423,"column":8},"end":{"line":423,"column":9}},"loc":{"start":{"line":423,"column":28},"end":{"line":427,"column":1}},"line":423},"41":{"name":"(anonymous_41)","decl":{"start":{"line":434,"column":12},"end":{"line":434,"column":13}},"loc":{"start":{"line":434,"column":37},"end":{"line":446,"column":5}},"line":434},"42":{"name":"(anonymous_42)","decl":{"start":{"line":451,"column":8},"end":{"line":451,"column":9}},"loc":{"start":{"line":451,"column":33},"end":{"line":463,"column":1}},"line":451},"43":{"name":"(anonymous_43)","decl":{"start":{"line":472,"column":28},"end":{"line":472,"column":29}},"loc":{"start":{"line":472,"column":37},"end":{"line":475,"column":1}},"line":472},"44":{"name":"(anonymous_44)","decl":{"start":{"line":477,"column":40},"end":{"line":477,"column":41}},"loc":{"start":{"line":477,"column":59},"end":{"line":547,"column":1}},"line":477},"45":{"name":"(anonymous_45)","decl":{"start":{"line":490,"column":33},"end":{"line":490,"column":34}},"loc":{"start":{"line":490,"column":45},"end":{"line":501,"column":5}},"line":490},"46":{"name":"(anonymous_46)","decl":{"start":{"line":493,"column":33},"end":{"line":493,"column":34}},"loc":{"start":{"line":493,"column":44},"end":{"line":495,"column":9}},"line":493},"47":{"name":"(anonymous_47)","decl":{"start":{"line":504,"column":31},"end":{"line":504,"column":32}},"loc":{"start":{"line":504,"column":43},"end":{"line":506,"column":5}},"line":504},"48":{"name":"(anonymous_48)","decl":{"start":{"line":519,"column":38},"end":{"line":519,"column":39}},"loc":{"start":{"line":519,"column":50},"end":{"line":525,"column":9}},"line":519}},"branchMap":{"0":{"loc":{"start":{"line":3,"column":0},"end":{"line":5,"column":1}},"type":"if","locations":[{"start":{"line":3,"column":0},"end":{"line":5,"column":1}},{"start":{},"end":{}}],"line":3},"1":{"loc":{"start":{"line":35,"column":0},"end":{"line":38,"column":1}},"type":"if","locations":[{"start":{"line":35,"column":0},"end":{"line":38,"column":1}},{"start":{},"end":{}}],"line":35},"2":{"loc":{"start":{"line":42,"column":4},"end":{"line":48,"column":5}},"type":"if","locations":[{"start":{"line":42,"column":4},"end":{"line":48,"column":5}},{"start":{},"end":{}}],"line":42},"3":{"loc":{"start":{"line":104,"column":12},"end":{"line":106,"column":13}},"type":"if","locations":[{"start":{"line":104,"column":12},"end":{"line":106,"column":13}},{"start":{},"end":{}}],"line":104},"4":{"loc":{"start":{"line":107,"column":12},"end":{"line":109,"column":13}},"type":"if","locations":[{"start":{"line":107,"column":12},"end":{"line":109,"column":13}},{"start":{},"end":{}}],"line":107},"5":{"loc":{"start":{"line":110,"column":12},"end":{"line":112,"column":13}},"type":"if","locations":[{"start":{"line":110,"column":12},"end":{"line":112,"column":13}},{"start":{},"end":{}}],"line":110},"6":{"loc":{"start":{"line":113,"column":12},"end":{"line":115,"column":13}},"type":"if","locations":[{"start":{"line":113,"column":12},"end":{"line":115,"column":13}},{"start":{},"end":{}}],"line":113},"7":{"loc":{"start":{"line":120,"column":12},"end":{"line":122,"column":13}},"type":"if","locations":[{"start":{"line":120,"column":12},"end":{"line":122,"column":13}},{"start":{},"end":{}}],"line":120},"8":{"loc":{"start":{"line":120,"column":15},"end":{"line":120,"column":32}},"type":"binary-expr","locations":[{"start":{"line":120,"column":15},"end":{"line":120,"column":21}},{"start":{"line":120,"column":25},"end":{"line":120,"column":32}}],"line":120},"9":{"loc":{"start":{"line":123,"column":12},"end":{"line":125,"column":13}},"type":"if","locations":[{"start":{"line":123,"column":12},"end":{"line":125,"column":13}},{"start":{},"end":{}}],"line":123},"10":{"loc":{"start":{"line":132,"column":12},"end":{"line":134,"column":13}},"type":"if","locations":[{"start":{"line":132,"column":12},"end":{"line":134,"column":13}},{"start":{},"end":{}}],"line":132},"11":{"loc":{"start":{"line":138,"column":12},"end":{"line":140,"column":13}},"type":"if","locations":[{"start":{"line":138,"column":12},"end":{"line":140,"column":13}},{"start":{},"end":{}}],"line":138},"12":{"loc":{"start":{"line":144,"column":12},"end":{"line":161,"column":13}},"type":"switch","locations":[{"start":{"line":145,"column":16},"end":{"line":146,"column":37}},{"start":{"line":147,"column":16},"end":{"line":148,"column":37}},{"start":{"line":149,"column":16},"end":{"line":150,"column":37}},{"start":{"line":151,"column":16},"end":{"line":152,"column":36}},{"start":{"line":153,"column":16},"end":{"line":154,"column":37}},{"start":{"line":155,"column":16},"end":{"line":156,"column":37}},{"start":{"line":157,"column":16},"end":{"line":158,"column":37}},{"start":{"line":159,"column":16},"end":{"line":160,"column":36}}],"line":144},"13":{"loc":{"start":{"line":164,"column":12},"end":{"line":166,"column":13}},"type":"if","locations":[{"start":{"line":164,"column":12},"end":{"line":166,"column":13}},{"start":{},"end":{}}],"line":164},"14":{"loc":{"start":{"line":164,"column":15},"end":{"line":164,"column":46}},"type":"binary-expr","locations":[{"start":{"line":164,"column":15},"end":{"line":164,"column":23}},{"start":{"line":164,"column":27},"end":{"line":164,"column":46}}],"line":164},"15":{"loc":{"start":{"line":170,"column":12},"end":{"line":172,"column":13}},"type":"if","locations":[{"start":{"line":170,"column":12},"end":{"line":172,"column":13}},{"start":{},"end":{}}],"line":170},"16":{"loc":{"start":{"line":170,"column":15},"end":{"line":170,"column":59}},"type":"binary-expr","locations":[{"start":{"line":170,"column":15},"end":{"line":170,"column":43}},{"start":{"line":170,"column":47},"end":{"line":170,"column":59}}],"line":170},"17":{"loc":{"start":{"line":176,"column":12},"end":{"line":178,"column":13}},"type":"if","locations":[{"start":{"line":176,"column":12},"end":{"line":178,"column":13}},{"start":{},"end":{}}],"line":176},"18":{"loc":{"start":{"line":182,"column":12},"end":{"line":184,"column":13}},"type":"if","locations":[{"start":{"line":182,"column":12},"end":{"line":184,"column":13}},{"start":{},"end":{}}],"line":182},"19":{"loc":{"start":{"line":188,"column":12},"end":{"line":190,"column":13}},"type":"if","locations":[{"start":{"line":188,"column":12},"end":{"line":190,"column":13}},{"start":{},"end":{}}],"line":188},"20":{"loc":{"start":{"line":188,"column":15},"end":{"line":188,"column":49}},"type":"binary-expr","locations":[{"start":{"line":188,"column":15},"end":{"line":188,"column":31}},{"start":{"line":188,"column":35},"end":{"line":188,"column":49}}],"line":188},"21":{"loc":{"start":{"line":194,"column":12},"end":{"line":196,"column":13}},"type":"if","locations":[{"start":{"line":194,"column":12},"end":{"line":196,"column":13}},{"start":{},"end":{}}],"line":194},"22":{"loc":{"start":{"line":200,"column":12},"end":{"line":202,"column":13}},"type":"if","locations":[{"start":{"line":200,"column":12},"end":{"line":202,"column":13}},{"start":{},"end":{}}],"line":200},"23":{"loc":{"start":{"line":200,"column":15},"end":{"line":200,"column":59}},"type":"binary-expr","locations":[{"start":{"line":200,"column":15},"end":{"line":200,"column":43}},{"start":{"line":200,"column":47},"end":{"line":200,"column":59}}],"line":200},"24":{"loc":{"start":{"line":206,"column":12},"end":{"line":208,"column":13}},"type":"if","locations":[{"start":{"line":206,"column":12},"end":{"line":208,"column":13}},{"start":{},"end":{}}],"line":206},"25":{"loc":{"start":{"line":218,"column":12},"end":{"line":239,"column":13}},"type":"switch","locations":[{"start":{"line":219,"column":16},"end":{"line":220,"column":82}},{"start":{"line":221,"column":16},"end":{"line":222,"column":82}},{"start":{"line":223,"column":16},"end":{"line":224,"column":82}},{"start":{"line":225,"column":16},"end":{"line":226,"column":80}},{"start":{"line":227,"column":16},"end":{"line":228,"column":81}},{"start":{"line":229,"column":16},"end":{"line":230,"column":80}},{"start":{"line":231,"column":16},"end":{"line":232,"column":81}},{"start":{"line":233,"column":16},"end":{"line":234,"column":81}},{"start":{"line":235,"column":16},"end":{"line":236,"column":81}},{"start":{"line":237,"column":16},"end":{"line":238,"column":49}}],"line":218},"26":{"loc":{"start":{"line":220,"column":27},"end":{"line":220,"column":81}},"type":"cond-expr","locations":[{"start":{"line":220,"column":41},"end":{"line":220,"column":57}},{"start":{"line":220,"column":60},"end":{"line":220,"column":81}}],"line":220},"27":{"loc":{"start":{"line":222,"column":27},"end":{"line":222,"column":81}},"type":"cond-expr","locations":[{"start":{"line":222,"column":41},"end":{"line":222,"column":57}},{"start":{"line":222,"column":60},"end":{"line":222,"column":81}}],"line":222},"28":{"loc":{"start":{"line":224,"column":27},"end":{"line":224,"column":81}},"type":"cond-expr","locations":[{"start":{"line":224,"column":41},"end":{"line":224,"column":57}},{"start":{"line":224,"column":60},"end":{"line":224,"column":81}}],"line":224},"29":{"loc":{"start":{"line":226,"column":27},"end":{"line":226,"column":79}},"type":"cond-expr","locations":[{"start":{"line":226,"column":39},"end":{"line":226,"column":55}},{"start":{"line":226,"column":58},"end":{"line":226,"column":79}}],"line":226},"30":{"loc":{"start":{"line":228,"column":27},"end":{"line":228,"column":80}},"type":"cond-expr","locations":[{"start":{"line":228,"column":40},"end":{"line":228,"column":56}},{"start":{"line":228,"column":59},"end":{"line":228,"column":80}}],"line":228},"31":{"loc":{"start":{"line":230,"column":27},"end":{"line":230,"column":79}},"type":"cond-expr","locations":[{"start":{"line":230,"column":39},"end":{"line":230,"column":55}},{"start":{"line":230,"column":58},"end":{"line":230,"column":79}}],"line":230},"32":{"loc":{"start":{"line":232,"column":27},"end":{"line":232,"column":80}},"type":"cond-expr","locations":[{"start":{"line":232,"column":40},"end":{"line":232,"column":56}},{"start":{"line":232,"column":59},"end":{"line":232,"column":80}}],"line":232},"33":{"loc":{"start":{"line":234,"column":27},"end":{"line":234,"column":80}},"type":"cond-expr","locations":[{"start":{"line":234,"column":40},"end":{"line":234,"column":56}},{"start":{"line":234,"column":59},"end":{"line":234,"column":80}}],"line":234},"34":{"loc":{"start":{"line":234,"column":28},"end":{"line":234,"column":36}},"type":"binary-expr","locations":[{"start":{"line":234,"column":28},"end":{"line":234,"column":30}},{"start":{"line":234,"column":34},"end":{"line":234,"column":36}}],"line":234},"35":{"loc":{"start":{"line":236,"column":27},"end":{"line":236,"column":80}},"type":"cond-expr","locations":[{"start":{"line":236,"column":40},"end":{"line":236,"column":56}},{"start":{"line":236,"column":59},"end":{"line":236,"column":80}}],"line":236},"36":{"loc":{"start":{"line":236,"column":28},"end":{"line":236,"column":36}},"type":"binary-expr","locations":[{"start":{"line":236,"column":28},"end":{"line":236,"column":30}},{"start":{"line":236,"column":34},"end":{"line":236,"column":36}}],"line":236},"37":{"loc":{"start":{"line":242,"column":12},"end":{"line":244,"column":13}},"type":"if","locations":[{"start":{"line":242,"column":12},"end":{"line":244,"column":13}},{"start":{},"end":{}}],"line":242},"38":{"loc":{"start":{"line":242,"column":15},"end":{"line":242,"column":49}},"type":"binary-expr","locations":[{"start":{"line":242,"column":15},"end":{"line":242,"column":31}},{"start":{"line":242,"column":35},"end":{"line":242,"column":49}}],"line":242},"39":{"loc":{"start":{"line":248,"column":12},"end":{"line":250,"column":13}},"type":"if","locations":[{"start":{"line":248,"column":12},"end":{"line":250,"column":13}},{"start":{},"end":{}}],"line":248},"40":{"loc":{"start":{"line":251,"column":12},"end":{"line":257,"column":13}},"type":"if","locations":[{"start":{"line":251,"column":12},"end":{"line":257,"column":13}},{"start":{},"end":{}}],"line":251},"41":{"loc":{"start":{"line":253,"column":16},"end":{"line":255,"column":17}},"type":"if","locations":[{"start":{"line":253,"column":16},"end":{"line":255,"column":17}},{"start":{},"end":{}}],"line":253},"42":{"loc":{"start":{"line":261,"column":12},"end":{"line":263,"column":13}},"type":"if","locations":[{"start":{"line":261,"column":12},"end":{"line":263,"column":13}},{"start":{},"end":{}}],"line":261},"43":{"loc":{"start":{"line":261,"column":15},"end":{"line":261,"column":56}},"type":"binary-expr","locations":[{"start":{"line":261,"column":15},"end":{"line":261,"column":32}},{"start":{"line":261,"column":36},"end":{"line":261,"column":56}}],"line":261},"44":{"loc":{"start":{"line":267,"column":12},"end":{"line":269,"column":13}},"type":"if","locations":[{"start":{"line":267,"column":12},"end":{"line":269,"column":13}},{"start":{},"end":{}}],"line":267},"45":{"loc":{"start":{"line":273,"column":12},"end":{"line":277,"column":13}},"type":"if","locations":[{"start":{"line":273,"column":12},"end":{"line":277,"column":13}},{"start":{},"end":{}}],"line":273},"46":{"loc":{"start":{"line":293,"column":12},"end":{"line":295,"column":13}},"type":"if","locations":[{"start":{"line":293,"column":12},"end":{"line":295,"column":13}},{"start":{},"end":{}}],"line":293},"47":{"loc":{"start":{"line":299,"column":12},"end":{"line":301,"column":13}},"type":"if","locations":[{"start":{"line":299,"column":12},"end":{"line":301,"column":13}},{"start":{},"end":{}}],"line":299},"48":{"loc":{"start":{"line":299,"column":15},"end":{"line":299,"column":40}},"type":"binary-expr","locations":[{"start":{"line":299,"column":15},"end":{"line":299,"column":19}},{"start":{"line":299,"column":23},"end":{"line":299,"column":40}}],"line":299},"49":{"loc":{"start":{"line":305,"column":12},"end":{"line":307,"column":13}},"type":"if","locations":[{"start":{"line":305,"column":12},"end":{"line":307,"column":13}},{"start":{},"end":{}}],"line":305},"50":{"loc":{"start":{"line":319,"column":12},"end":{"line":321,"column":13}},"type":"if","locations":[{"start":{"line":319,"column":12},"end":{"line":321,"column":13}},{"start":{},"end":{}}],"line":319},"51":{"loc":{"start":{"line":319,"column":15},"end":{"line":319,"column":56}},"type":"binary-expr","locations":[{"start":{"line":319,"column":15},"end":{"line":319,"column":20}},{"start":{"line":319,"column":24},"end":{"line":319,"column":56}}],"line":319},"52":{"loc":{"start":{"line":349,"column":0},"end":{"line":353,"column":1}},"type":"if","locations":[{"start":{"line":349,"column":0},"end":{"line":353,"column":1}},{"start":{},"end":{}}],"line":349},"53":{"loc":{"start":{"line":349,"column":3},"end":{"line":349,"column":53}},"type":"binary-expr","locations":[{"start":{"line":349,"column":3},"end":{"line":349,"column":23}},{"start":{"line":349,"column":27},"end":{"line":349,"column":53}}],"line":349},"54":{"loc":{"start":{"line":354,"column":0},"end":{"line":358,"column":1}},"type":"if","locations":[{"start":{"line":354,"column":0},"end":{"line":358,"column":1}},{"start":{},"end":{}}],"line":354},"55":{"loc":{"start":{"line":354,"column":3},"end":{"line":354,"column":55}},"type":"binary-expr","locations":[{"start":{"line":354,"column":3},"end":{"line":354,"column":24}},{"start":{"line":354,"column":28},"end":{"line":354,"column":55}}],"line":354},"56":{"loc":{"start":{"line":362,"column":16},"end":{"line":362,"column":40}},"type":"binary-expr","locations":[{"start":{"line":362,"column":16},"end":{"line":362,"column":32}},{"start":{"line":362,"column":36},"end":{"line":362,"column":40}}],"line":362},"57":{"loc":{"start":{"line":381,"column":8},"end":{"line":383,"column":9}},"type":"if","locations":[{"start":{"line":381,"column":8},"end":{"line":383,"column":9}},{"start":{},"end":{}}],"line":381},"58":{"loc":{"start":{"line":433,"column":0},"end":{"line":447,"column":1}},"type":"if","locations":[{"start":{"line":433,"column":0},"end":{"line":447,"column":1}},{"start":{},"end":{}}],"line":433},"59":{"loc":{"start":{"line":436,"column":8},"end":{"line":439,"column":9}},"type":"if","locations":[{"start":{"line":436,"column":8},"end":{"line":439,"column":9}},{"start":{},"end":{}}],"line":436},"60":{"loc":{"start":{"line":436,"column":11},"end":{"line":436,"column":39}},"type":"binary-expr","locations":[{"start":{"line":436,"column":11},"end":{"line":436,"column":14}},{"start":{"line":436,"column":18},"end":{"line":436,"column":39}}],"line":436},"61":{"loc":{"start":{"line":440,"column":19},"end":{"line":440,"column":36}},"type":"binary-expr","locations":[{"start":{"line":440,"column":19},"end":{"line":440,"column":29}},{"start":{"line":440,"column":33},"end":{"line":440,"column":36}}],"line":440},"62":{"loc":{"start":{"line":453,"column":4},"end":{"line":456,"column":5}},"type":"if","locations":[{"start":{"line":453,"column":4},"end":{"line":456,"column":5}},{"start":{},"end":{}}],"line":453},"63":{"loc":{"start":{"line":453,"column":7},"end":{"line":453,"column":35}},"type":"binary-expr","locations":[{"start":{"line":453,"column":7},"end":{"line":453,"column":10}},{"start":{"line":453,"column":14},"end":{"line":453,"column":35}}],"line":453},"64":{"loc":{"start":{"line":457,"column":15},"end":{"line":457,"column":32}},"type":"binary-expr","locations":[{"start":{"line":457,"column":15},"end":{"line":457,"column":25}},{"start":{"line":457,"column":29},"end":{"line":457,"column":32}}],"line":457},"65":{"loc":{"start":{"line":467,"column":0},"end":{"line":470,"column":1}},"type":"if","locations":[{"start":{"line":467,"column":0},"end":{"line":470,"column":1}},{"start":{},"end":{}}],"line":467},"66":{"loc":{"start":{"line":479,"column":4},"end":{"line":482,"column":5}},"type":"if","locations":[{"start":{"line":479,"column":4},"end":{"line":482,"column":5}},{"start":{},"end":{}}],"line":479},"67":{"loc":{"start":{"line":509,"column":4},"end":{"line":515,"column":5}},"type":"if","locations":[{"start":{"line":509,"column":4},"end":{"line":515,"column":5}},{"start":{},"end":{}}],"line":509},"68":{"loc":{"start":{"line":518,"column":4},"end":{"line":526,"column":5}},"type":"if","locations":[{"start":{"line":518,"column":4},"end":{"line":526,"column":5}},{"start":{},"end":{}}],"line":518},"69":{"loc":{"start":{"line":529,"column":4},"end":{"line":531,"column":5}},"type":"if","locations":[{"start":{"line":529,"column":4},"end":{"line":531,"column":5}},{"start":{},"end":{}}],"line":529},"70":{"loc":{"start":{"line":540,"column":8},"end":{"line":542,"column":9}},"type":"if","locations":[{"start":{"line":540,"column":8},"end":{"line":542,"column":9}},{"start":{},"end":{}}],"line":540}},"s":{"0":2,"1":2,"2":2,"3":0,"4":2,"5":2,"6":2,"7":2,"8":2,"9":2,"10":2,"11":2,"12":2,"13":2,"14":2,"15":2,"16":2,"17":2,"18":2,"19":2,"20":2,"21":2,"22":2,"23":2,"24":2,"25":2,"26":2,"27":2,"28":2,"29":0,"30":0,"31":2,"32":2,"33":0,"34":0,"35":2,"36":2,"37":2,"38":2,"39":2,"40":2,"41":2,"42":2,"43":2,"44":2,"45":2,"46":2,"47":2,"48":2,"49":0,"50":0,"51":0,"52":0,"53":0,"54":0,"55":0,"56":0,"57":0,"58":0,"59":0,"60":0,"61":0,"62":0,"63":0,"64":0,"65":0,"66":0,"67":0,"68":0,"69":0,"70":0,"71":0,"72":0,"73":0,"74":0,"75":0,"76":0,"77":0,"78":0,"79":0,"80":0,"81":0,"82":0,"83":0,"84":0,"85":0,"86":0,"87":0,"88":0,"89":0,"90":0,"91":0,"92":0,"93":0,"94":0,"95":0,"96":0,"97":0,"98":0,"99":0,"100":0,"101":0,"102":0,"103":0,"104":0,"105":0,"106":0,"107":0,"108":0,"109":0,"110":0,"111":0,"112":0,"113":0,"114":0,"115":0,"116":0,"117":0,"118":0,"119":0,"120":0,"121":0,"122":0,"123":0,"124":0,"125":0,"126":0,"127":0,"128":0,"129":0,"130":0,"131":0,"132":0,"133":0,"134":0,"135":0,"136":0,"137":0,"138":0,"139":0,"140":0,"141":0,"142":0,"143":0,"144":0,"145":0,"146":0,"147":0,"148":0,"149":0,"150":0,"151":0,"152":0,"153":0,"154":0,"155":0,"156":0,"157":0,"158":0,"159":0,"160":0,"161":0,"162":0,"163":0,"164":2,"165":2,"166":0,"167":0,"168":0,"169":2,"170":0,"171":0,"172":0,"173":2,"174":2,"175":2,"176":2,"177":2,"178":2,"179":2,"180":2,"181":9,"182":0,"183":2,"184":2,"185":2,"186":2,"187":2,"188":9,"189":9,"190":2,"191":9,"192":9,"193":2,"194":2,"195":2,"196":2,"197":2,"198":2,"199":2,"200":2,"201":2,"202":2,"203":2,"204":0,"205":0,"206":0,"207":2,"208":0,"209":0,"210":0,"211":0,"212":0,"213":0,"214":0,"215":2,"216":0,"217":0,"218":0,"219":0,"220":0,"221":0,"222":2,"223":2,"224":0,"225":0,"226":2,"227":0,"228":0,"229":2,"230":0,"231":0,"232":0,"233":0,"234":0,"235":0,"236":0,"237":0,"238":0,"239":0,"240":0,"241":0,"242":0,"243":0,"244":0,"245":0,"246":0,"247":0,"248":0,"249":0,"250":0,"251":0,"252":0,"253":0,"254":0,"255":0,"256":0,"257":0,"258":0,"259":0,"260":0,"261":0,"262":0,"263":2},"f":{"0":2,"1":0,"2":0,"3":0,"4":0,"5":0,"6":0,"7":0,"8":0,"9":0,"10":0,"11":0,"12":0,"13":0,"14":0,"15":0,"16":0,"17":0,"18":0,"19":0,"20":0,"21":0,"22":0,"23":0,"24":0,"25":0,"26":0,"27":0,"28":0,"29":0,"30":0,"31":0,"32":0,"33":0,"34":0,"35":0,"36":9,"37":9,"38":9,"39":2,"40":0,"41":0,"42":0,"43":0,"44":0,"45":0,"46":0,"47":0,"48":0},"b":{"0":[0,2],"1":[0,2],"2":[0,2],"3":[0,0],"4":[0,0],"5":[0,0],"6":[0,0],"7":[0,0],"8":[0,0],"9":[0,0],"10":[0,0],"11":[0,0],"12":[0,0,0,0,0,0,0,0],"13":[0,0],"14":[0,0],"15":[0,0],"16":[0,0],"17":[0,0],"18":[0,0],"19":[0,0],"20":[0,0],"21":[0,0],"22":[0,0],"23":[0,0],"24":[0,0],"25":[0,0,0,0,0,0,0,0,0,0],"26":[0,0],"27":[0,0],"28":[0,0],"29":[0,0],"30":[0,0],"31":[0,0],"32":[0,0],"33":[0,0],"34":[0,0],"35":[0,0],"36":[0,0],"37":[0,0],"38":[0,0],"39":[0,0],"40":[0,0],"41":[0,0],"42":[0,0],"43":[0,0],"44":[0,0],"45":[0,0],"46":[0,0],"47":[0,0],"48":[0,0],"49":[0,0],"50":[0,0],"51":[0,0],"52":[0,2],"53":[2,2],"54":[0,2],"55":[2,2],"56":[2,2],"57":[0,9],"58":[0,2],"59":[0,0],"60":[0,0],"61":[0,0],"62":[0,0],"63":[0,0],"64":[0,0],"65":[0,2],"66":[0,0],"67":[0,0],"68":[0,0],"69":[0,0],"70":[0,0]},"_coverageSchema":"1a1c01bbd47fc00a2c39e90264f33305004495a9","hash":"a9e7c07db83254cf2662bfaaf1e53237e7336d20"}
,"C:\\Users\\ingrid.echeverri_pra\\Documents\\Uni\\tecnicas-pruebas\\expressCart\\lib\\cart.js": {"path":"C:\\Users\\ingrid.echeverri_pra\\Documents\\Uni\\tecnicas-pruebas\\expressCart\\lib\\cart.js","statementMap":{"0":{"start":{"line":3,"column":4},"end":{"line":3,"column":23}},"1":{"start":{"line":5,"column":24},"end":{"line":57,"column":1}},"2":{"start":{"line":6,"column":19},"end":{"line":6,"column":30}},"3":{"start":{"line":7,"column":15},"end":{"line":7,"column":25}},"4":{"start":{"line":9,"column":4},"end":{"line":9,"column":36}},"5":{"start":{"line":10,"column":4},"end":{"line":10,"column":35}},"6":{"start":{"line":11,"column":4},"end":{"line":11,"column":38}},"7":{"start":{"line":14,"column":4},"end":{"line":16,"column":5}},"8":{"start":{"line":15,"column":8},"end":{"line":15,"column":15}},"9":{"start":{"line":18,"column":4},"end":{"line":21,"column":7}},"10":{"start":{"line":19,"column":8},"end":{"line":19,"column":106}},"11":{"start":{"line":20,"column":8},"end":{"line":20,"column":104}},"12":{"start":{"line":24,"column":4},"end":{"line":24,"column":70}},"13":{"start":{"line":27,"column":4},"end":{"line":27,"column":65}},"14":{"start":{"line":30,"column":4},"end":{"line":30,"column":38}},"15":{"start":{"line":33,"column":4},"end":{"line":37,"column":6}},"16":{"start":{"line":40,"column":4},"end":{"line":53,"column":5}},"17":{"start":{"line":42,"column":25},"end":{"line":42,"column":87}},"18":{"start":{"line":43,"column":8},"end":{"line":52,"column":9}},"19":{"start":{"line":44,"column":12},"end":{"line":47,"column":14}},"20":{"start":{"line":50,"column":12},"end":{"line":50,"column":44}},"21":{"start":{"line":51,"column":12},"end":{"line":51,"column":46}},"22":{"start":{"line":56,"column":4},"end":{"line":56,"column":131}},"23":{"start":{"line":59,"column":32},"end":{"line":73,"column":1}},"24":{"start":{"line":61,"column":4},"end":{"line":64,"column":5}},"25":{"start":{"line":62,"column":8},"end":{"line":62,"column":44}},"26":{"start":{"line":63,"column":8},"end":{"line":63,"column":15}},"27":{"start":{"line":66,"column":4},"end":{"line":72,"column":7}},"28":{"start":{"line":67,"column":8},"end":{"line":71,"column":9}},"29":{"start":{"line":68,"column":12},"end":{"line":68,"column":86}},"30":{"start":{"line":70,"column":12},"end":{"line":70,"column":48}},"31":{"start":{"line":75,"column":18},"end":{"line":113,"column":1}},"32":{"start":{"line":76,"column":15},"end":{"line":76,"column":25}},"33":{"start":{"line":79,"column":4},"end":{"line":79,"column":28}},"34":{"start":{"line":80,"column":4},"end":{"line":80,"column":38}},"35":{"start":{"line":81,"column":4},"end":{"line":81,"column":31}},"36":{"start":{"line":82,"column":4},"end":{"line":82,"column":40}},"37":{"start":{"line":83,"column":4},"end":{"line":83,"column":36}},"38":{"start":{"line":86,"column":4},"end":{"line":86,"column":59}},"39":{"start":{"line":89,"column":4},"end":{"line":89,"column":36}},"40":{"start":{"line":92,"column":4},"end":{"line":92,"column":38}},"41":{"start":{"line":95,"column":18},"end":{"line":95,"column":45}},"42":{"start":{"line":96,"column":4},"end":{"line":98,"column":5}},"43":{"start":{"line":97,"column":8},"end":{"line":97,"column":32}},"44":{"start":{"line":100,"column":4},"end":{"line":102,"column":5}},"45":{"start":{"line":101,"column":8},"end":{"line":101,"column":15}},"46":{"start":{"line":105,"column":4},"end":{"line":108,"column":5}},"47":{"start":{"line":106,"column":8},"end":{"line":106,"column":70}},"48":{"start":{"line":107,"column":8},"end":{"line":107,"column":15}},"49":{"start":{"line":110,"column":4},"end":{"line":110,"column":34}},"50":{"start":{"line":111,"column":4},"end":{"line":111,"column":40}},"51":{"start":{"line":112,"column":4},"end":{"line":112,"column":22}},"52":{"start":{"line":115,"column":0},"end":{"line":119,"column":2}}},"fnMap":{"0":{"name":"(anonymous_0)","decl":{"start":{"line":5,"column":24},"end":{"line":5,"column":25}},"loc":{"start":{"line":5,"column":44},"end":{"line":57,"column":1}},"line":5},"1":{"name":"(anonymous_1)","decl":{"start":{"line":18,"column":42},"end":{"line":18,"column":43}},"loc":{"start":{"line":18,"column":52},"end":{"line":21,"column":5}},"line":18},"2":{"name":"(anonymous_2)","decl":{"start":{"line":59,"column":32},"end":{"line":59,"column":33}},"loc":{"start":{"line":59,"column":46},"end":{"line":73,"column":1}},"line":59},"3":{"name":"(anonymous_3)","decl":{"start":{"line":66,"column":42},"end":{"line":66,"column":43}},"loc":{"start":{"line":66,"column":52},"end":{"line":72,"column":5}},"line":66},"4":{"name":"(anonymous_4)","decl":{"start":{"line":75,"column":18},"end":{"line":75,"column":19}},"loc":{"start":{"line":75,"column":59},"end":{"line":113,"column":1}},"line":75}},"branchMap":{"0":{"loc":{"start":{"line":14,"column":4},"end":{"line":16,"column":5}},"type":"if","locations":[{"start":{"line":14,"column":4},"end":{"line":16,"column":5}},{"start":{},"end":{}}],"line":14},"1":{"loc":{"start":{"line":40,"column":4},"end":{"line":53,"column":5}},"type":"if","locations":[{"start":{"line":40,"column":4},"end":{"line":53,"column":5}},{"start":{},"end":{}}],"line":40},"2":{"loc":{"start":{"line":43,"column":8},"end":{"line":52,"column":9}},"type":"if","locations":[{"start":{"line":43,"column":8},"end":{"line":52,"column":9}},{"start":{"line":48,"column":13},"end":{"line":52,"column":9}}],"line":43},"3":{"loc":{"start":{"line":61,"column":4},"end":{"line":64,"column":5}},"type":"if","locations":[{"start":{"line":61,"column":4},"end":{"line":64,"column":5}},{"start":{},"end":{}}],"line":61},"4":{"loc":{"start":{"line":61,"column":7},"end":{"line":61,"column":57}},"type":"binary-expr","locations":[{"start":{"line":61,"column":7},"end":{"line":61,"column":24}},{"start":{"line":61,"column":28},"end":{"line":61,"column":57}}],"line":61},"5":{"loc":{"start":{"line":67,"column":8},"end":{"line":71,"column":9}},"type":"if","locations":[{"start":{"line":67,"column":8},"end":{"line":71,"column":9}},{"start":{"line":69,"column":13},"end":{"line":71,"column":9}}],"line":67},"6":{"loc":{"start":{"line":96,"column":4},"end":{"line":98,"column":5}},"type":"if","locations":[{"start":{"line":96,"column":4},"end":{"line":98,"column":5}},{"start":{},"end":{}}],"line":96},"7":{"loc":{"start":{"line":100,"column":4},"end":{"line":102,"column":5}},"type":"if","locations":[{"start":{"line":100,"column":4},"end":{"line":102,"column":5}},{"start":{},"end":{}}],"line":100},"8":{"loc":{"start":{"line":105,"column":4},"end":{"line":108,"column":5}},"type":"if","locations":[{"start":{"line":105,"column":4},"end":{"line":108,"column":5}},{"start":{},"end":{}}],"line":105}},"s":{"0":2,"1":2,"2":0,"3":0,"4":0,"5":0,"6":0,"7":0,"8":0,"9":0,"10":0,"11":0,"12":0,"13":0,"14":0,"15":0,"16":0,"17":0,"18":0,"19":0,"20":0,"21":0,"22":0,"23":2,"24":0,"25":0,"26":0,"27":0,"28":0,"29":0,"30":0,"31":2,"32":0,"33":0,"34":0,"35":0,"36":0,"37":0,"38":0,"39":0,"40":0,"41":0,"42":0,"43":0,"44":0,"45":0,"46":0,"47":0,"48":0,"49":0,"50":0,"51":0,"52":2},"f":{"0":0,"1":0,"2":0,"3":0,"4":0},"b":{"0":[0,0],"1":[0,0],"2":[0,0],"3":[0,0],"4":[0,0],"5":[0,0],"6":[0,0],"7":[0,0],"8":[0,0]},"_coverageSchema":"1a1c01bbd47fc00a2c39e90264f33305004495a9","hash":"cf63866fa4ce466e932f98b34d962cc51b37aeb0"}
,"C:\\Users\\ingrid.echeverri_pra\\Documents\\Uni\\tecnicas-pruebas\\expressCart\\lib\\common.js": {"path":"C:\\Users\\ingrid.echeverri_pra\\Documents\\Uni\\tecnicas-pruebas\\expressCart\\lib\\common.js","statementMap":{"0":{"start":{"line":1,"column":15},"end":{"line":1,"column":32}},"1":{"start":{"line":2,"column":16},"end":{"line":2,"column":34}},"2":{"start":{"line":3,"column":14},"end":{"line":3,"column":30}},"3":{"start":{"line":4,"column":11},"end":{"line":4,"column":24}},"4":{"start":{"line":5,"column":13},"end":{"line":5,"column":28}},"5":{"start":{"line":6,"column":13},"end":{"line":6,"column":28}},"6":{"start":{"line":7,"column":14},"end":{"line":7,"column":30}},"7":{"start":{"line":8,"column":19},"end":{"line":8,"column":40}},"8":{"start":{"line":9,"column":21},"end":{"line":9,"column":45}},"9":{"start":{"line":10,"column":18},"end":{"line":10,"column":46}},"10":{"start":{"line":11,"column":15},"end":{"line":11,"column":32}},"11":{"start":{"line":12,"column":17},"end":{"line":12,"column":44}},"12":{"start":{"line":13,"column":20},"end":{"line":13,"column":45}},"13":{"start":{"line":16,"column":4},"end":{"line":16,"column":23}},"14":{"start":{"line":19,"column":21},"end":{"line":19,"column":23}},"15":{"start":{"line":20,"column":21},"end":{"line":20,"column":23}},"16":{"start":{"line":21,"column":0},"end":{"line":27,"column":3}},"17":{"start":{"line":22,"column":24},"end":{"line":22,"column":59}},"18":{"start":{"line":23,"column":4},"end":{"line":23,"column":35}},"19":{"start":{"line":24,"column":4},"end":{"line":26,"column":6}},"20":{"start":{"line":30,"column":24},"end":{"line":36,"column":1}},"21":{"start":{"line":38,"column":22},"end":{"line":38,"column":30}},"22":{"start":{"line":43,"column":17},"end":{"line":45,"column":1}},"23":{"start":{"line":44,"column":4},"end":{"line":44,"column":29}},"24":{"start":{"line":48,"column":18},"end":{"line":50,"column":1}},"25":{"start":{"line":49,"column":4},"end":{"line":49,"column":32}},"26":{"start":{"line":52,"column":22},"end":{"line":61,"column":1}},"27":{"start":{"line":53,"column":4},"end":{"line":59,"column":5}},"28":{"start":{"line":54,"column":8},"end":{"line":58,"column":9}},"29":{"start":{"line":55,"column":12},"end":{"line":57,"column":13}},"30":{"start":{"line":56,"column":16},"end":{"line":56,"column":34}},"31":{"start":{"line":60,"column":4},"end":{"line":60,"column":17}},"32":{"start":{"line":63,"column":21},"end":{"line":73,"column":1}},"33":{"start":{"line":64,"column":4},"end":{"line":72,"column":5}},"34":{"start":{"line":65,"column":8},"end":{"line":69,"column":9}},"35":{"start":{"line":66,"column":12},"end":{"line":66,"column":35}},"36":{"start":{"line":68,"column":12},"end":{"line":68,"column":25}},"37":{"start":{"line":71,"column":8},"end":{"line":71,"column":21}},"38":{"start":{"line":75,"column":21},"end":{"line":83,"column":1}},"39":{"start":{"line":76,"column":4},"end":{"line":78,"column":5}},"40":{"start":{"line":77,"column":8},"end":{"line":77,"column":20}},"41":{"start":{"line":79,"column":4},"end":{"line":81,"column":5}},"42":{"start":{"line":80,"column":8},"end":{"line":80,"column":20}},"43":{"start":{"line":82,"column":4},"end":{"line":82,"column":17}},"44":{"start":{"line":85,"column":20},"end":{"line":90,"column":1}},"45":{"start":{"line":86,"column":4},"end":{"line":88,"column":5}},"46":{"start":{"line":87,"column":8},"end":{"line":87,"column":20}},"47":{"start":{"line":89,"column":4},"end":{"line":89,"column":17}},"48":{"start":{"line":93,"column":27},"end":{"line":119,"column":1}},"49":{"start":{"line":94,"column":15},"end":{"line":94,"column":25}},"50":{"start":{"line":96,"column":19},"end":{"line":96,"column":30}},"51":{"start":{"line":97,"column":21},"end":{"line":97,"column":35}},"52":{"start":{"line":99,"column":4},"end":{"line":118,"column":7}},"53":{"start":{"line":100,"column":22},"end":{"line":100,"column":24}},"54":{"start":{"line":101,"column":8},"end":{"line":103,"column":9}},"55":{"start":{"line":102,"column":12},"end":{"line":102,"column":28}},"56":{"start":{"line":104,"column":8},"end":{"line":117,"column":11}},"57":{"start":{"line":105,"column":25},"end":{"line":105,"column":27}},"58":{"start":{"line":106,"column":22},"end":{"line":106,"column":30}},"59":{"start":{"line":107,"column":12},"end":{"line":109,"column":13}},"60":{"start":{"line":108,"column":16},"end":{"line":108,"column":44}},"61":{"start":{"line":110,"column":12},"end":{"line":110,"column":52}},"62":{"start":{"line":111,"column":12},"end":{"line":111,"column":39}},"63":{"start":{"line":112,"column":12},"end":{"line":112,"column":32}},"64":{"start":{"line":113,"column":12},"end":{"line":113,"column":29}},"65":{"start":{"line":114,"column":12},"end":{"line":114,"column":34}},"66":{"start":{"line":116,"column":12},"end":{"line":116,"column":28}},"67":{"start":{"line":121,"column":26},"end":{"line":128,"column":1}},"68":{"start":{"line":123,"column":4},"end":{"line":126,"column":5}},"69":{"start":{"line":124,"column":8},"end":{"line":124,"column":35}},"70":{"start":{"line":125,"column":8},"end":{"line":125,"column":35}},"71":{"start":{"line":127,"column":4},"end":{"line":127,"column":16}},"72":{"start":{"line":130,"column":27},"end":{"line":140,"column":1}},"73":{"start":{"line":131,"column":4},"end":{"line":139,"column":5}},"74":{"start":{"line":132,"column":8},"end":{"line":132,"column":31}},"75":{"start":{"line":134,"column":8},"end":{"line":138,"column":9}},"76":{"start":{"line":135,"column":12},"end":{"line":135,"column":36}},"77":{"start":{"line":137,"column":11},"end":{"line":137,"column":34}},"78":{"start":{"line":142,"column":18},"end":{"line":144,"column":1}},"79":{"start":{"line":143,"column":4},"end":{"line":143,"column":181}},"80":{"start":{"line":143,"column":89},"end":{"line":143,"column":179}},"81":{"start":{"line":146,"column":18},"end":{"line":195,"column":1}},"82":{"start":{"line":147,"column":15},"end":{"line":147,"column":25}},"83":{"start":{"line":149,"column":20},"end":{"line":149,"column":65}},"84":{"start":{"line":150,"column":4},"end":{"line":152,"column":5}},"85":{"start":{"line":151,"column":8},"end":{"line":151,"column":18}},"86":{"start":{"line":155,"column":18},"end":{"line":155,"column":98}},"87":{"start":{"line":158,"column":4},"end":{"line":158,"column":17}},"88":{"start":{"line":161,"column":21},"end":{"line":161,"column":23}},"89":{"start":{"line":164,"column":4},"end":{"line":178,"column":5}},"90":{"start":{"line":164,"column":16},"end":{"line":164,"column":17}},"91":{"start":{"line":166,"column":8},"end":{"line":177,"column":9}},"92":{"start":{"line":168,"column":25},"end":{"line":171,"column":13}},"93":{"start":{"line":172,"column":12},"end":{"line":174,"column":13}},"94":{"start":{"line":173,"column":16},"end":{"line":173,"column":41}},"95":{"start":{"line":176,"column":12},"end":{"line":176,"column":32}},"96":{"start":{"line":181,"column":4},"end":{"line":192,"column":5}},"97":{"start":{"line":182,"column":8},"end":{"line":191,"column":9}},"98":{"start":{"line":182,"column":20},"end":{"line":182,"column":21}},"99":{"start":{"line":183,"column":25},"end":{"line":186,"column":13}},"100":{"start":{"line":187,"column":12},"end":{"line":189,"column":13}},"101":{"start":{"line":188,"column":16},"end":{"line":188,"column":41}},"102":{"start":{"line":190,"column":12},"end":{"line":190,"column":32}},"103":{"start":{"line":194,"column":4},"end":{"line":194,"column":20}},"104":{"start":{"line":197,"column":25},"end":{"line":214,"column":1}},"105":{"start":{"line":198,"column":19},"end":{"line":198,"column":30}},"106":{"start":{"line":200,"column":21},"end":{"line":200,"column":99}},"107":{"start":{"line":202,"column":4},"end":{"line":202,"column":31}},"108":{"start":{"line":203,"column":4},"end":{"line":203,"column":39}},"109":{"start":{"line":204,"column":4},"end":{"line":204,"column":45}},"110":{"start":{"line":205,"column":4},"end":{"line":209,"column":5}},"111":{"start":{"line":206,"column":8},"end":{"line":206,"column":53}},"112":{"start":{"line":208,"column":8},"end":{"line":208,"column":52}},"113":{"start":{"line":210,"column":4},"end":{"line":210,"column":104}},"114":{"start":{"line":211,"column":4},"end":{"line":211,"column":53}},"115":{"start":{"line":213,"column":4},"end":{"line":213,"column":20}},"116":{"start":{"line":216,"column":18},"end":{"line":249,"column":1}},"117":{"start":{"line":217,"column":19},"end":{"line":217,"column":30}},"118":{"start":{"line":219,"column":26},"end":{"line":227,"column":5}},"119":{"start":{"line":230,"column":4},"end":{"line":232,"column":5}},"120":{"start":{"line":231,"column":8},"end":{"line":231,"column":49}},"121":{"start":{"line":234,"column":24},"end":{"line":234,"column":65}},"122":{"start":{"line":236,"column":24},"end":{"line":241,"column":5}},"123":{"start":{"line":243,"column":4},"end":{"line":248,"column":7}},"124":{"start":{"line":244,"column":8},"end":{"line":246,"column":9}},"125":{"start":{"line":245,"column":12},"end":{"line":245,"column":52}},"126":{"start":{"line":247,"column":8},"end":{"line":247,"column":20}},"127":{"start":{"line":252,"column":14},"end":{"line":259,"column":1}},"128":{"start":{"line":253,"column":4},"end":{"line":257,"column":5}},"129":{"start":{"line":254,"column":8},"end":{"line":256,"column":9}},"130":{"start":{"line":255,"column":12},"end":{"line":255,"column":22}},"131":{"start":{"line":258,"column":4},"end":{"line":258,"column":24}},"132":{"start":{"line":261,"column":14},"end":{"line":263,"column":1}},"133":{"start":{"line":262,"column":4},"end":{"line":262,"column":26}},"134":{"start":{"line":265,"column":15},"end":{"line":277,"column":1}},"135":{"start":{"line":266,"column":19},"end":{"line":266,"column":30}},"136":{"start":{"line":268,"column":4},"end":{"line":276,"column":7}},"137":{"start":{"line":270,"column":8},"end":{"line":272,"column":9}},"138":{"start":{"line":271,"column":12},"end":{"line":271,"column":59}},"139":{"start":{"line":275,"column":8},"end":{"line":275,"column":48}},"140":{"start":{"line":279,"column":23},"end":{"line":281,"column":1}},"141":{"start":{"line":280,"column":4},"end":{"line":280,"column":24}},"142":{"start":{"line":283,"column":29},"end":{"line":285,"column":1}},"143":{"start":{"line":284,"column":4},"end":{"line":284,"column":30}},"144":{"start":{"line":287,"column":20},"end":{"line":292,"column":1}},"145":{"start":{"line":288,"column":4},"end":{"line":290,"column":5}},"146":{"start":{"line":289,"column":8},"end":{"line":289,"column":60}},"147":{"start":{"line":291,"column":4},"end":{"line":291,"column":18}},"148":{"start":{"line":294,"column":22},"end":{"line":308,"column":1}},"149":{"start":{"line":296,"column":4},"end":{"line":296,"column":39}},"150":{"start":{"line":297,"column":4},"end":{"line":297,"column":39}},"151":{"start":{"line":298,"column":4},"end":{"line":298,"column":37}},"152":{"start":{"line":299,"column":4},"end":{"line":299,"column":41}},"153":{"start":{"line":300,"column":4},"end":{"line":300,"column":40}},"154":{"start":{"line":301,"column":4},"end":{"line":301,"column":40}},"155":{"start":{"line":302,"column":4},"end":{"line":302,"column":40}},"156":{"start":{"line":303,"column":4},"end":{"line":303,"column":39}},"157":{"start":{"line":304,"column":4},"end":{"line":304,"column":37}},"158":{"start":{"line":305,"column":4},"end":{"line":305,"column":40}},"159":{"start":{"line":306,"column":4},"end":{"line":306,"column":37}},"160":{"start":{"line":307,"column":4},"end":{"line":307,"column":36}},"161":{"start":{"line":310,"column":0},"end":{"line":333,"column":2}}},"fnMap":{"0":{"name":"(anonymous_0)","decl":{"start":{"line":21,"column":43},"end":{"line":21,"column":44}},"loc":{"start":{"line":21,"column":56},"end":{"line":27,"column":1}},"line":21},"1":{"name":"(anonymous_1)","decl":{"start":{"line":43,"column":17},"end":{"line":43,"column":18}},"loc":{"start":{"line":43,"column":29},"end":{"line":45,"column":1}},"line":43},"2":{"name":"(anonymous_2)","decl":{"start":{"line":48,"column":18},"end":{"line":48,"column":19}},"loc":{"start":{"line":48,"column":30},"end":{"line":50,"column":1}},"line":48},"3":{"name":"(anonymous_3)","decl":{"start":{"line":52,"column":22},"end":{"line":52,"column":23}},"loc":{"start":{"line":52,"column":33},"end":{"line":61,"column":1}},"line":52},"4":{"name":"(anonymous_4)","decl":{"start":{"line":63,"column":21},"end":{"line":63,"column":22}},"loc":{"start":{"line":63,"column":32},"end":{"line":73,"column":1}},"line":63},"5":{"name":"(anonymous_5)","decl":{"start":{"line":75,"column":21},"end":{"line":75,"column":22}},"loc":{"start":{"line":75,"column":32},"end":{"line":83,"column":1}},"line":75},"6":{"name":"(anonymous_6)","decl":{"start":{"line":85,"column":20},"end":{"line":85,"column":21}},"loc":{"start":{"line":85,"column":31},"end":{"line":90,"column":1}},"line":85},"7":{"name":"(anonymous_7)","decl":{"start":{"line":93,"column":27},"end":{"line":93,"column":28}},"loc":{"start":{"line":93,"column":45},"end":{"line":119,"column":1}},"line":93},"8":{"name":"(anonymous_8)","decl":{"start":{"line":99,"column":57},"end":{"line":99,"column":58}},"loc":{"start":{"line":99,"column":76},"end":{"line":118,"column":5}},"line":99},"9":{"name":"(anonymous_9)","decl":{"start":{"line":104,"column":35},"end":{"line":104,"column":36}},"loc":{"start":{"line":104,"column":55},"end":{"line":115,"column":9}},"line":104},"10":{"name":"(anonymous_10)","decl":{"start":{"line":115,"column":11},"end":{"line":115,"column":12}},"loc":{"start":{"line":115,"column":17},"end":{"line":117,"column":9}},"line":115},"11":{"name":"(anonymous_11)","decl":{"start":{"line":121,"column":26},"end":{"line":121,"column":27}},"loc":{"start":{"line":121,"column":51},"end":{"line":128,"column":1}},"line":121},"12":{"name":"(anonymous_12)","decl":{"start":{"line":130,"column":27},"end":{"line":130,"column":28}},"loc":{"start":{"line":130,"column":42},"end":{"line":140,"column":1}},"line":130},"13":{"name":"(anonymous_13)","decl":{"start":{"line":142,"column":18},"end":{"line":142,"column":19}},"loc":{"start":{"line":142,"column":24},"end":{"line":144,"column":1}},"line":142},"14":{"name":"(anonymous_14)","decl":{"start":{"line":143,"column":81},"end":{"line":143,"column":82}},"loc":{"start":{"line":143,"column":89},"end":{"line":143,"column":179}},"line":143},"15":{"name":"(anonymous_15)","decl":{"start":{"line":146,"column":18},"end":{"line":146,"column":19}},"loc":{"start":{"line":146,"column":52},"end":{"line":195,"column":1}},"line":146},"16":{"name":"(anonymous_16)","decl":{"start":{"line":197,"column":25},"end":{"line":197,"column":26}},"loc":{"start":{"line":197,"column":37},"end":{"line":214,"column":1}},"line":197},"17":{"name":"(anonymous_17)","decl":{"start":{"line":216,"column":18},"end":{"line":216,"column":19}},"loc":{"start":{"line":216,"column":41},"end":{"line":249,"column":1}},"line":216},"18":{"name":"(anonymous_18)","decl":{"start":{"line":243,"column":38},"end":{"line":243,"column":39}},"loc":{"start":{"line":243,"column":55},"end":{"line":248,"column":5}},"line":243},"19":{"name":"(anonymous_19)","decl":{"start":{"line":252,"column":14},"end":{"line":252,"column":15}},"loc":{"start":{"line":252,"column":22},"end":{"line":259,"column":1}},"line":252},"20":{"name":"(anonymous_20)","decl":{"start":{"line":261,"column":14},"end":{"line":261,"column":15}},"loc":{"start":{"line":261,"column":20},"end":{"line":263,"column":1}},"line":261},"21":{"name":"(anonymous_21)","decl":{"start":{"line":265,"column":15},"end":{"line":265,"column":16}},"loc":{"start":{"line":265,"column":26},"end":{"line":277,"column":1}},"line":265},"22":{"name":"(anonymous_22)","decl":{"start":{"line":269,"column":10},"end":{"line":269,"column":11}},"loc":{"start":{"line":269,"column":24},"end":{"line":273,"column":5}},"line":269},"23":{"name":"(anonymous_23)","decl":{"start":{"line":274,"column":11},"end":{"line":274,"column":12}},"loc":{"start":{"line":274,"column":20},"end":{"line":276,"column":5}},"line":274},"24":{"name":"(anonymous_24)","decl":{"start":{"line":279,"column":23},"end":{"line":279,"column":24}},"loc":{"start":{"line":279,"column":29},"end":{"line":281,"column":1}},"line":279},"25":{"name":"(anonymous_25)","decl":{"start":{"line":283,"column":29},"end":{"line":283,"column":30}},"loc":{"start":{"line":283,"column":39},"end":{"line":285,"column":1}},"line":283},"26":{"name":"(anonymous_26)","decl":{"start":{"line":287,"column":20},"end":{"line":287,"column":21}},"loc":{"start":{"line":287,"column":32},"end":{"line":292,"column":1}},"line":287},"27":{"name":"(anonymous_27)","decl":{"start":{"line":294,"column":22},"end":{"line":294,"column":23}},"loc":{"start":{"line":294,"column":31},"end":{"line":308,"column":1}},"line":294}},"branchMap":{"0":{"loc":{"start":{"line":53,"column":4},"end":{"line":59,"column":5}},"type":"if","locations":[{"start":{"line":53,"column":4},"end":{"line":59,"column":5}},{"start":{},"end":{}}],"line":53},"1":{"loc":{"start":{"line":55,"column":12},"end":{"line":57,"column":13}},"type":"if","locations":[{"start":{"line":55,"column":12},"end":{"line":57,"column":13}},{"start":{},"end":{}}],"line":55},"2":{"loc":{"start":{"line":64,"column":4},"end":{"line":72,"column":5}},"type":"if","locations":[{"start":{"line":64,"column":4},"end":{"line":72,"column":5}},{"start":{"line":70,"column":9},"end":{"line":72,"column":5}}],"line":64},"3":{"loc":{"start":{"line":76,"column":4},"end":{"line":78,"column":5}},"type":"if","locations":[{"start":{"line":76,"column":4},"end":{"line":78,"column":5}},{"start":{},"end":{}}],"line":76},"4":{"loc":{"start":{"line":76,"column":7},"end":{"line":76,"column":30}},"type":"binary-expr","locations":[{"start":{"line":76,"column":7},"end":{"line":76,"column":12}},{"start":{"line":76,"column":16},"end":{"line":76,"column":30}}],"line":76},"5":{"loc":{"start":{"line":79,"column":4},"end":{"line":81,"column":5}},"type":"if","locations":[{"start":{"line":79,"column":4},"end":{"line":81,"column":5}},{"start":{},"end":{}}],"line":79},"6":{"loc":{"start":{"line":79,"column":7},"end":{"line":79,"column":32}},"type":"binary-expr","locations":[{"start":{"line":79,"column":7},"end":{"line":79,"column":12}},{"start":{"line":79,"column":16},"end":{"line":79,"column":32}}],"line":79},"7":{"loc":{"start":{"line":86,"column":4},"end":{"line":88,"column":5}},"type":"if","locations":[{"start":{"line":86,"column":4},"end":{"line":88,"column":5}},{"start":{},"end":{}}],"line":86},"8":{"loc":{"start":{"line":86,"column":7},"end":{"line":86,"column":41}},"type":"binary-expr","locations":[{"start":{"line":86,"column":7},"end":{"line":86,"column":23}},{"start":{"line":86,"column":27},"end":{"line":86,"column":41}}],"line":86},"9":{"loc":{"start":{"line":101,"column":8},"end":{"line":103,"column":9}},"type":"if","locations":[{"start":{"line":101,"column":8},"end":{"line":103,"column":9}},{"start":{},"end":{}}],"line":101},"10":{"loc":{"start":{"line":107,"column":12},"end":{"line":109,"column":13}},"type":"if","locations":[{"start":{"line":107,"column":12},"end":{"line":109,"column":13}},{"start":{},"end":{}}],"line":107},"11":{"loc":{"start":{"line":123,"column":4},"end":{"line":126,"column":5}},"type":"if","locations":[{"start":{"line":123,"column":4},"end":{"line":126,"column":5}},{"start":{},"end":{}}],"line":123},"12":{"loc":{"start":{"line":150,"column":4},"end":{"line":152,"column":5}},"type":"if","locations":[{"start":{"line":150,"column":4},"end":{"line":152,"column":5}},{"start":{},"end":{}}],"line":150},"13":{"loc":{"start":{"line":166,"column":8},"end":{"line":177,"column":9}},"type":"if","locations":[{"start":{"line":166,"column":8},"end":{"line":177,"column":9}},{"start":{},"end":{}}],"line":166},"14":{"loc":{"start":{"line":172,"column":12},"end":{"line":174,"column":13}},"type":"if","locations":[{"start":{"line":172,"column":12},"end":{"line":174,"column":13}},{"start":{},"end":{}}],"line":172},"15":{"loc":{"start":{"line":181,"column":4},"end":{"line":192,"column":5}},"type":"if","locations":[{"start":{"line":181,"column":4},"end":{"line":192,"column":5}},{"start":{},"end":{}}],"line":181},"16":{"loc":{"start":{"line":187,"column":12},"end":{"line":189,"column":13}},"type":"if","locations":[{"start":{"line":187,"column":12},"end":{"line":189,"column":13}},{"start":{},"end":{}}],"line":187},"17":{"loc":{"start":{"line":205,"column":4},"end":{"line":209,"column":5}},"type":"if","locations":[{"start":{"line":205,"column":4},"end":{"line":209,"column":5}},{"start":{"line":207,"column":9},"end":{"line":209,"column":5}}],"line":205},"18":{"loc":{"start":{"line":230,"column":4},"end":{"line":232,"column":5}},"type":"if","locations":[{"start":{"line":230,"column":4},"end":{"line":232,"column":5}},{"start":{},"end":{}}],"line":230},"19":{"loc":{"start":{"line":244,"column":8},"end":{"line":246,"column":9}},"type":"if","locations":[{"start":{"line":244,"column":8},"end":{"line":246,"column":9}},{"start":{},"end":{}}],"line":244},"20":{"loc":{"start":{"line":253,"column":4},"end":{"line":257,"column":5}},"type":"if","locations":[{"start":{"line":253,"column":4},"end":{"line":257,"column":5}},{"start":{},"end":{}}],"line":253},"21":{"loc":{"start":{"line":254,"column":8},"end":{"line":256,"column":9}},"type":"if","locations":[{"start":{"line":254,"column":8},"end":{"line":256,"column":9}},{"start":{},"end":{}}],"line":254},"22":{"loc":{"start":{"line":270,"column":8},"end":{"line":272,"column":9}},"type":"if","locations":[{"start":{"line":270,"column":8},"end":{"line":272,"column":9}},{"start":{},"end":{}}],"line":270},"23":{"loc":{"start":{"line":288,"column":4},"end":{"line":290,"column":5}},"type":"if","locations":[{"start":{"line":288,"column":4},"end":{"line":290,"column":5}},{"start":{},"end":{}}],"line":288}},"s":{"0":2,"1":2,"2":2,"3":2,"4":2,"5":2,"6":2,"7":2,"8":2,"9":2,"10":2,"11":2,"12":2,"13":2,"14":2,"15":2,"16":2,"17":500,"18":500,"19":500,"20":2,"21":2,"22":2,"23":0,"24":2,"25":15,"26":2,"27":0,"28":0,"29":0,"30":0,"31":0,"32":2,"33":3,"34":3,"35":3,"36":0,"37":0,"38":2,"39":3,"40":0,"41":3,"42":0,"43":3,"44":2,"45":6,"46":3,"47":3,"48":2,"49":0,"50":0,"51":0,"52":0,"53":0,"54":0,"55":0,"56":0,"57":0,"58":0,"59":0,"60":0,"61":0,"62":0,"63":0,"64":0,"65":0,"66":0,"67":2,"68":0,"69":0,"70":0,"71":0,"72":2,"73":0,"74":0,"75":0,"76":0,"77":0,"78":2,"79":0,"80":0,"81":2,"82":0,"83":0,"84":0,"85":0,"86":0,"87":0,"88":0,"89":0,"90":0,"91":0,"92":0,"93":0,"94":0,"95":0,"96":0,"97":0,"98":0,"99":0,"100":0,"101":0,"102":0,"103":0,"104":2,"105":0,"106":0,"107":0,"108":0,"109":0,"110":0,"111":0,"112":0,"113":0,"114":0,"115":0,"116":2,"117":0,"118":0,"119":0,"120":0,"121":0,"122":0,"123":0,"124":0,"125":0,"126":0,"127":2,"128":0,"129":0,"130":0,"131":0,"132":2,"133":0,"134":2,"135":0,"136":0,"137":0,"138":0,"139":0,"140":2,"141":2,"142":2,"143":0,"144":2,"145":0,"146":0,"147":0,"148":2,"149":0,"150":0,"151":0,"152":0,"153":0,"154":0,"155":0,"156":0,"157":0,"158":0,"159":0,"160":0,"161":2},"f":{"0":500,"1":0,"2":15,"3":0,"4":3,"5":3,"6":6,"7":0,"8":0,"9":0,"10":0,"11":0,"12":0,"13":0,"14":0,"15":0,"16":0,"17":0,"18":0,"19":0,"20":0,"21":0,"22":0,"23":0,"24":2,"25":0,"26":0,"27":0},"b":{"0":[0,0],"1":[0,0],"2":[3,0],"3":[0,3],"4":[3,3],"5":[0,3],"6":[3,3],"7":[3,3],"8":[6,6],"9":[0,0],"10":[0,0],"11":[0,0],"12":[0,0],"13":[0,0],"14":[0,0],"15":[0,0],"16":[0,0],"17":[0,0],"18":[0,0],"19":[0,0],"20":[0,0],"21":[0,0],"22":[0,0],"23":[0,0]},"_coverageSchema":"1a1c01bbd47fc00a2c39e90264f33305004495a9","hash":"0dd740e404f2fcdd423c54371d5b1ce132106c3e"}
[...]
,"C:\\Users\\ingrid.echeverri_pra\\Documents\\Uni\\tecnicas-pruebas\\expressCart\\routes\\transactions.js": {"path":"C:\\Users\\ingrid.echeverri_pra\\Documents\\Uni\\tecnicas-pruebas\\expressCart\\routes\\transactions.js","statementMap":{"0":{"start":{"line":1,"column":16},"end":{"line":1,"column":34}},"1":{"start":{"line":2,"column":21},"end":{"line":2,"column":43}},"2":{"start":{"line":3,"column":17},"end":{"line":3,"column":44}},"3":{"start":{"line":7,"column":4},"end":{"line":7,"column":28}},"4":{"start":{"line":8,"column":25},"end":{"line":8,"column":51}},"5":{"start":{"line":9,"column":15},"end":{"line":9,"column":31}},"6":{"start":{"line":11,"column":0},"end":{"line":34,"column":3}},"7":{"start":{"line":12,"column":18},"end":{"line":12,"column":19}},"8":{"start":{"line":13,"column":4},"end":{"line":15,"column":5}},"9":{"start":{"line":14,"column":8},"end":{"line":14,"column":34}},"10":{"start":{"line":18,"column":25},"end":{"line":18,"column":101}},"11":{"start":{"line":20,"column":4},"end":{"line":33,"column":7}},"12":{"start":{"line":36,"column":0},"end":{"line":66,"column":3}},"13":{"start":{"line":37,"column":15},"end":{"line":37,"column":25}},"14":{"start":{"line":38,"column":23},"end":{"line":38,"column":40}},"15":{"start":{"line":39,"column":30},"end":{"line":39,"column":55}},"16":{"start":{"line":41,"column":24},"end":{"line":41,"column":26}},"17":{"start":{"line":42,"column":4},"end":{"line":44,"column":7}},"18":{"start":{"line":43,"column":8},"end":{"line":43,"column":40}},"19":{"start":{"line":47,"column":20},"end":{"line":47,"column":109}},"20":{"start":{"line":49,"column":4},"end":{"line":52,"column":5}},"21":{"start":{"line":50,"column":8},"end":{"line":50,"column":38}},"22":{"start":{"line":51,"column":8},"end":{"line":51,"column":15}},"23":{"start":{"line":54,"column":4},"end":{"line":65,"column":7}},"24":{"start":{"line":68,"column":0},"end":{"line":90,"column":3}},"25":{"start":{"line":69,"column":15},"end":{"line":69,"column":25}},"26":{"start":{"line":72,"column":24},"end":{"line":72,"column":87}},"27":{"start":{"line":74,"column":4},"end":{"line":77,"column":5}},"28":{"start":{"line":75,"column":8},"end":{"line":75,"column":42}},"29":{"start":{"line":76,"column":8},"end":{"line":76,"column":15}},"30":{"start":{"line":79,"column":4},"end":{"line":89,"column":7}},"31":{"start":{"line":92,"column":0},"end":{"line":92,"column":24}}},"fnMap":{"0":{"name":"(anonymous_0)","decl":{"start":{"line":11,"column":51},"end":{"line":11,"column":52}},"loc":{"start":{"line":11,"column":77},"end":{"line":34,"column":1}},"line":11},"1":{"name":"(anonymous_1)","decl":{"start":{"line":36,"column":59},"end":{"line":36,"column":60}},"loc":{"start":{"line":36,"column":85},"end":{"line":66,"column":1}},"line":36},"2":{"name":"(anonymous_2)","decl":{"start":{"line":42,"column":49},"end":{"line":42,"column":50}},"loc":{"start":{"line":42,"column":57},"end":{"line":44,"column":5}},"line":42},"3":{"name":"(anonymous_3)","decl":{"start":{"line":68,"column":47},"end":{"line":68,"column":48}},"loc":{"start":{"line":68,"column":73},"end":{"line":90,"column":1}},"line":68}},"branchMap":{"0":{"loc":{"start":{"line":13,"column":4},"end":{"line":15,"column":5}},"type":"if","locations":[{"start":{"line":13,"column":4},"end":{"line":15,"column":5}},{"start":{},"end":{}}],"line":13},"1":{"loc":{"start":{"line":49,"column":4},"end":{"line":52,"column":5}},"type":"if","locations":[{"start":{"line":49,"column":4},"end":{"line":52,"column":5}},{"start":{},"end":{}}],"line":49},"2":{"loc":{"start":{"line":74,"column":4},"end":{"line":77,"column":5}},"type":"if","locations":[{"start":{"line":74,"column":4},"end":{"line":77,"column":5}},{"start":{},"end":{}}],"line":74}},"s":{"0":2,"1":2,"2":2,"3":2,"4":2,"5":2,"6":2,"7":0,"8":0,"9":0,"10":0,"11":0,"12":2,"13":0,"14":0,"15":0,"16":0,"17":0,"18":0,"19":0,"20":0,"21":0,"22":0,"23":0,"24":2,"25":0,"26":0,"27":0,"28":0,"29":0,"30":0,"31":2},"f":{"0":0,"1":0,"2":0,"3":0},"b":{"0":[0,0],"1":[0,0],"2":[0,0]},"_coverageSchema":"1a1c01bbd47fc00a2c39e90264f33305004495a9","hash":"635387b60121b4c8ce1ed081de6d37f15b2b61b7"}
,"C:\\Users\\ingrid.echeverri_pra\\Documents\\Uni\\tecnicas-pruebas\\expressCart\\routes\\user.js": {"path":"C:\\Users\\ingrid.echeverri_pra\\Documents\\Uni\\tecnicas-pruebas\\expressCart\\routes\\user.js","statementMap":{"0":{"start":{"line":1,"column":16},"end":{"line":1,"column":34}},"1":{"start":{"line":2,"column":21},"end":{"line":2,"column":43}},"2":{"start":{"line":3,"column":37},"end":{"line":3,"column":61}},"3":{"start":{"line":4,"column":15},"end":{"line":4,"column":32}},"4":{"start":{"line":5,"column":15},"end":{"line":5,"column":34}},"5":{"start":{"line":6,"column":25},"end":{"line":6,"column":49}},"6":{"start":{"line":7,"column":15},"end":{"line":7,"column":31}},"7":{"start":{"line":9,"column":0},"end":{"line":29,"column":3}},"8":{"start":{"line":10,"column":15},"end":{"line":10,"column":25}},"9":{"start":{"line":11,"column":18},"end":{"line":11,"column":88}},"10":{"start":{"line":13,"column":4},"end":{"line":16,"column":5}},"11":{"start":{"line":14,"column":8},"end":{"line":14,"column":36}},"12":{"start":{"line":15,"column":8},"end":{"line":15,"column":15}},"13":{"start":{"line":18,"column":4},"end":{"line":28,"column":7}},"14":{"start":{"line":32,"column":0},"end":{"line":73,"column":3}},"15":{"start":{"line":33,"column":15},"end":{"line":33,"column":25}},"16":{"start":{"line":34,"column":17},"end":{"line":34,"column":70}},"17":{"start":{"line":37,"column":4},"end":{"line":47,"column":5}},"18":{"start":{"line":38,"column":8},"end":{"line":41,"column":9}},"19":{"start":{"line":39,"column":12},"end":{"line":39,"column":64}},"20":{"start":{"line":40,"column":12},"end":{"line":40,"column":19}},"21":{"start":{"line":43,"column":8},"end":{"line":43,"column":47}},"22":{"start":{"line":44,"column":8},"end":{"line":44,"column":43}},"23":{"start":{"line":45,"column":8},"end":{"line":45,"column":37}},"24":{"start":{"line":46,"column":8},"end":{"line":46,"column":15}},"25":{"start":{"line":51,"column":4},"end":{"line":61,"column":5}},"26":{"start":{"line":52,"column":8},"end":{"line":55,"column":9}},"27":{"start":{"line":53,"column":12},"end":{"line":53,"column":63}},"28":{"start":{"line":54,"column":12},"end":{"line":54,"column":19}},"29":{"start":{"line":57,"column":8},"end":{"line":57,"column":46}},"30":{"start":{"line":58,"column":8},"end":{"line":58,"column":43}},"31":{"start":{"line":59,"column":8},"end":{"line":59,"column":37}},"32":{"start":{"line":60,"column":8},"end":{"line":60,"column":15}},"33":{"start":{"line":63,"column":4},"end":{"line":72,"column":7}},"34":{"start":{"line":76,"column":0},"end":{"line":86,"column":3}},"35":{"start":{"line":77,"column":4},"end":{"line":85,"column":7}},"36":{"start":{"line":89,"column":0},"end":{"line":127,"column":3}},"37":{"start":{"line":90,"column":15},"end":{"line":90,"column":25}},"38":{"start":{"line":93,"column":4},"end":{"line":96,"column":5}},"39":{"start":{"line":94,"column":8},"end":{"line":94,"column":59}},"40":{"start":{"line":95,"column":8},"end":{"line":95,"column":15}},"41":{"start":{"line":99,"column":4},"end":{"line":102,"column":5}},"42":{"start":{"line":100,"column":8},"end":{"line":100,"column":79}},"43":{"start":{"line":101,"column":8},"end":{"line":101,"column":15}},"44":{"start":{"line":104,"column":17},"end":{"line":104,"column":72}},"45":{"start":{"line":107,"column":4},"end":{"line":110,"column":5}},"46":{"start":{"line":108,"column":8},"end":{"line":108,"column":61}},"47":{"start":{"line":109,"column":8},"end":{"line":109,"column":15}},"48":{"start":{"line":113,"column":4},"end":{"line":116,"column":5}},"49":{"start":{"line":114,"column":8},"end":{"line":114,"column":60}},"50":{"start":{"line":115,"column":8},"end":{"line":115,"column":15}},"51":{"start":{"line":118,"column":4},"end":{"line":126,"column":5}},"52":{"start":{"line":119,"column":8},"end":{"line":119,"column":70}},"53":{"start":{"line":120,"column":8},"end":{"line":120,"column":59}},"54":{"start":{"line":121,"column":8},"end":{"line":121,"column":15}},"55":{"start":{"line":123,"column":8},"end":{"line":123,"column":49}},"56":{"start":{"line":124,"column":8},"end":{"line":124,"column":64}},"57":{"start":{"line":125,"column":8},"end":{"line":125,"column":15}},"58":{"start":{"line":130,"column":0},"end":{"line":196,"column":3}},"59":{"start":{"line":131,"column":15},"end":{"line":131,"column":25}},"60":{"start":{"line":133,"column":18},"end":{"line":133,"column":45}},"61":{"start":{"line":136,"column":17},"end":{"line":136,"column":72}},"62":{"start":{"line":139,"column":4},"end":{"line":142,"column":5}},"63":{"start":{"line":140,"column":8},"end":{"line":140,"column":60}},"64":{"start":{"line":141,"column":8},"end":{"line":141,"column":15}},"65":{"start":{"line":145,"column":4},"end":{"line":147,"column":5}},"66":{"start":{"line":146,"column":8},"end":{"line":146,"column":31}},"67":{"start":{"line":151,"column":4},"end":{"line":154,"column":5}},"68":{"start":{"line":152,"column":8},"end":{"line":152,"column":59}},"69":{"start":{"line":153,"column":8},"end":{"line":153,"column":15}},"70":{"start":{"line":157,"column":22},"end":{"line":157,"column":24}},"71":{"start":{"line":158,"column":4},"end":{"line":158,"column":32}},"72":{"start":{"line":159,"column":4},"end":{"line":161,"column":5}},"73":{"start":{"line":160,"column":8},"end":{"line":160,"column":49}},"74":{"start":{"line":162,"column":4},"end":{"line":164,"column":5}},"75":{"start":{"line":163,"column":8},"end":{"line":163,"column":49}},"76":{"start":{"line":165,"column":4},"end":{"line":167,"column":5}},"77":{"start":{"line":166,"column":8},"end":{"line":166,"column":72}},"78":{"start":{"line":170,"column":25},"end":{"line":170,"column":60}},"79":{"start":{"line":171,"column":4},"end":{"line":177,"column":5}},"80":{"start":{"line":172,"column":8},"end":{"line":175,"column":11}},"81":{"start":{"line":176,"column":8},"end":{"line":176,"column":15}},"82":{"start":{"line":179,"column":4},"end":{"line":195,"column":5}},"83":{"start":{"line":180,"column":28},"end":{"line":185,"column":9}},"84":{"start":{"line":187,"column":27},"end":{"line":187,"column":44}},"85":{"start":{"line":188,"column":8},"end":{"line":188,"column":39}},"86":{"start":{"line":189,"column":8},"end":{"line":189,"column":33}},"87":{"start":{"line":190,"column":8},"end":{"line":190,"column":91}},"88":{"start":{"line":191,"column":8},"end":{"line":191,"column":15}},"89":{"start":{"line":193,"column":8},"end":{"line":193,"column":65}},"90":{"start":{"line":194,"column":8},"end":{"line":194,"column":67}},"91":{"start":{"line":199,"column":0},"end":{"line":243,"column":3}},"92":{"start":{"line":200,"column":15},"end":{"line":200,"column":25}},"93":{"start":{"line":203,"column":22},"end":{"line":203,"column":55}},"94":{"start":{"line":204,"column":18},"end":{"line":204,"column":23}},"95":{"start":{"line":207,"column":4},"end":{"line":209,"column":5}},"96":{"start":{"line":208,"column":8},"end":{"line":208,"column":23}},"97":{"start":{"line":211,"column":20},"end":{"line":216,"column":5}},"98":{"start":{"line":219,"column":25},"end":{"line":219,"column":57}},"99":{"start":{"line":220,"column":4},"end":{"line":223,"column":5}},"100":{"start":{"line":221,"column":8},"end":{"line":221,"column":110}},"101":{"start":{"line":222,"column":8},"end":{"line":222,"column":15}},"102":{"start":{"line":226,"column":17},"end":{"line":226,"column":74}},"103":{"start":{"line":227,"column":4},"end":{"line":231,"column":5}},"104":{"start":{"line":228,"column":8},"end":{"line":228,"column":84}},"105":{"start":{"line":229,"column":8},"end":{"line":229,"column":91}},"106":{"start":{"line":230,"column":8},"end":{"line":230,"column":15}},"107":{"start":{"line":233,"column":4},"end":{"line":242,"column":5}},"108":{"start":{"line":234,"column":24},"end":{"line":234,"column":57}},"109":{"start":{"line":235,"column":8},"end":{"line":238,"column":11}},"110":{"start":{"line":240,"column":8},"end":{"line":240,"column":66}},"111":{"start":{"line":241,"column":8},"end":{"line":241,"column":70}},"112":{"start":{"line":245,"column":0},"end":{"line":245,"column":24}}},"fnMap":{"0":{"name":"(anonymous_0)","decl":{"start":{"line":9,"column":37},"end":{"line":9,"column":38}},"loc":{"start":{"line":9,"column":57},"end":{"line":29,"column":1}},"line":9},"1":{"name":"(anonymous_1)","decl":{"start":{"line":32,"column":45},"end":{"line":32,"column":46}},"loc":{"start":{"line":32,"column":65},"end":{"line":73,"column":1}},"line":32},"2":{"name":"(anonymous_2)","decl":{"start":{"line":76,"column":40},"end":{"line":76,"column":41}},"loc":{"start":{"line":76,"column":54},"end":{"line":86,"column":1}},"line":76},"3":{"name":"(anonymous_3)","decl":{"start":{"line":89,"column":44},"end":{"line":89,"column":45}},"loc":{"start":{"line":89,"column":64},"end":{"line":127,"column":1}},"line":89},"4":{"name":"(anonymous_4)","decl":{"start":{"line":130,"column":44},"end":{"line":130,"column":45}},"loc":{"start":{"line":130,"column":64},"end":{"line":196,"column":1}},"line":130},"5":{"name":"(anonymous_5)","decl":{"start":{"line":199,"column":44},"end":{"line":199,"column":45}},"loc":{"start":{"line":199,"column":64},"end":{"line":243,"column":1}},"line":199}},"branchMap":{"0":{"loc":{"start":{"line":13,"column":4},"end":{"line":16,"column":5}},"type":"if","locations":[{"start":{"line":13,"column":4},"end":{"line":16,"column":5}},{"start":{},"end":{}}],"line":13},"1":{"loc":{"start":{"line":37,"column":4},"end":{"line":47,"column":5}},"type":"if","locations":[{"start":{"line":37,"column":4},"end":{"line":47,"column":5}},{"start":{},"end":{}}],"line":37},"2":{"loc":{"start":{"line":38,"column":8},"end":{"line":41,"column":9}},"type":"if","locations":[{"start":{"line":38,"column":8},"end":{"line":41,"column":9}},{"start":{},"end":{}}],"line":38},"3":{"loc":{"start":{"line":51,"column":4},"end":{"line":61,"column":5}},"type":"if","locations":[{"start":{"line":51,"column":4},"end":{"line":61,"column":5}},{"start":{},"end":{}}],"line":51},"4":{"loc":{"start":{"line":51,"column":7},"end":{"line":51,"column":75}},"type":"binary-expr","locations":[{"start":{"line":51,"column":7},"end":{"line":51,"column":42}},{"start":{"line":51,"column":46},"end":{"line":51,"column":75}}],"line":51},"5":{"loc":{"start":{"line":52,"column":8},"end":{"line":55,"column":9}},"type":"if","locations":[{"start":{"line":52,"column":8},"end":{"line":55,"column":9}},{"start":{},"end":{}}],"line":52},"6":{"loc":{"start":{"line":93,"column":4},"end":{"line":96,"column":5}},"type":"if","locations":[{"start":{"line":93,"column":4},"end":{"line":96,"column":5}},{"start":{},"end":{}}],"line":93},"7":{"loc":{"start":{"line":99,"column":4},"end":{"line":102,"column":5}},"type":"if","locations":[{"start":{"line":99,"column":4},"end":{"line":102,"column":5}},{"start":{},"end":{}}],"line":99},"8":{"loc":{"start":{"line":107,"column":4},"end":{"line":110,"column":5}},"type":"if","locations":[{"start":{"line":107,"column":4},"end":{"line":110,"column":5}},{"start":{},"end":{}}],"line":107},"9":{"loc":{"start":{"line":113,"column":4},"end":{"line":116,"column":5}},"type":"if","locations":[{"start":{"line":113,"column":4},"end":{"line":116,"column":5}},{"start":{},"end":{}}],"line":113},"10":{"loc":{"start":{"line":139,"column":4},"end":{"line":142,"column":5}},"type":"if","locations":[{"start":{"line":139,"column":4},"end":{"line":142,"column":5}},{"start":{},"end":{}}],"line":139},"11":{"loc":{"start":{"line":145,"column":4},"end":{"line":147,"column":5}},"type":"if","locations":[{"start":{"line":145,"column":4},"end":{"line":147,"column":5}},{"start":{},"end":{}}],"line":145},"12":{"loc":{"start":{"line":151,"column":4},"end":{"line":154,"column":5}},"type":"if","locations":[{"start":{"line":151,"column":4},"end":{"line":154,"column":5}},{"start":{},"end":{}}],"line":151},"13":{"loc":{"start":{"line":151,"column":7},"end":{"line":151,"column":75}},"type":"binary-expr","locations":[{"start":{"line":151,"column":7},"end":{"line":151,"column":42}},{"start":{"line":151,"column":46},"end":{"line":151,"column":75}}],"line":151},"14":{"loc":{"start":{"line":159,"column":4},"end":{"line":161,"column":5}},"type":"if","locations":[{"start":{"line":159,"column":4},"end":{"line":161,"column":5}},{"start":{},"end":{}}],"line":159},"15":{"loc":{"start":{"line":162,"column":4},"end":{"line":164,"column":5}},"type":"if","locations":[{"start":{"line":162,"column":4},"end":{"line":164,"column":5}},{"start":{},"end":{}}],"line":162},"16":{"loc":{"start":{"line":165,"column":4},"end":{"line":167,"column":5}},"type":"if","locations":[{"start":{"line":165,"column":4},"end":{"line":167,"column":5}},{"start":{},"end":{}}],"line":165},"17":{"loc":{"start":{"line":171,"column":4},"end":{"line":177,"column":5}},"type":"if","locations":[{"start":{"line":171,"column":4},"end":{"line":177,"column":5}},{"start":{},"end":{}}],"line":171},"18":{"loc":{"start":{"line":207,"column":4},"end":{"line":209,"column":5}},"type":"if","locations":[{"start":{"line":207,"column":4},"end":{"line":209,"column":5}},{"start":{},"end":{}}],"line":207},"19":{"loc":{"start":{"line":220,"column":4},"end":{"line":223,"column":5}},"type":"if","locations":[{"start":{"line":220,"column":4},"end":{"line":223,"column":5}},{"start":{},"end":{}}],"line":220},"20":{"loc":{"start":{"line":227,"column":4},"end":{"line":231,"column":5}},"type":"if","locations":[{"start":{"line":227,"column":4},"end":{"line":231,"column":5}},{"start":{},"end":{}}],"line":227}},"s":{"0":2,"1":2,"2":2,"3":2,"4":2,"5":2,"6":2,"7":2,"8":0,"9":0,"10":0,"11":0,"12":0,"13":0,"14":2,"15":0,"16":0,"17":0,"18":0,"19":0,"20":0,"21":0,"22":0,"23":0,"24":0,"25":0,"26":0,"27":0,"28":0,"29":0,"30":0,"31":0,"32":0,"33":0,"34":2,"35":0,"36":2,"37":0,"38":0,"39":0,"40":0,"41":0,"42":0,"43":0,"44":0,"45":0,"46":0,"47":0,"48":0,"49":0,"50":0,"51":0,"52":0,"53":0,"54":0,"55":0,"56":0,"57":0,"58":2,"59":0,"60":0,"61":0,"62":0,"63":0,"64":0,"65":0,"66":0,"67":0,"68":0,"69":0,"70":0,"71":0,"72":0,"73":0,"74":0,"75":0,"76":0,"77":0,"78":0,"79":0,"80":0,"81":0,"82":0,"83":0,"84":0,"85":0,"86":0,"87":0,"88":0,"89":0,"90":0,"91":2,"92":0,"93":0,"94":0,"95":0,"96":0,"97":0,"98":0,"99":0,"100":0,"101":0,"102":0,"103":0,"104":0,"105":0,"106":0,"107":0,"108":0,"109":0,"110":0,"111":0,"112":2},"f":{"0":0,"1":0,"2":0,"3":0,"4":0,"5":0},"b":{"0":[0,0],"1":[0,0],"2":[0,0],"3":[0,0],"4":[0,0],"5":[0,0],"6":[0,0],"7":[0,0],"8":[0,0],"9":[0,0],"10":[0,0],"11":[0,0],"12":[0,0],"13":[0,0],"14":[0,0],"15":[0,0],"16":[0,0],"17":[0,0],"18":[0,0],"19":[0,0],"20":[0,0]},"_coverageSchema":"1a1c01bbd47fc00a2c39e90264f33305004495a9","hash":"7b996084ab6fc51e28deca6d9251f284896ea14e"}
}
