{"C:\\My Little World\\University\\Semestre 7\\Tecnicas de Pruebas de Software\\expressCart-master\\lib\\cart.js": {"path":"C:\\My Little World\\University\\Semestre 7\\Tecnicas de Pruebas de Software\\expressCart-master\\lib\\cart.js","statementMap":{"0":{"start":{"line":3,"column":4},"end":{"line":3,"column":23}},"1":{"start":{"line":60,"column":32},"end":{"line":74,"column":1}},"2":{"start":{"line":62,"column":4},"end":{"line":65,"column":5}},"3":{"start":{"line":63,"column":8},"end":{"line":63,"column":44}},"4":{"start":{"line":64,"column":8},"end":{"line":64,"column":15}},"5":{"start":{"line":67,"column":4},"end":{"line":73,"column":7}},"6":{"start":{"line":68,"column":8},"end":{"line":72,"column":9}},"7":{"start":{"line":69,"column":12},"end":{"line":69,"column":86}},"8":{"start":{"line":71,"column":12},"end":{"line":71,"column":48}},"9":{"start":{"line":117,"column":0},"end":{"line":121,"column":2}}},"fnMap":{"0":{"name":"(anonymous_0)","decl":{"start":{"line":60,"column":32},"end":{"line":60,"column":33}},"loc":{"start":{"line":60,"column":46},"end":{"line":74,"column":1}},"line":60},"1":{"name":"(anonymous_1)","decl":{"start":{"line":67,"column":42},"end":{"line":67,"column":43}},"loc":{"start":{"line":67,"column":52},"end":{"line":73,"column":5}},"line":67}},"branchMap":{"0":{"loc":{"start":{"line":62,"column":4},"end":{"line":65,"column":5}},"type":"if","locations":[{"start":{"line":62,"column":4},"end":{"line":65,"column":5}},{"start":{},"end":{}}],"line":62},"1":{"loc":{"start":{"line":62,"column":7},"end":{"line":62,"column":57}},"type":"binary-expr","locations":[{"start":{"line":62,"column":7},"end":{"line":62,"column":24}},{"start":{"line":62,"column":28},"end":{"line":62,"column":57}}],"line":62},"2":{"loc":{"start":{"line":68,"column":8},"end":{"line":72,"column":9}},"type":"if","locations":[{"start":{"line":68,"column":8},"end":{"line":72,"column":9}},{"start":{"line":70,"column":13},"end":{"line":72,"column":9}}],"line":68}},"s":{"0":1,"1":1,"2":3,"3":1,"4":1,"5":2,"6":6,"7":1,"8":5,"9":1},"f":{"0":3,"1":6},"b":{"0":[1,2],"1":[3,3],"2":[1,5]},"_coverageSchema":"1a1c01bbd47fc00a2c39e90264f33305004495a9","hash":"907010d5939f01a8021e72173ddf46cd6af0f479"}
,"C:\\My Little World\\University\\Semestre 7\\Tecnicas de Pruebas de Software\\expressCart-master\\lib\\config.js": {"path":"C:\\My Little World\\University\\Semestre 7\\Tecnicas de Pruebas de Software\\expressCart-master\\lib\\config.js","statementMap":{"0":{"start":{"line":1,"column":18},"end":{"line":1,"column":38}},"1":{"start":{"line":2,"column":15},"end":{"line":2,"column":55}},"2":{"start":{"line":3,"column":11},"end":{"line":3,"column":24}},"3":{"start":{"line":4,"column":13},"end":{"line":4,"column":28}},"4":{"start":{"line":5,"column":10},"end":{"line":5,"column":27}},"5":{"start":{"line":7,"column":18},"end":{"line":54,"column":1}},"6":{"start":{"line":8,"column":17},"end":{"line":8,"column":104}},"7":{"start":{"line":9,"column":32},"end":{"line":9,"column":88}},"8":{"start":{"line":12,"column":4},"end":{"line":15,"column":5}},"9":{"start":{"line":13,"column":32},"end":{"line":13,"column":88}},"10":{"start":{"line":14,"column":8},"end":{"line":14,"column":56}},"11":{"start":{"line":18,"column":4},"end":{"line":22,"column":7}},"12":{"start":{"line":19,"column":8},"end":{"line":21,"column":9}},"13":{"start":{"line":20,"column":12},"end":{"line":20,"column":55}},"14":{"start":{"line":24,"column":4},"end":{"line":24,"column":104}},"15":{"start":{"line":25,"column":4},"end":{"line":25,"column":107}},"16":{"start":{"line":26,"column":4},"end":{"line":26,"column":122}},"17":{"start":{"line":29,"column":4},"end":{"line":29,"column":27}},"18":{"start":{"line":30,"column":4},"end":{"line":32,"column":5}},"19":{"start":{"line":31,"column":8},"end":{"line":31,"column":31}},"20":{"start":{"line":34,"column":4},"end":{"line":34,"column":59}},"21":{"start":{"line":37,"column":4},"end":{"line":37,"column":24}},"22":{"start":{"line":38,"column":4},"end":{"line":40,"column":5}},"23":{"start":{"line":39,"column":8},"end":{"line":39,"column":24}},"24":{"start":{"line":43,"column":4},"end":{"line":51,"column":5}},"25":{"start":{"line":44,"column":8},"end":{"line":44,"column":35}},"26":{"start":{"line":45,"column":8},"end":{"line":47,"column":11}},"27":{"start":{"line":46,"column":12},"end":{"line":46,"column":93}},"28":{"start":{"line":49,"column":8},"end":{"line":49,"column":70}},"29":{"start":{"line":50,"column":8},"end":{"line":50,"column":24}},"30":{"start":{"line":53,"column":4},"end":{"line":53,"column":18}},"31":{"start":{"line":56,"column":25},"end":{"line":81,"column":1}},"32":{"start":{"line":57,"column":23},"end":{"line":57,"column":34}},"33":{"start":{"line":60,"column":19},"end":{"line":60,"column":21}},"34":{"start":{"line":61,"column":4},"end":{"line":73,"column":7}},"35":{"start":{"line":62,"column":31},"end":{"line":62,"column":104}},"36":{"start":{"line":63,"column":8},"end":{"line":65,"column":9}},"37":{"start":{"line":64,"column":12},"end":{"line":64,"column":82}},"38":{"start":{"line":68,"column":8},"end":{"line":72,"column":11}},"39":{"start":{"line":69,"column":12},"end":{"line":71,"column":13}},"40":{"start":{"line":70,"column":16},"end":{"line":70,"column":77}},"41":{"start":{"line":76,"column":4},"end":{"line":78,"column":5}},"42":{"start":{"line":77,"column":8},"end":{"line":77,"column":31}},"43":{"start":{"line":80,"column":4},"end":{"line":80,"column":18}},"44":{"start":{"line":83,"column":21},"end":{"line":153,"column":1}},"45":{"start":{"line":84,"column":25},"end":{"line":84,"column":36}},"46":{"start":{"line":86,"column":4},"end":{"line":99,"column":7}},"47":{"start":{"line":87,"column":8},"end":{"line":87,"column":34}},"48":{"start":{"line":88,"column":8},"end":{"line":90,"column":9}},"49":{"start":{"line":89,"column":12},"end":{"line":89,"column":83}},"50":{"start":{"line":91,"column":8},"end":{"line":94,"column":9}},"51":{"start":{"line":92,"column":31},"end":{"line":92,"column":103}},"52":{"start":{"line":93,"column":12},"end":{"line":93,"column":49}},"53":{"start":{"line":95,"column":8},"end":{"line":98,"column":9}},"54":{"start":{"line":96,"column":36},"end":{"line":96,"column":92}},"55":{"start":{"line":97,"column":12},"end":{"line":97,"column":59}},"56":{"start":{"line":102,"column":4},"end":{"line":102,"column":40}},"57":{"start":{"line":103,"column":4},"end":{"line":103,"column":41}},"58":{"start":{"line":104,"column":4},"end":{"line":104,"column":46}},"59":{"start":{"line":106,"column":4},"end":{"line":110,"column":5}},"60":{"start":{"line":107,"column":8},"end":{"line":107,"column":40}},"61":{"start":{"line":109,"column":8},"end":{"line":109,"column":41}},"62":{"start":{"line":112,"column":4},"end":{"line":114,"column":5}},"63":{"start":{"line":113,"column":8},"end":{"line":113,"column":60}},"64":{"start":{"line":116,"column":4},"end":{"line":118,"column":5}},"65":{"start":{"line":117,"column":8},"end":{"line":117,"column":70}},"66":{"start":{"line":120,"column":4},"end":{"line":122,"column":5}},"67":{"start":{"line":121,"column":8},"end":{"line":121,"column":72}},"68":{"start":{"line":126,"column":30},"end":{"line":126,"column":86}},"69":{"start":{"line":127,"column":4},"end":{"line":143,"column":5}},"70":{"start":{"line":128,"column":30},"end":{"line":128,"column":76}},"71":{"start":{"line":129,"column":8},"end":{"line":136,"column":11}},"72":{"start":{"line":130,"column":12},"end":{"line":135,"column":13}},"73":{"start":{"line":131,"column":16},"end":{"line":131,"column":49}},"74":{"start":{"line":134,"column":16},"end":{"line":134,"column":41}},"75":{"start":{"line":138,"column":8},"end":{"line":142,"column":9}},"76":{"start":{"line":139,"column":12},"end":{"line":139,"column":88}},"77":{"start":{"line":141,"column":12},"end":{"line":141,"column":73}},"78":{"start":{"line":146,"column":29},"end":{"line":146,"column":79}},"79":{"start":{"line":147,"column":4},"end":{"line":152,"column":5}},"80":{"start":{"line":148,"column":8},"end":{"line":148,"column":82}},"81":{"start":{"line":149,"column":8},"end":{"line":149,"column":20}},"82":{"start":{"line":151,"column":8},"end":{"line":151,"column":21}},"83":{"start":{"line":155,"column":26},"end":{"line":167,"column":1}},"84":{"start":{"line":156,"column":30},"end":{"line":156,"column":86}},"85":{"start":{"line":157,"column":4},"end":{"line":166,"column":5}},"86":{"start":{"line":158,"column":28},"end":{"line":158,"column":30}},"87":{"start":{"line":159,"column":8},"end":{"line":161,"column":9}},"88":{"start":{"line":160,"column":12},"end":{"line":160,"column":75}},"89":{"start":{"line":162,"column":8},"end":{"line":162,"column":44}},"90":{"start":{"line":163,"column":8},"end":{"line":163,"column":84}},"91":{"start":{"line":165,"column":8},"end":{"line":165,"column":69}},"92":{"start":{"line":169,"column":0},"end":{"line":174,"column":2}}},"fnMap":{"0":{"name":"(anonymous_0)","decl":{"start":{"line":7,"column":18},"end":{"line":7,"column":19}},"loc":{"start":{"line":7,"column":24},"end":{"line":54,"column":1}},"line":7},"1":{"name":"(anonymous_1)","decl":{"start":{"line":18,"column":32},"end":{"line":18,"column":33}},"loc":{"start":{"line":18,"column":47},"end":{"line":22,"column":5}},"line":18},"2":{"name":"(anonymous_2)","decl":{"start":{"line":45,"column":52},"end":{"line":45,"column":53}},"loc":{"start":{"line":45,"column":61},"end":{"line":47,"column":9}},"line":45},"3":{"name":"(anonymous_3)","decl":{"start":{"line":56,"column":25},"end":{"line":56,"column":26}},"loc":{"start":{"line":56,"column":38},"end":{"line":81,"column":1}},"line":56},"4":{"name":"(anonymous_4)","decl":{"start":{"line":61,"column":41},"end":{"line":61,"column":42}},"loc":{"start":{"line":61,"column":54},"end":{"line":73,"column":5}},"line":61},"5":{"name":"(anonymous_5)","decl":{"start":{"line":68,"column":45},"end":{"line":68,"column":46}},"loc":{"start":{"line":68,"column":60},"end":{"line":72,"column":9}},"line":68},"6":{"name":"(anonymous_6)","decl":{"start":{"line":83,"column":21},"end":{"line":83,"column":22}},"loc":{"start":{"line":83,"column":33},"end":{"line":153,"column":1}},"line":83},"7":{"name":"(anonymous_7)","decl":{"start":{"line":86,"column":22},"end":{"line":86,"column":23}},"loc":{"start":{"line":86,"column":38},"end":{"line":99,"column":5}},"line":86},"8":{"name":"(anonymous_8)","decl":{"start":{"line":129,"column":33},"end":{"line":129,"column":34}},"loc":{"start":{"line":129,"column":49},"end":{"line":136,"column":9}},"line":129},"9":{"name":"(anonymous_9)","decl":{"start":{"line":155,"column":26},"end":{"line":155,"column":27}},"loc":{"start":{"line":155,"column":37},"end":{"line":167,"column":1}},"line":155}},"branchMap":{"0":{"loc":{"start":{"line":12,"column":4},"end":{"line":15,"column":5}},"type":"if","locations":[{"start":{"line":12,"column":4},"end":{"line":15,"column":5}},{"start":{},"end":{}}],"line":12},"1":{"loc":{"start":{"line":19,"column":8},"end":{"line":21,"column":9}},"type":"if","locations":[{"start":{"line":19,"column":8},"end":{"line":21,"column":9}},{"start":{},"end":{}}],"line":19},"2":{"loc":{"start":{"line":24,"column":23},"end":{"line":24,"column":103}},"type":"cond-expr","locations":[{"start":{"line":24,"column":65},"end":{"line":24,"column":96}},{"start":{"line":24,"column":99},"end":{"line":24,"column":103}}],"line":24},"3":{"loc":{"start":{"line":25,"column":24},"end":{"line":25,"column":106}},"type":"cond-expr","locations":[{"start":{"line":25,"column":67},"end":{"line":25,"column":99}},{"start":{"line":25,"column":102},"end":{"line":25,"column":106}}],"line":25},"4":{"loc":{"start":{"line":26,"column":29},"end":{"line":26,"column":121}},"type":"cond-expr","locations":[{"start":{"line":26,"column":77},"end":{"line":26,"column":114}},{"start":{"line":26,"column":117},"end":{"line":26,"column":121}}],"line":26},"5":{"loc":{"start":{"line":30,"column":4},"end":{"line":32,"column":5}},"type":"if","locations":[{"start":{"line":30,"column":4},"end":{"line":32,"column":5}},{"start":{},"end":{}}],"line":30},"6":{"loc":{"start":{"line":30,"column":7},"end":{"line":30,"column":65}},"type":"binary-expr","locations":[{"start":{"line":30,"column":7},"end":{"line":30,"column":42}},{"start":{"line":30,"column":46},"end":{"line":30,"column":65}}],"line":30},"7":{"loc":{"start":{"line":38,"column":4},"end":{"line":40,"column":5}},"type":"if","locations":[{"start":{"line":38,"column":4},"end":{"line":40,"column":5}},{"start":{},"end":{}}],"line":38},"8":{"loc":{"start":{"line":38,"column":7},"end":{"line":38,"column":83}},"type":"binary-expr","locations":[{"start":{"line":38,"column":7},"end":{"line":38,"column":45}},{"start":{"line":38,"column":49},"end":{"line":38,"column":83}}],"line":38},"9":{"loc":{"start":{"line":63,"column":8},"end":{"line":65,"column":9}},"type":"if","locations":[{"start":{"line":63,"column":8},"end":{"line":65,"column":9}},{"start":{},"end":{}}],"line":63},"10":{"loc":{"start":{"line":69,"column":12},"end":{"line":71,"column":13}},"type":"if","locations":[{"start":{"line":69,"column":12},"end":{"line":71,"column":13}},{"start":{},"end":{}}],"line":69},"11":{"loc":{"start":{"line":69,"column":15},"end":{"line":69,"column":70}},"type":"binary-expr","locations":[{"start":{"line":69,"column":15},"end":{"line":69,"column":35}},{"start":{"line":69,"column":39},"end":{"line":69,"column":70}}],"line":69},"12":{"loc":{"start":{"line":76,"column":4},"end":{"line":78,"column":5}},"type":"if","locations":[{"start":{"line":76,"column":4},"end":{"line":78,"column":5}},{"start":{},"end":{}}],"line":76},"13":{"loc":{"start":{"line":76,"column":7},"end":{"line":76,"column":33}},"type":"binary-expr","locations":[{"start":{"line":76,"column":7},"end":{"line":76,"column":14}},{"start":{"line":76,"column":18},"end":{"line":76,"column":33}}],"line":76},"14":{"loc":{"start":{"line":88,"column":8},"end":{"line":90,"column":9}},"type":"if","locations":[{"start":{"line":88,"column":8},"end":{"line":90,"column":9}},{"start":{},"end":{}}],"line":88},"15":{"loc":{"start":{"line":91,"column":8},"end":{"line":94,"column":9}},"type":"if","locations":[{"start":{"line":91,"column":8},"end":{"line":94,"column":9}},{"start":{},"end":{}}],"line":91},"16":{"loc":{"start":{"line":92,"column":31},"end":{"line":92,"column":103}},"type":"cond-expr","locations":[{"start":{"line":92,"column":78},"end":{"line":92,"column":98}},{"start":{"line":92,"column":101},"end":{"line":92,"column":103}}],"line":92},"17":{"loc":{"start":{"line":92,"column":31},"end":{"line":92,"column":75}},"type":"binary-expr","locations":[{"start":{"line":92,"column":31},"end":{"line":92,"column":59}},{"start":{"line":92,"column":63},"end":{"line":92,"column":75}}],"line":92},"18":{"loc":{"start":{"line":95,"column":8},"end":{"line":98,"column":9}},"type":"if","locations":[{"start":{"line":95,"column":8},"end":{"line":98,"column":9}},{"start":{},"end":{}}],"line":95},"19":{"loc":{"start":{"line":96,"column":36},"end":{"line":96,"column":92}},"type":"cond-expr","locations":[{"start":{"line":96,"column":67},"end":{"line":96,"column":87}},{"start":{"line":96,"column":90},"end":{"line":96,"column":92}}],"line":96},"20":{"loc":{"start":{"line":106,"column":4},"end":{"line":110,"column":5}},"type":"if","locations":[{"start":{"line":106,"column":4},"end":{"line":110,"column":5}},{"start":{"line":108,"column":9},"end":{"line":110,"column":5}}],"line":106},"21":{"loc":{"start":{"line":112,"column":4},"end":{"line":114,"column":5}},"type":"if","locations":[{"start":{"line":112,"column":4},"end":{"line":114,"column":5}},{"start":{},"end":{}}],"line":112},"22":{"loc":{"start":{"line":116,"column":4},"end":{"line":118,"column":5}},"type":"if","locations":[{"start":{"line":116,"column":4},"end":{"line":118,"column":5}},{"start":{},"end":{}}],"line":116},"23":{"loc":{"start":{"line":120,"column":4},"end":{"line":122,"column":5}},"type":"if","locations":[{"start":{"line":120,"column":4},"end":{"line":122,"column":5}},{"start":{},"end":{}}],"line":120},"24":{"loc":{"start":{"line":127,"column":4},"end":{"line":143,"column":5}},"type":"if","locations":[{"start":{"line":127,"column":4},"end":{"line":143,"column":5}},{"start":{},"end":{}}],"line":127},"25":{"loc":{"start":{"line":130,"column":12},"end":{"line":135,"column":13}},"type":"if","locations":[{"start":{"line":130,"column":12},"end":{"line":135,"column":13}},{"start":{},"end":{}}],"line":130},"26":{"loc":{"start":{"line":159,"column":8},"end":{"line":161,"column":9}},"type":"if","locations":[{"start":{"line":159,"column":8},"end":{"line":161,"column":9}},{"start":{},"end":{}}],"line":159}},"s":{"0":1,"1":1,"2":1,"3":1,"4":1,"5":1,"6":0,"7":0,"8":0,"9":0,"10":0,"11":0,"12":0,"13":0,"14":0,"15":0,"16":0,"17":0,"18":0,"19":0,"20":0,"21":0,"22":0,"23":0,"24":0,"25":0,"26":0,"27":0,"28":0,"29":0,"30":0,"31":1,"32":0,"33":0,"34":0,"35":0,"36":0,"37":0,"38":0,"39":0,"40":0,"41":0,"42":0,"43":0,"44":1,"45":0,"46":0,"47":0,"48":0,"49":0,"50":0,"51":0,"52":0,"53":0,"54":0,"55":0,"56":0,"57":0,"58":0,"59":0,"60":0,"61":0,"62":0,"63":0,"64":0,"65":0,"66":0,"67":0,"68":0,"69":0,"70":0,"71":0,"72":0,"73":0,"74":0,"75":0,"76":0,"77":0,"78":0,"79":0,"80":0,"81":0,"82":0,"83":1,"84":0,"85":0,"86":0,"87":0,"88":0,"89":0,"90":0,"91":0,"92":1},"f":{"0":0,"1":0,"2":0,"3":0,"4":0,"5":0,"6":0,"7":0,"8":0,"9":0},"b":{"0":[0,0],"1":[0,0],"2":[0,0],"3":[0,0],"4":[0,0],"5":[0,0],"6":[0,0],"7":[0,0],"8":[0,0],"9":[0,0],"10":[0,0],"11":[0,0],"12":[0,0],"13":[0,0],"14":[0,0],"15":[0,0],"16":[0,0],"17":[0,0],"18":[0,0],"19":[0,0],"20":[0,0],"21":[0,0],"22":[0,0],"23":[0,0],"24":[0,0],"25":[0,0],"26":[0,0]},"_coverageSchema":"1a1c01bbd47fc00a2c39e90264f33305004495a9","hash":"8cd23379e7f0a0f1fa8a655a87bb31a9657701d3"}
,"C:\\My Little World\\University\\Semestre 7\\Tecnicas de Pruebas de Software\\expressCart-master\\lib\\modules\\discount-voucher.js": {"path":"C:\\My Little World\\University\\Semestre 7\\Tecnicas de Pruebas de Software\\expressCart-master\\lib\\modules\\discount-voucher.js","statementMap":{"0":{"start":{"line":1,"column":26},"end":{"line":14,"column":1}},"1":{"start":{"line":2,"column":25},"end":{"line":2,"column":26}},"2":{"start":{"line":3,"column":4},"end":{"line":11,"column":5}},"3":{"start":{"line":4,"column":8},"end":{"line":6,"column":9}},"4":{"start":{"line":5,"column":12},"end":{"line":5,"column":44}},"5":{"start":{"line":7,"column":8},"end":{"line":10,"column":9}},"6":{"start":{"line":9,"column":12},"end":{"line":9,"column":85}},"7":{"start":{"line":13,"column":4},"end":{"line":13,"column":51}},"8":{"start":{"line":16,"column":0},"end":{"line":18,"column":2}}},"fnMap":{"0":{"name":"(anonymous_0)","decl":{"start":{"line":1,"column":26},"end":{"line":1,"column":27}},"loc":{"start":{"line":1,"column":45},"end":{"line":14,"column":1}},"line":1}},"branchMap":{"0":{"loc":{"start":{"line":3,"column":4},"end":{"line":11,"column":5}},"type":"if","locations":[{"start":{"line":3,"column":4},"end":{"line":11,"column":5}},{"start":{},"end":{}}],"line":3},"1":{"loc":{"start":{"line":4,"column":8},"end":{"line":6,"column":9}},"type":"if","locations":[{"start":{"line":4,"column":8},"end":{"line":6,"column":9}},{"start":{},"end":{}}],"line":4},"2":{"loc":{"start":{"line":7,"column":8},"end":{"line":10,"column":9}},"type":"if","locations":[{"start":{"line":7,"column":8},"end":{"line":10,"column":9}},{"start":{},"end":{}}],"line":7}},"s":{"0":1,"1":2,"2":2,"3":2,"4":1,"5":2,"6":1,"7":2,"8":1},"f":{"0":2},"b":{"0":[2,0],"1":[1,1],"2":[1,1]},"_coverageSchema":"1a1c01bbd47fc00a2c39e90264f33305004495a9","hash":"303ee1314dccb101eb7a57cbfc144bcac360e450"}
,"C:\\My Little World\\University\\Semestre 7\\Tecnicas de Pruebas de Software\\expressCart-master\\lib\\modules\\shipping-basic.js": {"path":"C:\\My Little World\\University\\Semestre 7\\Tecnicas de Pruebas de Software\\expressCart-master\\lib\\modules\\shipping-basic.js","statementMap":{"0":{"start":{"line":1,"column":31},"end":{"line":1,"column":33}},"1":{"start":{"line":2,"column":36},"end":{"line":2,"column":38}},"2":{"start":{"line":3,"column":22},"end":{"line":3,"column":25}},"3":{"start":{"line":4,"column":28},"end":{"line":4,"column":39}},"4":{"start":{"line":6,"column":26},"end":{"line":43,"column":1}},"5":{"start":{"line":8,"column":4},"end":{"line":13,"column":5}},"6":{"start":{"line":9,"column":8},"end":{"line":9,"column":54}},"7":{"start":{"line":10,"column":8},"end":{"line":10,"column":42}},"8":{"start":{"line":11,"column":8},"end":{"line":11,"column":70}},"9":{"start":{"line":12,"column":8},"end":{"line":12,"column":15}},"10":{"start":{"line":16,"column":4},"end":{"line":21,"column":5}},"11":{"start":{"line":17,"column":8},"end":{"line":17,"column":54}},"12":{"start":{"line":18,"column":8},"end":{"line":18,"column":42}},"13":{"start":{"line":19,"column":8},"end":{"line":19,"column":70}},"14":{"start":{"line":20,"column":8},"end":{"line":20,"column":15}},"15":{"start":{"line":24,"column":4},"end":{"line":29,"column":5}},"16":{"start":{"line":25,"column":8},"end":{"line":25,"column":59}},"17":{"start":{"line":26,"column":8},"end":{"line":26,"column":63}},"18":{"start":{"line":27,"column":8},"end":{"line":27,"column":70}},"19":{"start":{"line":28,"column":8},"end":{"line":28,"column":15}},"20":{"start":{"line":32,"column":4},"end":{"line":37,"column":5}},"21":{"start":{"line":33,"column":8},"end":{"line":33,"column":63}},"22":{"start":{"line":34,"column":8},"end":{"line":34,"column":68}},"23":{"start":{"line":35,"column":8},"end":{"line":35,"column":75}},"24":{"start":{"line":36,"column":8},"end":{"line":36,"column":15}},"25":{"start":{"line":40,"column":4},"end":{"line":40,"column":54}},"26":{"start":{"line":41,"column":4},"end":{"line":41,"column":59}},"27":{"start":{"line":42,"column":4},"end":{"line":42,"column":66}},"28":{"start":{"line":45,"column":0},"end":{"line":47,"column":2}}},"fnMap":{"0":{"name":"(anonymous_0)","decl":{"start":{"line":6,"column":26},"end":{"line":6,"column":27}},"loc":{"start":{"line":6,"column":43},"end":{"line":43,"column":1}},"line":6}},"branchMap":{"0":{"loc":{"start":{"line":8,"column":4},"end":{"line":13,"column":5}},"type":"if","locations":[{"start":{"line":8,"column":4},"end":{"line":13,"column":5}},{"start":{},"end":{}}],"line":8},"1":{"loc":{"start":{"line":16,"column":4},"end":{"line":21,"column":5}},"type":"if","locations":[{"start":{"line":16,"column":4},"end":{"line":21,"column":5}},{"start":{},"end":{}}],"line":16},"2":{"loc":{"start":{"line":24,"column":4},"end":{"line":29,"column":5}},"type":"if","locations":[{"start":{"line":24,"column":4},"end":{"line":29,"column":5}},{"start":{},"end":{}}],"line":24},"3":{"loc":{"start":{"line":32,"column":4},"end":{"line":37,"column":5}},"type":"if","locations":[{"start":{"line":32,"column":4},"end":{"line":37,"column":5}},{"start":{},"end":{}}],"line":32}},"s":{"0":1,"1":1,"2":1,"3":1,"4":1,"5":5,"6":1,"7":1,"8":1,"9":1,"10":4,"11":1,"12":1,"13":1,"14":1,"15":3,"16":1,"17":1,"18":1,"19":1,"20":2,"21":1,"22":1,"23":1,"24":1,"25":1,"26":1,"27":1,"28":1},"f":{"0":5},"b":{"0":[1,4],"1":[1,3],"2":[1,2],"3":[1,1]},"_coverageSchema":"1a1c01bbd47fc00a2c39e90264f33305004495a9","hash":"a45793a538929691eb310c7a0d5e2d20016241bb"}
}
