TN:
SF:lib\cart.js
FN:60,(anonymous_0)
FN:67,(anonymous_1)
FNF:2
FNH:2
FNDA:3,(anonymous_0)
FNDA:6,(anonymous_1)
DA:3,1
DA:60,1
DA:62,3
DA:63,1
DA:64,1
DA:67,2
DA:68,6
DA:69,1
DA:71,5
DA:117,1
LF:10
LH:10
BRDA:62,0,0,1
BRDA:62,0,1,2
BRDA:62,1,0,3
BRDA:62,1,1,3
BRDA:68,2,0,1
BRDA:68,2,1,5
BRF:6
BRH:6
end_of_record
TN:
SF:lib\config.js
FN:7,(anonymous_0)
FN:18,(anonymous_1)
FN:45,(anonymous_2)
FN:56,(anonymous_3)
FN:61,(anonymous_4)
FN:68,(anonymous_5)
FN:83,(anonymous_6)
FN:86,(anonymous_7)
FN:129,(anonymous_8)
FN:155,(anonymous_9)
FNF:10
FNH:0
FNDA:0,(anonymous_0)
FNDA:0,(anonymous_1)
FNDA:0,(anonymous_2)
FNDA:0,(anonymous_3)
FNDA:0,(anonymous_4)
FNDA:0,(anonymous_5)
FNDA:0,(anonymous_6)
FNDA:0,(anonymous_7)
FNDA:0,(anonymous_8)
FNDA:0,(anonymous_9)
DA:1,1
DA:2,1
DA:3,1
DA:4,1
DA:5,1
DA:7,1
DA:8,0
DA:9,0
DA:12,0
DA:13,0
DA:14,0
DA:18,0
DA:19,0
DA:20,0
DA:24,0
DA:25,0
DA:26,0
DA:29,0
DA:30,0
DA:31,0
DA:34,0
DA:37,0
DA:38,0
DA:39,0
DA:43,0
DA:44,0
DA:45,0
DA:46,0
DA:49,0
DA:50,0
DA:53,0
DA:56,1
DA:57,0
DA:60,0
DA:61,0
DA:62,0
DA:63,0
DA:64,0
DA:68,0
DA:69,0
DA:70,0
DA:76,0
DA:77,0
DA:80,0
DA:83,1
DA:84,0
DA:86,0
DA:87,0
DA:88,0
DA:89,0
DA:91,0
DA:92,0
DA:93,0
DA:95,0
DA:96,0
DA:97,0
DA:102,0
DA:103,0
DA:104,0
DA:106,0
DA:107,0
DA:109,0
DA:112,0
DA:113,0
DA:116,0
DA:117,0
DA:120,0
DA:121,0
DA:126,0
DA:127,0
DA:128,0
DA:129,0
DA:130,0
DA:131,0
DA:134,0
DA:138,0
DA:139,0
DA:141,0
DA:146,0
DA:147,0
DA:148,0
DA:149,0
DA:151,0
DA:155,1
DA:156,0
DA:157,0
DA:158,0
DA:159,0
DA:160,0
DA:162,0
DA:163,0
DA:165,0
DA:169,1
LF:93
LH:10
BRDA:12,0,0,0
BRDA:12,0,1,0
BRDA:19,1,0,0
BRDA:19,1,1,0
BRDA:24,2,0,0
BRDA:24,2,1,0
BRDA:25,3,0,0
BRDA:25,3,1,0
BRDA:26,4,0,0
BRDA:26,4,1,0
BRDA:30,5,0,0
BRDA:30,5,1,0
BRDA:30,6,0,0
BRDA:30,6,1,0
BRDA:38,7,0,0
BRDA:38,7,1,0
BRDA:38,8,0,0
BRDA:38,8,1,0
BRDA:63,9,0,0
BRDA:63,9,1,0
BRDA:69,10,0,0
BRDA:69,10,1,0
BRDA:69,11,0,0
BRDA:69,11,1,0
BRDA:76,12,0,0
BRDA:76,12,1,0
BRDA:76,13,0,0
BRDA:76,13,1,0
BRDA:88,14,0,0
BRDA:88,14,1,0
BRDA:91,15,0,0
BRDA:91,15,1,0
BRDA:92,16,0,0
BRDA:92,16,1,0
BRDA:92,17,0,0
BRDA:92,17,1,0
BRDA:95,18,0,0
BRDA:95,18,1,0
BRDA:96,19,0,0
BRDA:96,19,1,0
BRDA:106,20,0,0
BRDA:106,20,1,0
BRDA:112,21,0,0
BRDA:112,21,1,0
BRDA:116,22,0,0
BRDA:116,22,1,0
BRDA:120,23,0,0
BRDA:120,23,1,0
BRDA:127,24,0,0
BRDA:127,24,1,0
BRDA:130,25,0,0
BRDA:130,25,1,0
BRDA:159,26,0,0
BRDA:159,26,1,0
BRF:54
BRH:0
end_of_record
TN:
SF:lib\modules\discount-voucher.js
FN:1,(anonymous_0)
FNF:1
FNH:1
FNDA:2,(anonymous_0)
DA:1,1
DA:2,2
DA:3,2
DA:4,2
DA:5,1
DA:7,2
DA:9,1
DA:13,2
DA:16,1
LF:9
LH:9
BRDA:3,0,0,2
BRDA:3,0,1,0
BRDA:4,1,0,1
BRDA:4,1,1,1
BRDA:7,2,0,1
BRDA:7,2,1,1
BRF:6
BRH:5
end_of_record
TN:
SF:lib\modules\shipping-basic.js
FN:6,(anonymous_0)
FNF:1
FNH:1
FNDA:5,(anonymous_0)
DA:1,1
DA:2,1
DA:3,1
DA:4,1
DA:6,1
DA:8,5
DA:9,1
DA:10,1
DA:11,1
DA:12,1
DA:16,4
DA:17,1
DA:18,1
DA:19,1
DA:20,1
DA:24,3
DA:25,1
DA:26,1
DA:27,1
DA:28,1
DA:32,2
DA:33,1
DA:34,1
DA:35,1
DA:36,1
DA:40,1
DA:41,1
DA:42,1
DA:45,1
LF:29
LH:29
BRDA:8,0,0,1
BRDA:8,0,1,4
BRDA:16,1,0,1
BRDA:16,1,1,3
BRDA:24,2,0,1
BRDA:24,2,1,2
BRDA:32,3,0,1
BRDA:32,3,1,1
BRF:8
BRH:8
end_of_record
