TN:
SF:app.js
FN:41,(anonymous_0)
FN:91,(anonymous_1)
FN:92,(anonymous_2)
FN:93,(anonymous_3)
FN:100,(anonymous_4)
FN:103,(anonymous_5)
FN:119,(anonymous_6)
FN:128,(anonymous_7)
FN:131,(anonymous_8)
FN:137,(anonymous_9)
FN:143,(anonymous_10)
FN:163,(anonymous_11)
FN:169,(anonymous_12)
FN:175,(anonymous_13)
FN:181,(anonymous_14)
FN:187,(anonymous_15)
FN:193,(anonymous_16)
FN:199,(anonymous_17)
FN:205,(anonymous_18)
FN:211,(anonymous_19)
FN:214,(anonymous_20)
FN:217,(anonymous_21)
FN:241,(anonymous_22)
FN:247,(anonymous_23)
FN:260,(anonymous_24)
FN:266,(anonymous_25)
FN:272,(anonymous_26)
FN:274,(anonymous_27)
FN:280,(anonymous_28)
FN:292,(anonymous_29)
FN:298,(anonymous_30)
FN:304,(anonymous_31)
FN:310,(anonymous_32)
FN:315,(anonymous_33)
FN:318,(anonymous_34)
FN:324,(anonymous_35)
FN:380,(anonymous_36)
FN:396,(anonymous_37)
FN:402,(anonymous_38)
FN:418,(anonymous_39)
FN:423,(anonymous_40)
FN:434,(anonymous_41)
FN:451,(anonymous_42)
FN:472,(anonymous_43)
FN:477,(anonymous_44)
FN:490,(anonymous_45)
FN:493,(anonymous_46)
FN:504,(anonymous_47)
FN:519,(anonymous_48)
FNF:49
FNH:5
FNDA:2,(anonymous_0)
FNDA:0,(anonymous_1)
FNDA:0,(anonymous_2)
FNDA:0,(anonymous_3)
FNDA:0,(anonymous_4)
FNDA:0,(anonymous_5)
FNDA:0,(anonymous_6)
FNDA:0,(anonymous_7)
FNDA:0,(anonymous_8)
FNDA:0,(anonymous_9)
FNDA:0,(anonymous_10)
FNDA:0,(anonymous_11)
FNDA:0,(anonymous_12)
FNDA:0,(anonymous_13)
FNDA:0,(anonymous_14)
FNDA:0,(anonymous_15)
FNDA:0,(anonymous_16)
FNDA:0,(anonymous_17)
FNDA:0,(anonymous_18)
FNDA:0,(anonymous_19)
FNDA:0,(anonymous_20)
FNDA:0,(anonymous_21)
FNDA:0,(anonymous_22)
FNDA:0,(anonymous_23)
FNDA:0,(anonymous_24)
FNDA:0,(anonymous_25)
FNDA:0,(anonymous_26)
FNDA:0,(anonymous_27)
FNDA:0,(anonymous_28)
FNDA:0,(anonymous_29)
FNDA:0,(anonymous_30)
FNDA:0,(anonymous_31)
FNDA:0,(anonymous_32)
FNDA:0,(anonymous_33)
FNDA:0,(anonymous_34)
FNDA:0,(anonymous_35)
FNDA:9,(anonymous_36)
FNDA:9,(anonymous_37)
FNDA:9,(anonymous_38)
FNDA:2,(anonymous_39)
FNDA:0,(anonymous_40)
FNDA:0,(anonymous_41)
FNDA:0,(anonymous_42)
FNDA:0,(anonymous_43)
FNDA:0,(anonymous_44)
FNDA:0,(anonymous_45)
FNDA:0,(anonymous_46)
FNDA:0,(anonymous_47)
FNDA:0,(anonymous_48)
DA:1,2
DA:2,2
DA:3,2
DA:4,0
DA:6,2
DA:7,2
DA:8,2
DA:9,2
DA:10,2
DA:11,2
DA:12,2
DA:13,2
DA:14,2
DA:15,2
DA:16,2
DA:17,2
DA:18,2
DA:19,2
DA:20,2
DA:21,2
DA:22,2
DA:23,2
DA:24,2
DA:25,2
DA:28,2
DA:29,2
DA:32,2
DA:34,2
DA:35,2
DA:36,0
DA:37,0
DA:41,2
DA:42,2
DA:46,0
DA:47,0
DA:52,2
DA:53,2
DA:54,2
DA:55,2
DA:56,2
DA:57,2
DA:58,2
DA:59,2
DA:61,2
DA:64,2
DA:78,2
DA:79,2
DA:85,2
DA:88,2
DA:91,0
DA:92,0
DA:94,0
DA:95,0
DA:96,0
DA:98,0
DA:101,0
DA:104,0
DA:105,0
DA:107,0
DA:108,0
DA:110,0
DA:111,0
DA:113,0
DA:114,0
DA:117,0
DA:120,0
DA:121,0
DA:123,0
DA:124,0
DA:126,0
DA:129,0
DA:132,0
DA:133,0
DA:135,0
DA:138,0
DA:139,0
DA:141,0
DA:144,0
DA:146,0
DA:148,0
DA:150,0
DA:152,0
DA:154,0
DA:156,0
DA:158,0
DA:160,0
DA:164,0
DA:165,0
DA:167,0
DA:170,0
DA:171,0
DA:173,0
DA:176,0
DA:177,0
DA:179,0
DA:182,0
DA:183,0
DA:185,0
DA:188,0
DA:189,0
DA:191,0
DA:194,0
DA:195,0
DA:197,0
DA:200,0
DA:201,0
DA:203,0
DA:206,0
DA:207,0
DA:209,0
DA:212,0
DA:215,0
DA:218,0
DA:220,0
DA:222,0
DA:224,0
DA:226,0
DA:228,0
DA:230,0
DA:232,0
DA:234,0
DA:236,0
DA:238,0
DA:242,0
DA:243,0
DA:245,0
DA:248,0
DA:249,0
DA:251,0
DA:252,0
DA:253,0
DA:254,0
DA:256,0
DA:258,0
DA:261,0
DA:262,0
DA:264,0
DA:267,0
DA:268,0
DA:270,0
DA:273,0
DA:274,0
DA:275,0
DA:278,0
DA:281,0
DA:282,0
DA:284,0
DA:293,0
DA:294,0
DA:296,0
DA:299,0
DA:300,0
DA:302,0
DA:305,0
DA:306,0
DA:308,0
DA:311,0
DA:312,0
DA:313,0
DA:316,0
DA:319,0
DA:320,0
DA:322,0
DA:326,0
DA:343,2
DA:349,2
DA:350,0
DA:351,0
DA:352,0
DA:354,2
DA:355,0
DA:356,0
DA:357,0
DA:360,2
DA:361,2
DA:362,2
DA:363,2
DA:364,2
DA:365,2
DA:366,2
DA:378,2
DA:381,9
DA:382,0
DA:388,2
DA:391,2
DA:392,2
DA:393,2
DA:396,2
DA:397,9
DA:398,9
DA:402,2
DA:403,9
DA:404,9
DA:408,2
DA:409,2
DA:410,2
DA:411,2
DA:412,2
DA:413,2
DA:414,2
DA:415,2
DA:418,2
DA:419,2
DA:423,2
DA:424,0
DA:425,0
DA:426,0
DA:433,2
DA:434,0
DA:435,0
DA:436,0
DA:437,0
DA:438,0
DA:440,0
DA:441,0
DA:451,2
DA:452,0
DA:453,0
DA:454,0
DA:455,0
DA:457,0
DA:458,0
DA:466,2
DA:467,2
DA:468,0
DA:469,0
DA:472,2
DA:473,0
DA:474,0
DA:477,2
DA:479,0
DA:480,0
DA:481,0
DA:485,0
DA:486,0
DA:487,0
DA:490,0
DA:491,0
DA:492,0
DA:493,0
DA:494,0
DA:498,0
DA:504,0
DA:505,0
DA:509,0
DA:510,0
DA:511,0
DA:513,0
DA:518,0
DA:519,0
DA:520,0
DA:521,0
DA:523,0
DA:529,0
DA:530,0
DA:534,0
DA:537,0
DA:538,0
DA:539,0
DA:540,0
DA:541,0
DA:544,0
DA:545,0
DA:549,2
LF:264
LH:84
BRDA:3,0,0,0
BRDA:3,0,1,2
BRDA:35,1,0,0
BRDA:35,1,1,2
BRDA:42,2,0,0
BRDA:42,2,1,2
BRDA:104,3,0,0
BRDA:104,3,1,0
BRDA:107,4,0,0
BRDA:107,4,1,0
BRDA:110,5,0,0
BRDA:110,5,1,0
BRDA:113,6,0,0
BRDA:113,6,1,0
BRDA:120,7,0,0
BRDA:120,7,1,0
BRDA:120,8,0,0
BRDA:120,8,1,0
BRDA:123,9,0,0
BRDA:123,9,1,0
BRDA:132,10,0,0
BRDA:132,10,1,0
BRDA:138,11,0,0
BRDA:138,11,1,0
BRDA:144,12,0,0
BRDA:144,12,1,0
BRDA:144,12,2,0
BRDA:144,12,3,0
BRDA:144,12,4,0
BRDA:144,12,5,0
BRDA:144,12,6,0
BRDA:144,12,7,0
BRDA:164,13,0,0
BRDA:164,13,1,0
BRDA:164,14,0,0
BRDA:164,14,1,0
BRDA:170,15,0,0
BRDA:170,15,1,0
BRDA:170,16,0,0
BRDA:170,16,1,0
BRDA:176,17,0,0
BRDA:176,17,1,0
BRDA:182,18,0,0
BRDA:182,18,1,0
BRDA:188,19,0,0
BRDA:188,19,1,0
BRDA:188,20,0,0
BRDA:188,20,1,0
BRDA:194,21,0,0
BRDA:194,21,1,0
BRDA:200,22,0,0
BRDA:200,22,1,0
BRDA:200,23,0,0
BRDA:200,23,1,0
BRDA:206,24,0,0
BRDA:206,24,1,0
BRDA:218,25,0,0
BRDA:218,25,1,0
BRDA:218,25,2,0
BRDA:218,25,3,0
BRDA:218,25,4,0
BRDA:218,25,5,0
BRDA:218,25,6,0
BRDA:218,25,7,0
BRDA:218,25,8,0
BRDA:218,25,9,0
BRDA:220,26,0,0
BRDA:220,26,1,0
BRDA:222,27,0,0
BRDA:222,27,1,0
BRDA:224,28,0,0
BRDA:224,28,1,0
BRDA:226,29,0,0
BRDA:226,29,1,0
BRDA:228,30,0,0
BRDA:228,30,1,0
BRDA:230,31,0,0
BRDA:230,31,1,0
BRDA:232,32,0,0
BRDA:232,32,1,0
BRDA:234,33,0,0
BRDA:234,33,1,0
BRDA:234,34,0,0
BRDA:234,34,1,0
BRDA:236,35,0,0
BRDA:236,35,1,0
BRDA:236,36,0,0
BRDA:236,36,1,0
BRDA:242,37,0,0
BRDA:242,37,1,0
BRDA:242,38,0,0
BRDA:242,38,1,0
BRDA:248,39,0,0
BRDA:248,39,1,0
BRDA:251,40,0,0
BRDA:251,40,1,0
BRDA:253,41,0,0
BRDA:253,41,1,0
BRDA:261,42,0,0
BRDA:261,42,1,0
BRDA:261,43,0,0
BRDA:261,43,1,0
BRDA:267,44,0,0
BRDA:267,44,1,0
BRDA:273,45,0,0
BRDA:273,45,1,0
BRDA:293,46,0,0
BRDA:293,46,1,0
BRDA:299,47,0,0
BRDA:299,47,1,0
BRDA:299,48,0,0
BRDA:299,48,1,0
BRDA:305,49,0,0
BRDA:305,49,1,0
BRDA:319,50,0,0
BRDA:319,50,1,0
BRDA:319,51,0,0
BRDA:319,51,1,0
BRDA:349,52,0,0
BRDA:349,52,1,2
BRDA:349,53,0,2
BRDA:349,53,1,2
BRDA:354,54,0,0
BRDA:354,54,1,2
BRDA:354,55,0,2
BRDA:354,55,1,2
BRDA:362,56,0,2
BRDA:362,56,1,2
BRDA:381,57,0,0
BRDA:381,57,1,9
BRDA:433,58,0,0
BRDA:433,58,1,2
BRDA:436,59,0,0
BRDA:436,59,1,0
BRDA:436,60,0,0
BRDA:436,60,1,0
BRDA:440,61,0,0
BRDA:440,61,1,0
BRDA:453,62,0,0
BRDA:453,62,1,0
BRDA:453,63,0,0
BRDA:453,63,1,0
BRDA:457,64,0,0
BRDA:457,64,1,0
BRDA:467,65,0,0
BRDA:467,65,1,2
BRDA:479,66,0,0
BRDA:479,66,1,0
BRDA:509,67,0,0
BRDA:509,67,1,0
BRDA:518,68,0,0
BRDA:518,68,1,0
BRDA:529,69,0,0
BRDA:529,69,1,0
BRDA:540,70,0,0
BRDA:540,70,1,0
BRF:156
BRH:14
end_of_record
TN:
SF:lib\cart.js
FN:5,(anonymous_0)
FN:18,(anonymous_1)
FN:59,(anonymous_2)
FN:66,(anonymous_3)
FN:75,(anonymous_4)
FNF:5
FNH:0
FNDA:0,(anonymous_0)
FNDA:0,(anonymous_1)
FNDA:0,(anonymous_2)
FNDA:0,(anonymous_3)
FNDA:0,(anonymous_4)
DA:3,2
DA:5,2
DA:6,0
DA:7,0
DA:9,0
DA:10,0
DA:11,0
DA:14,0
DA:15,0
DA:18,0
DA:19,0
DA:20,0
DA:24,0
DA:27,0
DA:30,0
DA:33,0
DA:40,0
DA:42,0
DA:43,0
DA:44,0
DA:50,0
DA:51,0
DA:56,0
DA:59,2
DA:61,0
DA:62,0
DA:63,0
DA:66,0
DA:67,0
DA:68,0
DA:70,0
DA:75,2
DA:76,0
DA:79,0
DA:80,0
DA:81,0
DA:82,0
DA:83,0
DA:86,0
DA:89,0
DA:92,0
DA:95,0
DA:96,0
DA:97,0
DA:100,0
DA:101,0
DA:105,0
DA:106,0
DA:107,0
DA:110,0
DA:111,0
DA:112,0
DA:115,2
LF:53
LH:5
BRDA:14,0,0,0
BRDA:14,0,1,0
BRDA:40,1,0,0
BRDA:40,1,1,0
BRDA:43,2,0,0
BRDA:43,2,1,0
BRDA:61,3,0,0
BRDA:61,3,1,0
BRDA:61,4,0,0
BRDA:61,4,1,0
BRDA:67,5,0,0
BRDA:67,5,1,0
BRDA:96,6,0,0
BRDA:96,6,1,0
BRDA:100,7,0,0
BRDA:100,7,1,0
BRDA:105,8,0,0
BRDA:105,8,1,0
BRF:18
BRH:0
end_of_record
TN:
SF:lib\common.js
FN:21,(anonymous_0)
FN:43,(anonymous_1)
FN:48,(anonymous_2)
FN:52,(anonymous_3)
FN:63,(anonymous_4)
FN:75,(anonymous_5)
FN:85,(anonymous_6)
FN:93,(anonymous_7)
FN:99,(anonymous_8)
FN:104,(anonymous_9)
FN:115,(anonymous_10)
FN:121,(anonymous_11)
FN:130,(anonymous_12)
FN:142,(anonymous_13)
FN:143,(anonymous_14)
FN:146,(anonymous_15)
FN:197,(anonymous_16)
FN:216,(anonymous_17)
FN:243,(anonymous_18)
FN:252,(anonymous_19)
FN:261,(anonymous_20)
FN:265,(anonymous_21)
FN:269,(anonymous_22)
FN:274,(anonymous_23)
FN:279,(anonymous_24)
FN:283,(anonymous_25)
FN:287,(anonymous_26)
FN:294,(anonymous_27)
FNF:28
FNH:6
FNDA:500,(anonymous_0)
FNDA:0,(anonymous_1)
FNDA:15,(anonymous_2)
FNDA:0,(anonymous_3)
FNDA:3,(anonymous_4)
FNDA:3,(anonymous_5)
FNDA:6,(anonymous_6)
FNDA:0,(anonymous_7)
FNDA:0,(anonymous_8)
FNDA:0,(anonymous_9)
FNDA:0,(anonymous_10)
FNDA:0,(anonymous_11)
FNDA:0,(anonymous_12)
FNDA:0,(anonymous_13)
FNDA:0,(anonymous_14)
FNDA:0,(anonymous_15)
FNDA:0,(anonymous_16)
FNDA:0,(anonymous_17)
FNDA:0,(anonymous_18)
FNDA:0,(anonymous_19)
FNDA:0,(anonymous_20)
FNDA:0,(anonymous_21)
FNDA:0,(anonymous_22)
FNDA:0,(anonymous_23)
FNDA:2,(anonymous_24)
FNDA:0,(anonymous_25)
FNDA:0,(anonymous_26)
FNDA:0,(anonymous_27)
DA:1,2
DA:2,2
DA:3,2
DA:4,2
DA:5,2
DA:6,2
DA:7,2
DA:8,2
DA:9,2
DA:10,2
DA:11,2
DA:12,2
DA:13,2
DA:16,2
DA:19,2
DA:20,2
DA:21,2
DA:22,500
DA:23,500
DA:24,500
DA:30,2
DA:38,2
DA:43,2
DA:44,0
DA:48,2
DA:49,15
DA:52,2
DA:53,0
DA:54,0
DA:55,0
DA:56,0
DA:60,0
DA:63,2
DA:64,3
DA:65,3
DA:66,3
DA:68,0
DA:71,0
DA:75,2
DA:76,3
DA:77,0
DA:79,3
DA:80,0
DA:82,3
DA:85,2
DA:86,6
DA:87,3
DA:89,3
DA:93,2
DA:94,0
DA:96,0
DA:97,0
DA:99,0
DA:100,0
DA:101,0
DA:102,0
DA:104,0
DA:105,0
DA:106,0
DA:107,0
DA:108,0
DA:110,0
DA:111,0
DA:112,0
DA:113,0
DA:114,0
DA:116,0
DA:121,2
DA:123,0
DA:124,0
DA:125,0
DA:127,0
DA:130,2
DA:131,0
DA:132,0
DA:134,0
DA:135,0
DA:137,0
DA:142,2
DA:143,0
DA:146,2
DA:147,0
DA:149,0
DA:150,0
DA:151,0
DA:155,0
DA:158,0
DA:161,0
DA:164,0
DA:166,0
DA:168,0
DA:172,0
DA:173,0
DA:176,0
DA:181,0
DA:182,0
DA:183,0
DA:187,0
DA:188,0
DA:190,0
DA:194,0
DA:197,2
DA:198,0
DA:200,0
DA:202,0
DA:203,0
DA:204,0
DA:205,0
DA:206,0
DA:208,0
DA:210,0
DA:211,0
DA:213,0
DA:216,2
DA:217,0
DA:219,0
DA:230,0
DA:231,0
DA:234,0
DA:236,0
DA:243,0
DA:244,0
DA:245,0
DA:247,0
DA:252,2
DA:253,0
DA:254,0
DA:255,0
DA:258,0
DA:261,2
DA:262,0
DA:265,2
DA:266,0
DA:268,0
DA:270,0
DA:271,0
DA:275,0
DA:279,2
DA:280,2
DA:283,2
DA:284,0
DA:287,2
DA:288,0
DA:289,0
DA:291,0
DA:294,2
DA:296,0
DA:297,0
DA:298,0
DA:299,0
DA:300,0
DA:301,0
DA:302,0
DA:303,0
DA:304,0
DA:305,0
DA:306,0
DA:307,0
DA:310,2
LF:159
LH:54
BRDA:53,0,0,0
BRDA:53,0,1,0
BRDA:55,1,0,0
BRDA:55,1,1,0
BRDA:64,2,0,3
BRDA:64,2,1,0
BRDA:76,3,0,0
BRDA:76,3,1,3
BRDA:76,4,0,3
BRDA:76,4,1,3
BRDA:79,5,0,0
BRDA:79,5,1,3
BRDA:79,6,0,3
BRDA:79,6,1,3
BRDA:86,7,0,3
BRDA:86,7,1,3
BRDA:86,8,0,6
BRDA:86,8,1,6
BRDA:101,9,0,0
BRDA:101,9,1,0
BRDA:107,10,0,0
BRDA:107,10,1,0
BRDA:123,11,0,0
BRDA:123,11,1,0
BRDA:150,12,0,0
BRDA:150,12,1,0
BRDA:166,13,0,0
BRDA:166,13,1,0
BRDA:172,14,0,0
BRDA:172,14,1,0
BRDA:181,15,0,0
BRDA:181,15,1,0
BRDA:187,16,0,0
BRDA:187,16,1,0
BRDA:205,17,0,0
BRDA:205,17,1,0
BRDA:230,18,0,0
BRDA:230,18,1,0
BRDA:244,19,0,0
BRDA:244,19,1,0
BRDA:253,20,0,0
BRDA:253,20,1,0
BRDA:254,21,0,0
BRDA:254,21,1,0
BRDA:270,22,0,0
BRDA:270,22,1,0
BRDA:288,23,0,0
BRDA:288,23,1,0
BRF:48
BRH:11
end_of_record
TN:
SF:lib\config.js
FN:7,(anonymous_0)
FN:18,(anonymous_1)
FN:45,(anonymous_2)
FN:56,(anonymous_3)
FN:61,(anonymous_4)
FN:68,(anonymous_5)
FN:83,(anonymous_6)
FN:86,(anonymous_7)
FN:129,(anonymous_8)
FN:155,(anonymous_9)
FNF:10
FNH:3
FNDA:2,(anonymous_0)
FNDA:70,(anonymous_1)
FNDA:6,(anonymous_2)
FNDA:0,(anonymous_3)
FNDA:0,(anonymous_4)
FNDA:0,(anonymous_5)
FNDA:0,(anonymous_6)
FNDA:0,(anonymous_7)
FNDA:0,(anonymous_8)
FNDA:0,(anonymous_9)
DA:1,2
DA:2,2
DA:3,2
DA:4,2
DA:5,2
DA:7,2
DA:8,2
DA:9,2
DA:12,2
DA:13,2
DA:14,2
DA:18,2
DA:19,70
DA:20,0
DA:24,2
DA:25,2
DA:26,2
DA:29,2
DA:30,2
DA:31,0
DA:34,2
DA:37,2
DA:38,2
DA:39,0
DA:43,2
DA:44,2
DA:45,2
DA:46,6
DA:49,0
DA:50,0
DA:53,2
DA:56,2
DA:57,0
DA:60,0
DA:61,0
DA:62,0
DA:63,0
DA:64,0
DA:68,0
DA:69,0
DA:70,0
DA:76,0
DA:77,0
DA:80,0
DA:83,2
DA:84,0
DA:86,0
DA:87,0
DA:88,0
DA:89,0
DA:91,0
DA:92,0
DA:93,0
DA:95,0
DA:96,0
DA:97,0
DA:102,0
DA:103,0
DA:104,0
DA:106,0
DA:107,0
DA:109,0
DA:112,0
DA:113,0
DA:116,0
DA:117,0
DA:120,0
DA:121,0
DA:126,0
DA:127,0
DA:128,0
DA:129,0
DA:130,0
DA:131,0
DA:134,0
DA:138,0
DA:139,0
DA:141,0
DA:146,0
DA:147,0
DA:148,0
DA:149,0
DA:151,0
DA:155,2
DA:156,0
DA:157,0
DA:158,0
DA:159,0
DA:160,0
DA:162,0
DA:163,0
DA:165,0
DA:169,2
LF:93
LH:30
BRDA:12,0,0,2
BRDA:12,0,1,0
BRDA:19,1,0,0
BRDA:19,1,1,70
BRDA:24,2,0,2
BRDA:24,2,1,0
BRDA:25,3,0,2
BRDA:25,3,1,0
BRDA:26,4,0,2
BRDA:26,4,1,0
BRDA:30,5,0,0
BRDA:30,5,1,2
BRDA:30,6,0,2
BRDA:30,6,1,2
BRDA:38,7,0,0
BRDA:38,7,1,2
BRDA:38,8,0,2
BRDA:38,8,1,2
BRDA:63,9,0,0
BRDA:63,9,1,0
BRDA:69,10,0,0
BRDA:69,10,1,0
BRDA:69,11,0,0
BRDA:69,11,1,0
BRDA:76,12,0,0
BRDA:76,12,1,0
BRDA:76,13,0,0
BRDA:76,13,1,0
BRDA:88,14,0,0
BRDA:88,14,1,0
BRDA:91,15,0,0
BRDA:91,15,1,0
BRDA:92,16,0,0
BRDA:92,16,1,0
BRDA:92,17,0,0
BRDA:92,17,1,0
BRDA:95,18,0,0
BRDA:95,18,1,0
BRDA:96,19,0,0
BRDA:96,19,1,0
BRDA:106,20,0,0
BRDA:106,20,1,0
BRDA:112,21,0,0
BRDA:112,21,1,0
BRDA:116,22,0,0
BRDA:116,22,1,0
BRDA:120,23,0,0
BRDA:120,23,1,0
BRDA:127,24,0,0
BRDA:127,24,1,0
BRDA:130,25,0,0
BRDA:130,25,1,0
BRDA:159,26,0,0
BRDA:159,26,1,0
BRF:54
BRH:11
end_of_record
TN:
SF:lib\db.js
FN:6,initDb
FN:12,connected
FN:46,getDbUri
FN:55,getDb
FNF:4
FNH:0
FNDA:0,initDb
FNDA:0,connected
FNDA:0,getDbUri
FNDA:0,getDb
DA:1,2
DA:2,2
DA:7,0
DA:8,0
DA:9,0
DA:11,0
DA:13,0
DA:14,0
DA:15,0
DA:19,0
DA:22,0
DA:25,0
DA:28,0
DA:29,0
DA:30,0
DA:31,0
DA:32,0
DA:33,0
DA:34,0
DA:35,0
DA:36,0
DA:37,0
DA:38,0
DA:39,0
DA:41,0
DA:42,0
DA:47,0
DA:49,0
DA:50,0
DA:52,0
DA:56,0
DA:59,2
LF:32
LH:3
BRDA:7,0,0,0
BRDA:7,0,1,0
BRDA:13,1,0,0
BRDA:13,1,1,0
BRDA:49,2,0,0
BRDA:49,2,1,0
BRF:6
BRH:0
end_of_record
TN:
SF:lib\googledata.js
FN:9,(anonymous_0)
FN:40,(anonymous_1)
FNF:2
FNH:0
FNDA:0,(anonymous_0)
FNDA:0,(anonymous_1)
DA:1,2
DA:2,2
DA:3,2
DA:4,2
DA:7,2
DA:9,2
DA:10,0
DA:11,0
DA:14,0
DA:15,0
DA:19,0
DA:22,0
DA:23,0
DA:40,0
DA:41,0
DA:51,0
DA:52,0
DA:56,0
DA:57,0
DA:60,0
DA:64,0
DA:67,0
DA:70,2
LF:23
LH:7
BRDA:51,0,0,0
BRDA:51,0,1,0
BRDA:56,1,0,0
BRDA:56,1,1,0
BRF:4
BRH:0
end_of_record
TN:
SF:lib\indexing.js
FN:4,(anonymous_0)
FN:9,(anonymous_1)
FN:33,(anonymous_2)
FN:38,(anonymous_3)
FN:63,(anonymous_4)
FN:68,(anonymous_5)
FN:93,(anonymous_6)
FN:98,(anonymous_7)
FN:125,(anonymous_8)
FN:130,(anonymous_9)
FN:156,(anonymous_10)
FNF:11
FNH:0
FNDA:0,(anonymous_0)
FNDA:0,(anonymous_1)
FNDA:0,(anonymous_2)
FNDA:0,(anonymous_3)
FNDA:0,(anonymous_4)
FNDA:0,(anonymous_5)
FNDA:0,(anonymous_6)
FNDA:0,(anonymous_7)
FNDA:0,(anonymous_8)
FNDA:0,(anonymous_9)
FNDA:0,(anonymous_10)
DA:1,1
DA:2,1
DA:4,1
DA:6,0
DA:9,0
DA:10,0
DA:11,0
DA:12,0
DA:13,0
DA:16,0
DA:17,0
DA:23,0
DA:27,0
DA:28,0
DA:29,0
DA:33,1
DA:35,0
DA:38,0
DA:39,0
DA:40,0
DA:41,0
DA:43,0
DA:46,0
DA:47,0
DA:53,0
DA:57,0
DA:58,0
DA:59,0
DA:63,1
DA:65,0
DA:68,0
DA:69,0
DA:70,0
DA:71,0
DA:73,0
DA:76,0
DA:77,0
DA:83,0
DA:87,0
DA:88,0
DA:89,0
DA:93,1
DA:95,0
DA:98,0
DA:99,0
DA:100,0
DA:101,0
DA:102,0
DA:104,0
DA:107,0
DA:108,0
DA:115,0
DA:119,0
DA:120,0
DA:121,0
DA:125,1
DA:127,0
DA:130,0
DA:131,0
DA:132,0
DA:133,0
DA:135,0
DA:138,0
DA:139,0
DA:145,0
DA:149,0
DA:150,0
DA:151,0
DA:156,1
DA:157,0
DA:158,0
DA:161,0
DA:162,0
DA:163,0
DA:164,0
DA:165,0
DA:168,1
LF:77
LH:9
BRDA:28,0,0,0
BRDA:28,0,1,0
BRDA:58,1,0,0
BRDA:58,1,1,0
BRDA:88,2,0,0
BRDA:88,2,1,0
BRDA:120,3,0,0
BRDA:120,3,1,0
BRDA:150,4,0,0
BRDA:150,4,1,0
BRDA:157,5,0,0
BRDA:157,5,1,0
BRF:12
BRH:0
end_of_record
TN:
SF:lib\menu.js
FN:3,(anonymous_0)
FN:8,(anonymous_1)
FN:11,(anonymous_2)
FN:25,(anonymous_3)
FN:29,(anonymous_4)
FN:36,(anonymous_5)
FN:39,(anonymous_6)
FN:43,(anonymous_7)
FN:47,(anonymous_8)
FN:53,(anonymous_9)
FN:56,(anonymous_10)
FN:62,(anonymous_11)
FN:66,(anonymous_12)
FN:71,(anonymous_13)
FN:80,(anonymous_14)
FN:83,(anonymous_15)
FN:90,(anonymous_16)
FN:94,(anonymous_17)
FNF:18
FNH:0
FNDA:0,(anonymous_0)
FNDA:0,(anonymous_1)
FNDA:0,(anonymous_2)
FNDA:0,(anonymous_3)
FNDA:0,(anonymous_4)
FNDA:0,(anonymous_5)
FNDA:0,(anonymous_6)
FNDA:0,(anonymous_7)
FNDA:0,(anonymous_8)
FNDA:0,(anonymous_9)
FNDA:0,(anonymous_10)
FNDA:0,(anonymous_11)
FNDA:0,(anonymous_12)
FNDA:0,(anonymous_13)
FNDA:0,(anonymous_14)
FNDA:0,(anonymous_15)
FNDA:0,(anonymous_16)
FNDA:0,(anonymous_17)
DA:1,2
DA:3,2
DA:4,0
DA:8,2
DA:9,0
DA:10,0
DA:13,0
DA:14,0
DA:15,0
DA:17,0
DA:23,0
DA:24,0
DA:26,0
DA:30,0
DA:31,0
DA:36,2
DA:37,0
DA:38,0
DA:41,0
DA:42,0
DA:44,0
DA:48,0
DA:53,2
DA:54,0
DA:55,0
DA:58,0
DA:59,0
DA:60,0
DA:61,0
DA:63,0
DA:67,0
DA:71,2
DA:72,0
DA:73,0
DA:74,0
DA:76,0
DA:80,2
DA:81,0
DA:82,0
DA:84,0
DA:86,0
DA:87,0
DA:89,0
DA:91,0
DA:95,0
DA:99,2
LF:46
LH:8
BRDA:13,0,0,0
BRDA:13,0,1,0
BRDA:72,1,0,0
BRDA:72,1,1,0
BRDA:72,2,0,0
BRDA:72,2,1,0
BRF:6
BRH:0
end_of_record
TN:
SF:lib\paginate.js
FN:13,(anonymous_0)
FN:38,(anonymous_1)
FN:42,(anonymous_2)
FN:55,(anonymous_3)
FN:89,(anonymous_4)
FN:93,(anonymous_5)
FN:98,(anonymous_6)
FNF:7
FNH:0
FNDA:0,(anonymous_0)
FNDA:0,(anonymous_1)
FNDA:0,(anonymous_2)
FNDA:0,(anonymous_3)
FNDA:0,(anonymous_4)
FNDA:0,(anonymous_5)
FNDA:0,(anonymous_6)
DA:3,2
DA:13,2
DA:14,0
DA:15,0
DA:16,0
DA:17,0
DA:18,0
DA:21,0
DA:22,0
DA:23,0
DA:26,0
DA:27,0
DA:29,0
DA:30,0
DA:34,0
DA:39,0
DA:40,0
DA:43,0
DA:55,2
DA:56,0
DA:57,0
DA:58,0
DA:59,0
DA:62,0
DA:63,0
DA:64,0
DA:67,0
DA:68,0
DA:70,0
DA:71,0
DA:75,0
DA:90,0
DA:91,0
DA:94,0
DA:98,2
DA:99,0
DA:100,0
DA:101,0
DA:102,0
DA:104,0
DA:105,0
DA:106,0
DA:109,0
DA:114,2
LF:44
LH:5
BRDA:17,0,0,0
BRDA:17,0,1,0
BRDA:18,1,0,0
BRDA:18,1,1,0
BRDA:22,2,0,0
BRDA:22,2,1,0
BRDA:26,3,0,0
BRDA:26,3,1,0
BRDA:29,4,0,0
BRDA:29,4,1,0
BRDA:58,5,0,0
BRDA:58,5,1,0
BRDA:59,6,0,0
BRDA:59,6,1,0
BRDA:63,7,0,0
BRDA:63,7,1,0
BRDA:67,8,0,0
BRDA:67,8,1,0
BRDA:70,9,0,0
BRDA:70,9,1,0
BRDA:101,10,0,0
BRDA:101,10,1,0
BRDA:105,11,0,0
BRDA:105,11,1,0
BRF:24
BRH:0
end_of_record
TN:
SF:lib\payment-common.js
FN:5,(anonymous_0)
FNF:1
FNH:0
FNDA:0,(anonymous_0)
DA:1,2
DA:2,2
DA:3,2
DA:5,2
DA:6,0
DA:7,0
DA:8,0
DA:11,0
DA:25,0
DA:26,0
DA:37,0
DA:40,0
DA:45,0
DA:46,0
DA:47,0
DA:51,2
LF:16
LH:5
BRF:0
BRH:0
end_of_record
TN:
SF:lib\modules\discount-voucher.js
FN:1,(anonymous_0)
FNF:1
FNH:0
FNDA:0,(anonymous_0)
DA:1,2
DA:2,0
DA:3,0
DA:4,0
DA:5,0
DA:7,0
DA:9,0
DA:13,0
DA:16,2
LF:9
LH:2
BRDA:3,0,0,0
BRDA:3,0,1,0
BRDA:4,1,0,0
BRDA:4,1,1,0
BRDA:7,2,0,0
BRDA:7,2,1,0
BRF:6
BRH:0
end_of_record
TN:
SF:lib\modules\reviews-basic.js
FN:4,(anonymous_0)
FN:19,(anonymous_1)
FN:20,(anonymous_2)
FN:48,(anonymous_3)
FNF:4
FNH:0
FNDA:0,(anonymous_0)
FNDA:0,(anonymous_1)
FNDA:0,(anonymous_2)
FNDA:0,(anonymous_3)
DA:1,2
DA:2,2
DA:4,2
DA:5,0
DA:8,0
DA:12,0
DA:13,0
DA:19,0
DA:20,0
DA:21,0
DA:22,0
DA:28,0
DA:37,0
DA:38,0
DA:39,0
DA:41,0
DA:42,0
DA:48,2
DA:49,0
DA:50,0
DA:52,0
DA:53,0
DA:55,0
DA:56,0
DA:58,0
DA:59,0
DA:61,0
DA:62,0
DA:64,0
DA:65,0
DA:67,0
DA:69,0
DA:72,2
LF:33
LH:5
BRDA:12,0,0,0
BRDA:12,0,1,0
BRDA:21,1,0,0
BRDA:21,1,1,0
BRDA:21,2,0,0
BRDA:21,2,1,0
BRDA:50,3,0,0
BRDA:50,3,1,0
BRDA:50,3,2,0
BRDA:50,3,3,0
BRDA:50,3,4,0
BRDA:50,3,5,0
BRF:12
BRH:0
end_of_record
TN:
SF:lib\modules\shipping-basic.js
FN:6,(anonymous_0)
FNF:1
FNH:0
FNDA:0,(anonymous_0)
DA:1,2
DA:2,2
DA:3,2
DA:4,2
DA:6,2
DA:8,0
DA:9,0
DA:10,0
DA:11,0
DA:12,0
DA:16,0
DA:17,0
DA:18,0
DA:19,0
DA:20,0
DA:24,0
DA:25,0
DA:26,0
DA:27,0
DA:28,0
DA:32,0
DA:33,0
DA:34,0
DA:35,0
DA:36,0
DA:40,0
DA:41,0
DA:42,0
DA:45,2
LF:29
LH:6
BRDA:8,0,0,0
BRDA:8,0,1,0
BRDA:16,1,0,0
BRDA:16,1,1,0
BRDA:24,2,0,0
BRDA:24,2,1,0
BRDA:32,3,0,0
BRDA:32,3,1,0
BRF:8
BRH:0
end_of_record
TN:
SF:lib\payments\stripe.js
FN:9,(anonymous_0)
FN:65,(anonymous_1)
FNF:2
FNH:0
FNDA:0,(anonymous_0)
FNDA:0,(anonymous_1)
DA:1,2
DA:2,2
DA:3,2
DA:4,2
DA:5,2
DA:6,2
DA:7,2
DA:9,2
DA:10,0
DA:11,0
DA:14,0
DA:19,0
DA:21,0
DA:28,0
DA:32,0
DA:35,0
DA:43,0
DA:46,0
DA:47,0
DA:48,0
DA:49,0
DA:53,0
DA:58,0
DA:60,0
DA:65,2
DA:66,0
DA:67,0
DA:68,0
DA:69,0
DA:72,0
DA:75,0
DA:76,0
DA:77,0
DA:78,0
DA:79,0
DA:82,0
DA:87,0
DA:88,0
DA:89,0
DA:90,0
DA:91,0
DA:95,0
DA:96,0
DA:97,0
DA:98,0
DA:99,0
DA:103,0
DA:114,0
DA:117,0
DA:120,0
DA:145,0
DA:148,0
DA:151,0
DA:153,0
DA:158,0
DA:165,0
DA:177,0
DA:186,0
DA:188,0
DA:190,0
DA:191,0
DA:192,0
DA:193,0
DA:194,0
DA:197,0
DA:207,0
DA:208,0
DA:213,0
DA:216,0
DA:217,0
DA:220,0
DA:221,0
DA:222,0
DA:223,0
DA:224,0
DA:227,2
LF:76
LH:10
BRDA:19,0,0,0
BRDA:19,0,1,0
BRDA:46,1,0,0
BRDA:46,1,1,0
BRDA:75,2,0,0
BRDA:75,2,1,0
BRDA:75,3,0,0
BRDA:75,3,1,0
BRDA:87,4,0,0
BRDA:87,4,1,0
BRDA:97,5,0,0
BRDA:97,5,1,0
BRDA:151,6,0,0
BRDA:151,6,1,0
BRDA:188,7,0,0
BRDA:188,7,1,0
BRDA:207,8,0,0
BRDA:207,8,1,0
BRF:18
BRH:0
end_of_record
TN:
SF:routes\admin.js
FN:46,(anonymous_0)
FN:51,(anonymous_1)
FN:60,(anonymous_2)
FN:68,(anonymous_3)
FN:93,(anonymous_4)
FN:104,(anonymous_5)
FN:119,(anonymous_6)
FN:142,(anonymous_7)
FN:171,(anonymous_8)
FN:225,(anonymous_9)
FN:242,(anonymous_10)
FN:263,(anonymous_11)
FN:274,(anonymous_12)
FN:290,(anonymous_13)
FN:309,(anonymous_14)
FN:327,(anonymous_15)
FN:359,(anonymous_16)
FN:396,(anonymous_17)
FN:415,(anonymous_18)
FN:425,(anonymous_19)
FN:435,(anonymous_20)
FN:445,(anonymous_21)
FN:455,(anonymous_22)
FN:476,(anonymous_23)
FN:495,(anonymous_24)
FN:514,(anonymous_25)
FN:568,(anonymous_26)
FN:582,(anonymous_27)
FN:628,(anonymous_28)
FN:641,(anonymous_29)
FN:690,(anonymous_30)
FN:759,(anonymous_31)
FN:766,(anonymous_32)
FNF:33
FNH:1
FNDA:0,(anonymous_0)
FNDA:0,(anonymous_1)
FNDA:0,(anonymous_2)
FNDA:0,(anonymous_3)
FNDA:0,(anonymous_4)
FNDA:0,(anonymous_5)
FNDA:0,(anonymous_6)
FNDA:0,(anonymous_7)
FNDA:0,(anonymous_8)
FNDA:0,(anonymous_9)
FNDA:0,(anonymous_10)
FNDA:0,(anonymous_11)
FNDA:0,(anonymous_12)
FNDA:0,(anonymous_13)
FNDA:0,(anonymous_14)
FNDA:0,(anonymous_15)
FNDA:0,(anonymous_16)
FNDA:0,(anonymous_17)
FNDA:0,(anonymous_18)
FNDA:0,(anonymous_19)
FNDA:0,(anonymous_20)
FNDA:0,(anonymous_21)
FNDA:0,(anonymous_22)
FNDA:0,(anonymous_23)
FNDA:0,(anonymous_24)
FNDA:6,(anonymous_25)
FNDA:0,(anonymous_26)
FNDA:0,(anonymous_27)
FNDA:0,(anonymous_28)
FNDA:0,(anonymous_29)
FNDA:0,(anonymous_30)
FNDA:0,(anonymous_31)
FNDA:0,(anonymous_32)
DA:1,2
DA:2,2
DA:3,2
DA:4,2
DA:5,2
DA:6,2
DA:7,2
DA:8,2
DA:9,2
DA:10,2
DA:11,2
DA:12,2
DA:13,2
DA:14,2
DA:24,2
DA:28,2
DA:36,2
DA:37,2
DA:38,2
DA:39,2
DA:42,2
DA:43,2
DA:46,2
DA:47,0
DA:51,2
DA:52,0
DA:53,0
DA:54,0
DA:55,0
DA:59,2
DA:60,2
DA:61,0
DA:68,2
DA:69,0
DA:71,0
DA:73,0
DA:75,0
DA:76,0
DA:87,0
DA:88,0
DA:93,2
DA:94,0
DA:96,0
DA:97,0
DA:98,0
DA:99,0
DA:103,0
DA:105,0
DA:106,0
DA:107,0
DA:108,0
DA:109,0
DA:110,0
DA:111,0
DA:114,0
DA:119,2
DA:120,0
DA:122,0
DA:125,0
DA:126,0
DA:127,0
DA:128,0
DA:136,0
DA:138,0
DA:142,2
DA:143,0
DA:145,0
DA:154,0
DA:155,0
DA:157,0
DA:158,0
DA:159,0
DA:160,0
DA:162,0
DA:163,0
DA:164,0
DA:167,0
DA:171,2
DA:172,0
DA:175,0
DA:201,0
DA:202,0
DA:204,0
DA:205,0
DA:207,0
DA:210,0
DA:225,2
DA:226,0
DA:242,2
DA:243,0
DA:244,0
DA:255,0
DA:256,0
DA:257,0
DA:259,0
DA:263,2
DA:264,0
DA:265,0
DA:266,0
DA:267,0
DA:268,0
DA:270,0
DA:274,2
DA:275,0
DA:276,0
DA:290,2
DA:291,0
DA:292,0
DA:294,0
DA:309,2
DA:310,0
DA:312,0
DA:327,2
DA:328,0
DA:329,0
DA:330,0
DA:331,0
DA:332,0
DA:340,0
DA:343,0
DA:359,2
DA:360,0
DA:362,0
DA:369,0
DA:371,0
DA:372,0
DA:373,0
DA:374,0
DA:377,0
DA:378,0
DA:379,0
DA:381,0
DA:385,0
DA:386,0
DA:387,0
DA:388,0
DA:390,0
DA:396,2
DA:397,0
DA:399,0
DA:400,0
DA:401,0
DA:402,0
DA:405,0
DA:406,0
DA:407,0
DA:408,0
DA:410,0
DA:415,2
DA:416,0
DA:417,0
DA:418,0
DA:419,0
DA:421,0
DA:425,2
DA:426,0
DA:427,0
DA:428,0
DA:429,0
DA:431,0
DA:435,2
DA:436,0
DA:437,0
DA:438,0
DA:439,0
DA:441,0
DA:445,2
DA:446,0
DA:447,0
DA:448,0
DA:449,0
DA:451,0
DA:455,2
DA:458,0
DA:460,0
DA:461,0
DA:462,0
DA:464,0
DA:467,0
DA:468,0
DA:469,0
DA:470,0
DA:472,0
DA:476,2
DA:477,0
DA:479,0
DA:481,0
DA:495,2
DA:496,0
DA:498,0
DA:500,0
DA:514,2
DA:515,6
DA:518,6
DA:528,6
DA:529,6
DA:530,1
DA:531,1
DA:535,5
DA:536,2
DA:537,2
DA:541,3
DA:542,1
DA:543,1
DA:547,2
DA:551,2
DA:552,1
DA:553,1
DA:557,1
DA:559,1
DA:560,1
DA:561,1
DA:563,0
DA:568,2
DA:569,0
DA:582,2
DA:583,0
DA:586,0
DA:595,0
DA:596,0
DA:597,0
DA:598,0
DA:602,0
DA:605,0
DA:606,0
DA:607,0
DA:611,0
DA:612,0
DA:613,0
DA:617,0
DA:618,0
DA:619,0
DA:623,0
DA:624,0
DA:628,2
DA:629,0
DA:631,0
DA:632,0
DA:633,0
DA:634,0
DA:636,0
DA:641,2
DA:642,0
DA:645,0
DA:646,0
DA:648,0
DA:649,0
DA:653,0
DA:654,0
DA:655,0
DA:656,0
DA:661,0
DA:662,0
DA:663,0
DA:667,0
DA:668,0
DA:671,0
DA:673,0
DA:675,0
DA:676,0
DA:680,0
DA:681,0
DA:683,0
DA:684,0
DA:689,2
DA:690,2
DA:691,0
DA:693,0
DA:694,0
DA:697,0
DA:700,0
DA:702,0
DA:705,0
DA:706,0
DA:710,0
DA:711,0
DA:713,0
DA:716,0
DA:717,0
DA:720,0
DA:721,0
DA:724,0
DA:727,0
DA:730,0
DA:731,0
DA:733,0
DA:734,0
DA:740,0
DA:743,0
DA:744,0
DA:746,0
DA:748,0
DA:749,0
DA:753,0
DA:754,0
DA:759,2
DA:760,0
DA:762,0
DA:763,0
DA:766,2
DA:767,0
DA:768,0
DA:769,0
DA:772,0
DA:773,0
DA:774,0
DA:777,0
DA:778,0
DA:779,0
DA:782,0
DA:784,0
DA:792,0
DA:800,0
DA:807,0
DA:815,0
DA:816,0
DA:817,0
DA:818,0
DA:820,0
DA:821,0
DA:824,0
DA:828,0
DA:832,0
DA:839,0
DA:840,0
DA:847,0
DA:848,0
DA:855,0
DA:856,0
DA:862,0
DA:869,2
LF:331
LH:77
BRDA:59,0,0,2
BRDA:59,0,1,0
BRDA:73,1,0,0
BRDA:73,1,1,0
BRDA:73,2,0,0
BRDA:73,2,1,0
BRDA:97,3,0,0
BRDA:97,3,1,0
BRDA:97,4,0,0
BRDA:97,4,1,0
BRDA:105,5,0,0
BRDA:105,5,1,0
BRDA:126,6,0,0
BRDA:126,6,1,0
BRDA:155,7,0,0
BRDA:155,7,1,0
BRDA:201,8,0,0
BRDA:201,8,1,0
BRDA:204,9,0,0
BRDA:204,9,1,0
BRDA:235,10,0,0
BRDA:235,10,1,0
BRDA:236,11,0,0
BRDA:236,11,1,0
BRDA:255,12,0,0
BRDA:255,12,1,0
BRDA:255,13,0,0
BRDA:255,13,1,0
BRDA:265,14,0,0
BRDA:265,14,1,0
BRDA:331,15,0,0
BRDA:331,15,1,0
BRDA:369,16,0,0
BRDA:369,16,1,0
BRDA:372,17,0,0
BRDA:372,17,1,0
BRDA:400,18,0,0
BRDA:400,18,1,0
BRDA:417,19,0,0
BRDA:417,19,1,0
BRDA:427,20,0,0
BRDA:427,20,1,0
BRDA:437,21,0,0
BRDA:437,21,1,0
BRDA:447,22,0,0
BRDA:447,22,1,0
BRDA:461,23,0,0
BRDA:461,23,1,0
BRDA:461,24,0,0
BRDA:461,24,1,0
BRDA:468,25,0,0
BRDA:468,25,1,0
BRDA:468,26,0,0
BRDA:468,26,1,0
BRDA:529,27,0,1
BRDA:529,27,1,5
BRDA:535,28,0,2
BRDA:535,28,1,3
BRDA:541,29,0,1
BRDA:541,29,1,2
BRDA:551,30,0,1
BRDA:551,30,1,1
BRDA:596,31,0,0
BRDA:596,31,1,0
BRDA:605,32,0,0
BRDA:605,32,1,0
BRDA:611,33,0,0
BRDA:611,33,1,0
BRDA:617,34,0,0
BRDA:617,34,1,0
BRDA:646,35,0,0
BRDA:646,35,1,0
BRDA:653,36,0,0
BRDA:653,36,1,0
BRDA:654,37,0,0
BRDA:654,37,1,0
BRDA:661,38,0,0
BRDA:661,38,1,0
BRDA:667,39,0,0
BRDA:667,39,1,0
BRDA:675,40,0,0
BRDA:675,40,1,0
BRDA:693,41,0,0
BRDA:693,41,1,0
BRDA:700,42,0,0
BRDA:700,42,1,0
BRDA:700,43,0,0
BRDA:700,43,1,0
BRDA:711,44,0,0
BRDA:711,44,1,0
BRDA:743,45,0,0
BRDA:743,45,1,0
BRDA:782,46,0,0
BRDA:782,46,1,0
BRDA:815,47,0,0
BRDA:815,47,1,0
BRDA:818,48,0,0
BRDA:818,48,1,0
BRDA:839,49,0,0
BRDA:839,49,1,0
BRDA:847,50,0,0
BRDA:847,50,1,0
BRDA:855,51,0,0
BRDA:855,51,1,0
BRF:104
BRH:9
end_of_record
TN:
SF:routes\customer.js
FN:26,(anonymous_0)
FN:62,(anonymous_1)
FN:93,(anonymous_2)
FN:131,(anonymous_3)
FN:158,(anonymous_4)
FN:203,(anonymous_5)
FN:226,(anonymous_6)
FN:269,(anonymous_7)
FN:281,(anonymous_8)
FN:296,(anonymous_9)
FN:306,(anonymous_10)
FN:341,(anonymous_11)
FN:364,(anonymous_12)
FN:370,(anonymous_13)
FN:397,(anonymous_14)
FN:428,(anonymous_15)
FN:442,(anonymous_16)
FN:455,(anonymous_17)
FN:483,(anonymous_18)
FN:491,(anonymous_19)
FN:505,(anonymous_20)
FN:546,(anonymous_21)
FN:572,(anonymous_22)
FN:607,(anonymous_23)
FN:619,(anonymous_24)
FN:626,(anonymous_25)
FNF:26
FNH:0
FNDA:0,(anonymous_0)
FNDA:0,(anonymous_1)
FNDA:0,(anonymous_2)
FNDA:0,(anonymous_3)
FNDA:0,(anonymous_4)
FNDA:0,(anonymous_5)
FNDA:0,(anonymous_6)
FNDA:0,(anonymous_7)
FNDA:0,(anonymous_8)
FNDA:0,(anonymous_9)
FNDA:0,(anonymous_10)
FNDA:0,(anonymous_11)
FNDA:0,(anonymous_12)
FNDA:0,(anonymous_13)
FNDA:0,(anonymous_14)
FNDA:0,(anonymous_15)
FNDA:0,(anonymous_16)
FNDA:0,(anonymous_17)
FNDA:0,(anonymous_18)
FNDA:0,(anonymous_19)
FNDA:0,(anonymous_20)
FNDA:0,(anonymous_21)
FNDA:0,(anonymous_22)
FNDA:0,(anonymous_23)
FNDA:0,(anonymous_24)
FNDA:0,(anonymous_25)
DA:1,2
DA:2,2
DA:3,2
DA:4,2
DA:5,2
DA:14,2
DA:15,2
DA:16,2
DA:17,2
DA:18,2
DA:20,2
DA:26,2
DA:27,0
DA:29,0
DA:44,0
DA:45,0
DA:46,0
DA:47,0
DA:51,0
DA:52,0
DA:53,0
DA:56,0
DA:59,0
DA:60,0
DA:61,0
DA:64,0
DA:65,0
DA:68,0
DA:69,0
DA:70,0
DA:71,0
DA:72,0
DA:73,0
DA:74,0
DA:75,0
DA:76,0
DA:77,0
DA:78,0
DA:79,0
DA:80,0
DA:83,0
DA:86,0
DA:87,0
DA:93,2
DA:94,0
DA:107,0
DA:108,0
DA:109,0
DA:110,0
DA:114,0
DA:115,0
DA:116,0
DA:117,0
DA:118,0
DA:119,0
DA:120,0
DA:121,0
DA:122,0
DA:123,0
DA:124,0
DA:125,0
DA:127,0
DA:131,2
DA:132,0
DA:133,0
DA:135,0
DA:136,0
DA:137,0
DA:140,0
DA:145,0
DA:158,2
DA:159,0
DA:161,0
DA:162,0
DA:163,0
DA:166,0
DA:179,0
DA:180,0
DA:181,0
DA:182,0
DA:183,0
DA:187,0
DA:188,0
DA:189,0
DA:192,0
DA:195,0
DA:196,0
DA:202,0
DA:205,0
DA:206,0
DA:207,0
DA:208,0
DA:209,0
DA:210,0
DA:211,0
DA:212,0
DA:213,0
DA:214,0
DA:215,0
DA:217,0
DA:220,0
DA:221,0
DA:226,2
DA:227,0
DA:229,0
DA:243,0
DA:245,0
DA:246,0
DA:247,0
DA:248,0
DA:249,0
DA:253,0
DA:254,0
DA:255,0
DA:258,0
DA:261,0
DA:262,0
DA:268,0
DA:270,0
DA:271,0
DA:272,0
DA:275,0
DA:276,0
DA:281,2
DA:282,0
DA:285,0
DA:286,0
DA:287,0
DA:290,0
DA:293,0
DA:294,0
DA:295,0
DA:297,0
DA:300,0
DA:301,0
DA:306,2
DA:307,0
DA:309,0
DA:311,0
DA:313,0
DA:314,0
DA:316,0
DA:317,0
DA:318,0
DA:322,0
DA:323,0
DA:326,0
DA:341,2
DA:342,0
DA:344,0
DA:347,0
DA:348,0
DA:351,0
DA:364,2
DA:365,0
DA:366,0
DA:367,0
DA:369,0
DA:370,0
DA:371,0
DA:375,0
DA:378,0
DA:379,0
DA:384,0
DA:397,2
DA:398,0
DA:399,0
DA:402,0
DA:404,0
DA:405,0
DA:406,0
DA:407,0
DA:408,0
DA:409,0
DA:410,0
DA:411,0
DA:412,0
DA:413,0
DA:414,0
DA:415,0
DA:416,0
DA:418,0
DA:423,0
DA:428,2
DA:429,0
DA:431,0
DA:442,2
DA:443,0
DA:445,0
DA:447,0
DA:448,0
DA:451,0
DA:454,0
DA:456,0
DA:458,0
DA:461,0
DA:465,0
DA:466,0
DA:467,0
DA:468,0
DA:469,0
DA:470,0
DA:471,0
DA:472,0
DA:473,0
DA:474,0
DA:475,0
DA:476,0
DA:478,0
DA:484,0
DA:491,2
DA:492,0
DA:505,2
DA:506,0
DA:507,0
DA:508,0
DA:511,0
DA:512,0
DA:513,0
DA:515,0
DA:518,0
DA:520,0
DA:521,0
DA:523,0
DA:534,0
DA:535,0
DA:539,0
DA:546,2
DA:547,0
DA:550,0
DA:551,0
DA:552,0
DA:553,0
DA:554,0
DA:555,0
DA:559,0
DA:572,2
DA:573,0
DA:576,0
DA:577,0
DA:578,0
DA:579,0
DA:580,0
DA:584,0
DA:585,0
DA:586,0
DA:587,0
DA:594,0
DA:595,0
DA:596,0
DA:597,0
DA:599,0
DA:600,0
DA:601,0
DA:602,0
DA:607,2
DA:608,0
DA:609,0
DA:613,0
DA:619,2
DA:621,0
DA:622,0
DA:626,2
DA:628,0
DA:629,0
DA:632,2
LF:266
LH:31
BRDA:45,0,0,0
BRDA:45,0,1,0
BRDA:52,1,0,0
BRDA:52,1,1,0
BRDA:108,2,0,0
BRDA:108,2,1,0
BRDA:135,3,0,0
BRDA:135,3,1,0
BRDA:161,4,0,0
BRDA:161,4,1,0
BRDA:180,5,0,0
BRDA:180,5,1,0
BRDA:188,6,0,0
BRDA:188,6,1,0
BRDA:243,7,0,0
BRDA:243,7,1,0
BRDA:246,8,0,0
BRDA:246,8,1,0
BRDA:254,9,0,0
BRDA:254,9,1,0
BRDA:286,10,0,0
BRDA:286,10,1,0
BRDA:311,11,0,0
BRDA:311,11,1,0
BRDA:313,12,0,0
BRDA:313,12,1,0
BRDA:322,13,0,0
BRDA:322,13,1,0
BRDA:347,14,0,0
BRDA:347,14,1,0
BRDA:378,15,0,0
BRDA:378,15,1,0
BRDA:404,16,0,0
BRDA:404,16,1,0
BRDA:447,17,0,0
BRDA:447,17,1,0
BRDA:447,18,0,0
BRDA:447,18,1,0
BRDA:456,19,0,0
BRDA:456,19,1,0
BRDA:513,20,0,0
BRDA:513,20,1,0
BRDA:551,21,0,0
BRDA:551,21,1,0
BRDA:577,22,0,0
BRDA:577,22,1,0
BRDA:608,23,0,0
BRDA:608,23,1,0
BRF:48
BRH:0
end_of_record
TN:
SF:routes\index.js
FN:44,(anonymous_0)
FN:56,(anonymous_1)
FN:71,(anonymous_2)
FN:156,(anonymous_3)
FN:160,(anonymous_4)
FN:192,(anonymous_5)
FN:236,(anonymous_6)
FN:251,(anonymous_7)
FN:261,(anonymous_8)
FN:306,(anonymous_9)
FN:332,(anonymous_10)
FN:389,(anonymous_11)
FN:411,(anonymous_12)
FN:490,(anonymous_13)
FN:493,(anonymous_14)
FN:526,(anonymous_15)
FN:541,(anonymous_16)
FN:660,(anonymous_17)
FN:690,(anonymous_18)
FN:695,(anonymous_19)
FN:852,(anonymous_20)
FN:938,(anonymous_21)
FN:946,(anonymous_22)
FN:959,(anonymous_23)
FN:985,(anonymous_24)
FN:991,(anonymous_25)
FN:999,(anonymous_26)
FN:1012,(anonymous_27)
FN:1033,(anonymous_28)
FN:1041,(anonymous_29)
FN:1047,(anonymous_30)
FN:1053,(anonymous_31)
FN:1057,(anonymous_32)
FN:1074,(anonymous_33)
FN:1085,(anonymous_34)
FN:1094,(anonymous_35)
FN:1118,(anonymous_36)
FN:1124,(anonymous_37)
FN:1135,(anonymous_38)
FN:1159,(anonymous_39)
FNF:40
FNH:0
FNDA:0,(anonymous_0)
FNDA:0,(anonymous_1)
FNDA:0,(anonymous_2)
FNDA:0,(anonymous_3)
FNDA:0,(anonymous_4)
FNDA:0,(anonymous_5)
FNDA:0,(anonymous_6)
FNDA:0,(anonymous_7)
FNDA:0,(anonymous_8)
FNDA:0,(anonymous_9)
FNDA:0,(anonymous_10)
FNDA:0,(anonymous_11)
FNDA:0,(anonymous_12)
FNDA:0,(anonymous_13)
FNDA:0,(anonymous_14)
FNDA:0,(anonymous_15)
FNDA:0,(anonymous_16)
FNDA:0,(anonymous_17)
FNDA:0,(anonymous_18)
FNDA:0,(anonymous_19)
FNDA:0,(anonymous_20)
FNDA:0,(anonymous_21)
FNDA:0,(anonymous_22)
FNDA:0,(anonymous_23)
FNDA:0,(anonymous_24)
FNDA:0,(anonymous_25)
FNDA:0,(anonymous_26)
FNDA:0,(anonymous_27)
FNDA:0,(anonymous_28)
FNDA:0,(anonymous_29)
FNDA:0,(anonymous_30)
FNDA:0,(anonymous_31)
FNDA:0,(anonymous_32)
FNDA:0,(anonymous_33)
FNDA:0,(anonymous_34)
FNDA:0,(anonymous_35)
FNDA:0,(anonymous_36)
FNDA:0,(anonymous_37)
FNDA:0,(anonymous_38)
FNDA:0,(anonymous_39)
DA:1,2
DA:2,2
DA:3,2
DA:4,2
DA:5,2
DA:6,2
DA:7,2
DA:8,2
DA:9,2
DA:17,2
DA:21,2
DA:24,2
DA:29,2
DA:33,2
DA:37,2
DA:40,2
DA:41,2
DA:44,2
DA:45,0
DA:46,0
DA:47,0
DA:49,0
DA:51,0
DA:52,0
DA:56,2
DA:57,0
DA:58,0
DA:61,0
DA:62,0
DA:63,0
DA:64,0
DA:68,0
DA:70,0
DA:71,0
DA:72,0
DA:73,0
DA:74,0
DA:77,0
DA:78,0
DA:82,0
DA:83,0
DA:85,0
DA:90,0
DA:91,0
DA:92,0
DA:96,0
DA:98,0
DA:107,0
DA:117,0
DA:125,0
DA:130,0
DA:131,0
DA:132,0
DA:141,0
DA:142,0
DA:143,0
DA:156,2
DA:157,0
DA:160,2
DA:161,0
DA:164,0
DA:165,0
DA:166,0
DA:167,0
DA:168,0
DA:171,0
DA:172,0
DA:173,0
DA:177,0
DA:192,2
DA:193,0
DA:196,0
DA:197,0
DA:198,0
DA:199,0
DA:200,0
DA:203,0
DA:204,0
DA:205,0
DA:206,0
DA:207,0
DA:211,0
DA:214,0
DA:221,0
DA:236,2
DA:237,0
DA:239,0
DA:251,2
DA:252,0
DA:254,0
DA:261,2
DA:262,0
DA:265,0
DA:266,0
DA:267,0
DA:268,0
DA:269,0
DA:272,0
DA:273,0
DA:274,0
DA:278,0
DA:281,0
DA:282,0
DA:283,0
DA:284,0
DA:287,0
DA:306,2
DA:307,0
DA:308,0
DA:309,0
DA:310,0
DA:314,0
DA:332,2
DA:333,0
DA:334,0
DA:337,0
DA:338,0
DA:341,0
DA:345,0
DA:346,0
DA:349,0
DA:353,0
DA:354,0
DA:357,0
DA:361,0
DA:362,0
DA:363,0
DA:366,0
DA:370,0
DA:371,0
DA:374,0
DA:378,0
DA:381,0
DA:384,0
DA:389,2
DA:391,0
DA:392,0
DA:395,0
DA:399,0
DA:402,0
DA:405,0
DA:411,2
DA:412,0
DA:413,0
DA:414,0
DA:416,0
DA:417,0
DA:418,0
DA:419,0
DA:421,0
DA:422,0
DA:423,0
DA:427,0
DA:430,0
DA:438,0
DA:439,0
DA:441,0
DA:442,0
DA:443,0
DA:444,0
DA:446,0
DA:447,0
DA:448,0
DA:449,0
DA:451,0
DA:464,0
DA:466,0
DA:467,0
DA:471,0
DA:475,0
DA:476,0
DA:477,0
DA:481,0
DA:484,0
DA:485,0
DA:486,0
DA:487,0
DA:488,0
DA:489,0
DA:490,0
DA:491,0
DA:492,0
DA:493,0
DA:494,0
DA:497,0
DA:500,0
DA:505,0
DA:526,2
DA:527,0
DA:530,0
DA:533,0
DA:534,0
DA:537,0
DA:541,2
DA:542,0
DA:543,0
DA:544,0
DA:547,0
DA:548,0
DA:549,0
DA:552,0
DA:553,0
DA:554,0
DA:555,0
DA:559,0
DA:560,0
DA:561,0
DA:564,0
DA:566,0
DA:567,0
DA:568,0
DA:572,0
DA:573,0
DA:574,0
DA:578,0
DA:579,0
DA:580,0
DA:583,0
DA:586,0
DA:587,0
DA:590,0
DA:591,0
DA:595,0
DA:596,0
DA:597,0
DA:599,0
DA:600,0
DA:604,0
DA:606,0
DA:608,0
DA:609,0
DA:610,0
DA:614,0
DA:628,0
DA:629,0
DA:630,0
DA:633,0
DA:634,0
DA:635,0
DA:642,0
DA:643,0
DA:646,0
DA:649,0
DA:652,0
DA:656,0
DA:660,2
DA:661,0
DA:664,0
DA:665,0
DA:669,0
DA:672,0
DA:673,0
DA:677,0
DA:681,0
DA:684,0
DA:686,0
DA:690,2
DA:691,0
DA:695,2
DA:696,0
DA:697,0
DA:698,0
DA:699,0
DA:702,0
DA:703,0
DA:709,0
DA:710,0
DA:714,0
DA:715,0
DA:719,0
DA:722,0
DA:723,0
DA:727,0
DA:728,0
DA:732,0
DA:733,0
DA:734,0
DA:739,0
DA:740,0
DA:743,0
DA:746,0
DA:747,0
DA:751,0
DA:752,0
DA:754,0
DA:755,0
DA:756,0
DA:757,0
DA:758,0
DA:762,0
DA:764,0
DA:766,0
DA:767,0
DA:771,0
DA:784,0
DA:785,0
DA:786,0
DA:787,0
DA:790,0
DA:791,0
DA:799,0
DA:800,0
DA:801,0
DA:802,0
DA:803,0
DA:806,0
DA:809,0
DA:810,0
DA:811,0
DA:812,0
DA:813,0
DA:814,0
DA:815,0
DA:816,0
DA:817,0
DA:818,0
DA:819,0
DA:820,0
DA:822,0
DA:826,0
DA:830,0
DA:835,0
DA:838,0
DA:840,0
DA:841,0
DA:844,0
DA:852,2
DA:853,0
DA:856,0
DA:858,0
DA:859,0
DA:865,0
DA:866,0
DA:870,0
DA:871,0
DA:875,0
DA:876,0
DA:882,0
DA:883,0
DA:886,0
DA:887,0
DA:891,0
DA:892,0
DA:898,0
DA:899,0
DA:900,0
DA:901,0
DA:907,0
DA:908,0
DA:914,0
DA:916,0
DA:922,0
DA:923,0
DA:924,0
DA:928,0
DA:932,0
DA:938,2
DA:939,0
DA:940,0
DA:941,0
DA:942,0
DA:943,0
DA:945,0
DA:946,0
DA:947,0
DA:950,0
DA:951,0
DA:952,0
DA:955,0
DA:961,0
DA:962,0
DA:963,0
DA:966,0
DA:986,0
DA:991,2
DA:992,0
DA:993,0
DA:994,0
DA:995,0
DA:996,0
DA:998,0
DA:999,0
DA:1000,0
DA:1003,0
DA:1004,0
DA:1005,0
DA:1008,0
DA:1013,0
DA:1016,0
DA:1017,0
DA:1018,0
DA:1021,0
DA:1033,0
DA:1042,0
DA:1047,2
DA:1048,0
DA:1049,0
DA:1053,2
DA:1054,0
DA:1055,0
DA:1057,0
DA:1058,0
DA:1059,0
DA:1061,0
DA:1070,0
DA:1071,0
DA:1072,0
DA:1074,0
DA:1075,0
DA:1076,0
DA:1078,0
DA:1079,0
DA:1080,0
DA:1085,2
DA:1086,0
DA:1087,0
DA:1088,0
DA:1090,0
DA:1096,0
DA:1097,0
DA:1098,0
DA:1101,0
DA:1119,0
DA:1124,2
DA:1125,0
DA:1126,0
DA:1127,0
DA:1130,0
DA:1131,0
DA:1137,0
DA:1138,0
DA:1139,0
DA:1142,0
DA:1160,0
DA:1163,0
DA:1164,0
DA:1165,0
DA:1168,0
DA:1170,0
DA:1171,0
DA:1185,0
DA:1197,2
LF:442
LH:42
BRDA:62,0,0,0
BRDA:62,0,1,0
BRDA:68,1,0,0
BRDA:68,1,1,0
BRDA:68,2,0,0
BRDA:68,2,1,0
BRDA:70,3,0,0
BRDA:70,3,1,0
BRDA:77,4,0,0
BRDA:77,4,1,0
BRDA:82,5,0,0
BRDA:82,5,1,0
BRDA:91,6,0,0
BRDA:91,6,1,0
BRDA:96,7,0,0
BRDA:96,7,1,0
BRDA:130,8,0,0
BRDA:130,8,1,0
BRDA:130,9,0,0
BRDA:130,9,1,0
BRDA:142,10,0,0
BRDA:142,10,1,0
BRDA:164,11,0,0
BRDA:164,11,1,0
BRDA:172,12,0,0
BRDA:172,12,1,0
BRDA:196,13,0,0
BRDA:196,13,1,0
BRDA:203,14,0,0
BRDA:203,14,1,0
BRDA:211,15,0,0
BRDA:211,15,1,0
BRDA:257,16,0,0
BRDA:257,16,1,0
BRDA:265,17,0,0
BRDA:265,17,1,0
BRDA:273,18,0,0
BRDA:273,18,1,0
BRDA:282,19,0,0
BRDA:282,19,1,0
BRDA:309,20,0,0
BRDA:309,20,1,0
BRDA:337,21,0,0
BRDA:337,21,1,0
BRDA:345,22,0,0
BRDA:345,22,1,0
BRDA:353,23,0,0
BRDA:353,23,1,0
BRDA:353,24,0,0
BRDA:353,24,1,0
BRDA:362,25,0,0
BRDA:362,25,1,0
BRDA:370,26,0,0
BRDA:370,26,1,0
BRDA:391,27,0,0
BRDA:391,27,1,0
BRDA:417,28,0,0
BRDA:417,28,1,0
BRDA:421,29,0,0
BRDA:421,29,1,0
BRDA:438,30,0,0
BRDA:438,30,1,0
BRDA:441,31,0,0
BRDA:441,31,1,0
BRDA:443,32,0,0
BRDA:443,32,1,0
BRDA:447,33,0,0
BRDA:447,33,1,0
BRDA:466,34,0,0
BRDA:466,34,1,0
BRDA:466,35,0,0
BRDA:466,35,1,0
BRDA:475,36,0,0
BRDA:475,36,1,0
BRDA:485,37,0,0
BRDA:485,37,1,0
BRDA:533,38,0,0
BRDA:533,38,1,0
BRDA:547,39,0,0
BRDA:547,39,1,0
BRDA:553,40,0,0
BRDA:553,40,1,0
BRDA:559,41,0,0
BRDA:559,41,1,0
BRDA:560,42,0,0
BRDA:560,42,1,0
BRDA:564,43,0,0
BRDA:564,43,1,0
BRDA:572,44,0,0
BRDA:572,44,1,0
BRDA:578,45,0,0
BRDA:578,45,1,0
BRDA:590,46,0,0
BRDA:590,46,1,0
BRDA:595,47,0,0
BRDA:595,47,1,0
BRDA:604,48,0,0
BRDA:604,48,1,0
BRDA:606,49,0,0
BRDA:606,49,1,0
BRDA:606,50,0,0
BRDA:606,50,1,0
BRDA:608,51,0,0
BRDA:608,51,1,0
BRDA:628,52,0,0
BRDA:628,52,1,0
BRDA:633,53,0,0
BRDA:633,53,1,0
BRDA:664,54,0,0
BRDA:664,54,1,0
BRDA:672,55,0,0
BRDA:672,55,1,0
BRDA:698,56,0,0
BRDA:698,56,1,0
BRDA:699,57,0,0
BRDA:699,57,1,0
BRDA:702,58,0,0
BRDA:702,58,1,0
BRDA:702,59,0,0
BRDA:702,59,1,0
BRDA:709,60,0,0
BRDA:709,60,1,0
BRDA:714,61,0,0
BRDA:714,61,1,0
BRDA:722,62,0,0
BRDA:722,62,1,0
BRDA:727,63,0,0
BRDA:727,63,1,0
BRDA:732,64,0,0
BRDA:732,64,1,0
BRDA:733,65,0,0
BRDA:733,65,1,0
BRDA:746,66,0,0
BRDA:746,66,1,0
BRDA:751,67,0,0
BRDA:751,67,1,0
BRDA:762,68,0,0
BRDA:762,68,1,0
BRDA:764,69,0,0
BRDA:764,69,1,0
BRDA:764,70,0,0
BRDA:764,70,1,0
BRDA:766,71,0,0
BRDA:766,71,1,0
BRDA:784,72,0,0
BRDA:784,72,1,0
BRDA:786,73,0,0
BRDA:786,73,1,0
BRDA:790,74,0,0
BRDA:790,74,1,0
BRDA:800,75,0,0
BRDA:800,75,1,0
BRDA:819,76,0,0
BRDA:819,76,1,0
BRDA:840,77,0,0
BRDA:840,77,1,0
BRDA:856,78,0,0
BRDA:856,78,1,0
BRDA:858,79,0,0
BRDA:858,79,1,0
BRDA:865,80,0,0
BRDA:865,80,1,0
BRDA:870,81,0,0
BRDA:870,81,1,0
BRDA:875,82,0,0
BRDA:875,82,1,0
BRDA:886,83,0,0
BRDA:886,83,1,0
BRDA:891,84,0,0
BRDA:891,84,1,0
BRDA:900,85,0,0
BRDA:900,85,1,0
BRDA:900,86,0,0
BRDA:900,86,1,0
BRDA:907,87,0,0
BRDA:907,87,1,0
BRDA:923,88,0,0
BRDA:923,88,1,0
BRDA:943,89,0,0
BRDA:943,89,1,0
BRDA:951,90,0,0
BRDA:951,90,1,0
BRDA:961,91,0,0
BRDA:961,91,1,0
BRDA:996,92,0,0
BRDA:996,92,1,0
BRDA:1004,93,0,0
BRDA:1004,93,1,0
BRDA:1016,94,0,0
BRDA:1016,94,1,0
BRDA:1058,95,0,0
BRDA:1058,95,1,0
BRDA:1075,96,0,0
BRDA:1075,96,1,0
BRDA:1088,97,0,0
BRDA:1088,97,1,0
BRDA:1096,98,0,0
BRDA:1096,98,1,0
BRDA:1127,99,0,0
BRDA:1127,99,1,0
BRDA:1130,100,0,0
BRDA:1130,100,1,0
BRDA:1137,101,0,0
BRDA:1137,101,1,0
BRDA:1163,102,0,0
BRDA:1163,102,1,0
BRDA:1170,103,0,0
BRDA:1170,103,1,0
BRF:208
BRH:0
end_of_record
TN:
SF:routes\order.js
FN:22,(anonymous_0)
FN:55,(anonymous_1)
FN:90,(anonymous_2)
FN:110,(anonymous_3)
FN:124,(anonymous_4)
FN:170,(anonymous_5)
FN:212,(anonymous_6)
FN:218,(anonymous_7)
FN:247,(anonymous_8)
FN:256,(anonymous_9)
FN:286,(anonymous_10)
FNF:11
FNH:0
FNDA:0,(anonymous_0)
FNDA:0,(anonymous_1)
FNDA:0,(anonymous_2)
FNDA:0,(anonymous_3)
FNDA:0,(anonymous_4)
FNDA:0,(anonymous_5)
FNDA:0,(anonymous_6)
FNDA:0,(anonymous_7)
FNDA:0,(anonymous_8)
FNDA:0,(anonymous_9)
FNDA:0,(anonymous_10)
DA:1,2
DA:10,2
DA:13,2
DA:16,2
DA:17,2
DA:18,2
DA:19,2
DA:22,2
DA:23,0
DA:24,0
DA:25,0
DA:29,0
DA:32,0
DA:33,0
DA:36,0
DA:39,0
DA:55,2
DA:56,0
DA:58,0
DA:59,0
DA:60,0
DA:64,0
DA:65,0
DA:68,0
DA:69,0
DA:72,0
DA:75,0
DA:90,2
DA:91,0
DA:92,0
DA:93,0
DA:95,0
DA:110,2
DA:111,0
DA:124,2
DA:125,0
DA:126,0
DA:129,0
DA:130,0
DA:135,0
DA:162,0
DA:163,0
DA:166,0
DA:169,0
DA:172,0
DA:173,0
DA:174,0
DA:175,0
DA:176,0
DA:180,0
DA:189,0
DA:190,0
DA:194,0
DA:198,0
DA:201,0
DA:207,0
DA:212,2
DA:213,0
DA:214,0
DA:215,0
DA:217,0
DA:218,0
DA:219,0
DA:223,0
DA:226,0
DA:227,0
DA:230,0
DA:233,0
DA:247,2
DA:248,0
DA:251,0
DA:252,0
DA:255,0
DA:257,0
DA:258,0
DA:261,0
DA:265,0
DA:266,0
DA:267,0
DA:270,0
DA:271,0
DA:272,0
DA:275,0
DA:279,0
DA:280,0
DA:281,0
DA:286,2
DA:287,0
DA:288,0
DA:289,0
DA:290,0
DA:292,0
DA:294,0
DA:297,0
DA:299,0
DA:300,0
DA:304,2
LF:97
LH:16
BRDA:24,0,0,0
BRDA:24,0,1,0
BRDA:32,1,0,0
BRDA:32,1,1,0
BRDA:58,2,0,0
BRDA:58,2,1,0
BRDA:68,3,0,0
BRDA:68,3,1,0
BRDA:129,4,0,0
BRDA:129,4,1,0
BRDA:144,5,0,0
BRDA:144,5,1,0
BRDA:145,6,0,0
BRDA:145,6,1,0
BRDA:146,7,0,0
BRDA:146,7,1,0
BRDA:147,8,0,0
BRDA:147,8,1,0
BRDA:148,9,0,0
BRDA:148,9,1,0
BRDA:149,10,0,0
BRDA:149,10,1,0
BRDA:150,11,0,0
BRDA:150,11,1,0
BRDA:151,12,0,0
BRDA:151,12,1,0
BRDA:152,13,0,0
BRDA:152,13,1,0
BRDA:153,14,0,0
BRDA:153,14,1,0
BRDA:154,15,0,0
BRDA:154,15,1,0
BRDA:189,16,0,0
BRDA:189,16,1,0
BRDA:226,17,0,0
BRDA:226,17,1,0
BRDA:257,18,0,0
BRDA:257,18,1,0
BRDA:271,19,0,0
BRDA:271,19,1,0
BRDA:290,20,0,0
BRDA:290,20,1,0
BRF:42
BRH:0
end_of_record
TN:
SF:routes\product.js
FN:21,(anonymous_0)
FN:46,(anonymous_1)
FN:52,(anonymous_2)
FN:79,(anonymous_3)
FN:97,(anonymous_4)
FN:140,(anonymous_5)
FN:153,(anonymous_6)
FN:194,(anonymous_7)
FN:238,(anonymous_8)
FN:291,(anonymous_9)
FN:310,(anonymous_10)
FN:367,(anonymous_11)
FN:376,(anonymous_12)
FN:386,(anonymous_13)
FN:394,(anonymous_14)
FN:401,(anonymous_15)
FN:414,(anonymous_16)
FN:427,(anonymous_17)
FN:445,(anonymous_18)
FN:451,(anonymous_19)
FNF:20
FNH:2
FNDA:0,(anonymous_0)
FNDA:0,(anonymous_1)
FNDA:0,(anonymous_2)
FNDA:0,(anonymous_3)
FNDA:3,(anonymous_4)
FNDA:1,(anonymous_5)
FNDA:0,(anonymous_6)
FNDA:0,(anonymous_7)
FNDA:0,(anonymous_8)
FNDA:0,(anonymous_9)
FNDA:0,(anonymous_10)
FNDA:0,(anonymous_11)
FNDA:0,(anonymous_12)
FNDA:0,(anonymous_13)
FNDA:0,(anonymous_14)
FNDA:0,(anonymous_15)
FNDA:0,(anonymous_16)
FNDA:0,(anonymous_17)
FNDA:0,(anonymous_18)
FNDA:0,(anonymous_19)
DA:1,2
DA:2,2
DA:11,2
DA:12,2
DA:13,2
DA:14,2
DA:15,2
DA:16,2
DA:17,2
DA:18,2
DA:19,2
DA:21,2
DA:22,0
DA:23,0
DA:24,0
DA:28,0
DA:30,0
DA:46,2
DA:47,0
DA:48,0
DA:49,0
DA:51,0
DA:52,0
DA:53,0
DA:57,0
DA:59,0
DA:60,0
DA:61,0
DA:64,0
DA:79,2
DA:80,0
DA:97,2
DA:98,3
DA:100,3
DA:117,3
DA:118,3
DA:119,1
DA:120,0
DA:122,1
DA:123,1
DA:127,2
DA:128,2
DA:129,1
DA:130,1
DA:133,1
DA:134,1
DA:136,1
DA:139,1
DA:141,1
DA:147,0
DA:148,0
DA:153,2
DA:154,0
DA:156,0
DA:157,0
DA:158,0
DA:160,0
DA:161,0
DA:162,0
DA:164,0
DA:165,0
DA:166,0
DA:167,0
DA:171,0
DA:174,0
DA:175,0
DA:176,0
DA:179,0
DA:194,2
DA:195,0
DA:197,0
DA:205,0
DA:206,0
DA:207,0
DA:208,0
DA:210,0
DA:211,0
DA:215,0
DA:217,0
DA:218,0
DA:219,0
DA:220,0
DA:224,0
DA:225,0
DA:227,0
DA:228,0
DA:229,0
DA:230,0
DA:232,0
DA:233,0
DA:238,2
DA:239,0
DA:241,0
DA:250,0
DA:251,0
DA:252,0
DA:253,0
DA:255,0
DA:256,0
DA:260,0
DA:261,0
DA:262,0
DA:263,0
DA:266,0
DA:267,0
DA:268,0
DA:269,0
DA:273,0
DA:274,0
DA:276,0
DA:277,0
DA:284,0
DA:286,0
DA:291,2
DA:292,0
DA:294,0
DA:295,0
DA:296,0
DA:297,0
DA:300,0
DA:302,0
DA:303,0
DA:305,0
DA:310,2
DA:311,0
DA:313,0
DA:315,0
DA:316,0
DA:317,0
DA:319,0
DA:320,0
DA:321,0
DA:322,0
DA:325,0
DA:326,0
DA:343,0
DA:344,0
DA:345,0
DA:346,0
DA:350,0
DA:353,0
DA:354,0
DA:355,0
DA:357,0
DA:360,0
DA:363,0
DA:364,0
DA:366,0
DA:368,0
DA:371,0
DA:376,2
DA:377,0
DA:380,0
DA:383,0
DA:386,0
DA:387,0
DA:388,0
DA:389,0
DA:393,0
DA:395,0
DA:401,2
DA:402,0
DA:404,0
DA:405,0
DA:406,0
DA:408,0
DA:409,0
DA:414,2
DA:415,0
DA:417,0
DA:419,0
DA:420,0
DA:422,0
DA:427,2
DA:428,0
DA:431,0
DA:432,0
DA:433,0
DA:434,0
DA:437,0
DA:439,0
DA:443,0
DA:445,0
DA:447,0
DA:448,0
DA:451,0
DA:452,0
DA:453,0
DA:455,0
DA:461,2
LF:190
LH:41
BRDA:23,0,0,0
BRDA:23,0,1,0
BRDA:59,1,0,0
BRDA:59,1,1,0
BRDA:111,2,0,3
BRDA:111,2,1,0
BRDA:118,3,0,1
BRDA:118,3,1,2
BRDA:119,4,0,0
BRDA:119,4,1,1
BRDA:128,5,0,1
BRDA:128,5,1,1
BRDA:128,6,0,2
BRDA:128,6,1,1
BRDA:158,7,0,0
BRDA:158,7,1,0
BRDA:160,8,0,0
BRDA:160,8,1,0
BRDA:174,9,0,0
BRDA:174,9,1,0
BRDA:201,10,0,0
BRDA:201,10,1,0
BRDA:206,11,0,0
BRDA:206,11,1,0
BRDA:207,12,0,0
BRDA:207,12,1,0
BRDA:217,13,0,0
BRDA:217,13,1,0
BRDA:246,14,0,0
BRDA:246,14,1,0
BRDA:251,15,0,0
BRDA:251,15,1,0
BRDA:252,16,0,0
BRDA:252,16,1,0
BRDA:261,17,0,0
BRDA:261,17,1,0
BRDA:267,18,0,0
BRDA:267,18,1,0
BRDA:295,19,0,0
BRDA:295,19,1,0
BRDA:315,20,0,0
BRDA:315,20,1,0
BRDA:320,21,0,0
BRDA:320,21,1,0
BRDA:320,22,0,0
BRDA:320,22,1,0
BRDA:337,23,0,0
BRDA:337,23,1,0
BRDA:344,24,0,0
BRDA:344,24,1,0
BRDA:353,25,0,0
BRDA:353,25,1,0
BRDA:354,26,0,0
BRDA:354,26,1,0
BRDA:387,27,0,0
BRDA:387,27,1,0
BRDA:432,28,0,0
BRDA:432,28,1,0
BRDA:437,29,0,0
BRDA:437,29,1,0
BRDA:443,30,0,0
BRDA:443,30,1,0
BRDA:452,31,0,0
BRDA:452,31,1,0
BRF:64
BRH:8
end_of_record
TN:
SF:routes\reviews.js
FN:10,(anonymous_0)
FN:35,(anonymous_1)
FN:41,(anonymous_2)
FN:68,(anonymous_3)
FNF:4
FNH:0
FNDA:0,(anonymous_0)
FNDA:0,(anonymous_1)
FNDA:0,(anonymous_2)
FNDA:0,(anonymous_3)
DA:1,2
DA:2,2
DA:6,2
DA:7,2
DA:8,2
DA:10,2
DA:11,0
DA:12,0
DA:13,0
DA:17,0
DA:19,0
DA:35,2
DA:36,0
DA:37,0
DA:38,0
DA:40,0
DA:41,0
DA:42,0
DA:46,0
DA:48,0
DA:49,0
DA:50,0
DA:53,0
DA:68,2
DA:69,0
DA:71,0
DA:72,0
DA:73,0
DA:74,0
DA:77,0
DA:79,0
DA:80,0
DA:82,0
DA:86,2
LF:34
LH:9
BRDA:12,0,0,0
BRDA:12,0,1,0
BRDA:48,1,0,0
BRDA:48,1,1,0
BRDA:72,2,0,0
BRDA:72,2,1,0
BRF:6
BRH:0
end_of_record
TN:
SF:routes\transactions.js
FN:11,(anonymous_0)
FN:36,(anonymous_1)
FN:42,(anonymous_2)
FN:68,(anonymous_3)
FNF:4
FNH:0
FNDA:0,(anonymous_0)
FNDA:0,(anonymous_1)
FNDA:0,(anonymous_2)
FNDA:0,(anonymous_3)
DA:1,2
DA:2,2
DA:3,2
DA:7,2
DA:8,2
DA:9,2
DA:11,2
DA:12,0
DA:13,0
DA:14,0
DA:18,0
DA:20,0
DA:36,2
DA:37,0
DA:38,0
DA:39,0
DA:41,0
DA:42,0
DA:43,0
DA:47,0
DA:49,0
DA:50,0
DA:51,0
DA:54,0
DA:68,2
DA:69,0
DA:72,0
DA:74,0
DA:75,0
DA:76,0
DA:79,0
DA:92,2
LF:32
LH:10
BRDA:13,0,0,0
BRDA:13,0,1,0
BRDA:49,1,0,0
BRDA:49,1,1,0
BRDA:74,2,0,0
BRDA:74,2,1,0
BRF:6
BRH:0
end_of_record
TN:
SF:routes\user.js
FN:9,(anonymous_0)
FN:32,(anonymous_1)
FN:76,(anonymous_2)
FN:89,(anonymous_3)
FN:130,(anonymous_4)
FN:199,(anonymous_5)
FNF:6
FNH:0
FNDA:0,(anonymous_0)
FNDA:0,(anonymous_1)
FNDA:0,(anonymous_2)
FNDA:0,(anonymous_3)
FNDA:0,(anonymous_4)
FNDA:0,(anonymous_5)
DA:1,2
DA:2,2
DA:3,2
DA:4,2
DA:5,2
DA:6,2
DA:7,2
DA:9,2
DA:10,0
DA:11,0
DA:13,0
DA:14,0
DA:15,0
DA:18,0
DA:32,2
DA:33,0
DA:34,0
DA:37,0
DA:38,0
DA:39,0
DA:40,0
DA:43,0
DA:44,0
DA:45,0
DA:46,0
DA:51,0
DA:52,0
DA:53,0
DA:54,0
DA:57,0
DA:58,0
DA:59,0
DA:60,0
DA:63,0
DA:76,2
DA:77,0
DA:89,2
DA:90,0
DA:93,0
DA:94,0
DA:95,0
DA:99,0
DA:100,0
DA:101,0
DA:104,0
DA:107,0
DA:108,0
DA:109,0
DA:113,0
DA:114,0
DA:115,0
DA:118,0
DA:119,0
DA:120,0
DA:121,0
DA:123,0
DA:124,0
DA:125,0
DA:130,2
DA:131,0
DA:133,0
DA:136,0
DA:139,0
DA:140,0
DA:141,0
DA:145,0
DA:146,0
DA:151,0
DA:152,0
DA:153,0
DA:157,0
DA:158,0
DA:159,0
DA:160,0
DA:162,0
DA:163,0
DA:165,0
DA:166,0
DA:170,0
DA:171,0
DA:172,0
DA:176,0
DA:179,0
DA:180,0
DA:187,0
DA:188,0
DA:189,0
DA:190,0
DA:191,0
DA:193,0
DA:194,0
DA:199,2
DA:200,0
DA:203,0
DA:204,0
DA:207,0
DA:208,0
DA:211,0
DA:219,0
DA:220,0
DA:221,0
DA:222,0
DA:226,0
DA:227,0
DA:228,0
DA:229,0
DA:230,0
DA:233,0
DA:234,0
DA:235,0
DA:240,0
DA:241,0
DA:245,2
LF:113
LH:14
BRDA:13,0,0,0
BRDA:13,0,1,0
BRDA:37,1,0,0
BRDA:37,1,1,0
BRDA:38,2,0,0
BRDA:38,2,1,0
BRDA:51,3,0,0
BRDA:51,3,1,0
BRDA:51,4,0,0
BRDA:51,4,1,0
BRDA:52,5,0,0
BRDA:52,5,1,0
BRDA:93,6,0,0
BRDA:93,6,1,0
BRDA:99,7,0,0
BRDA:99,7,1,0
BRDA:107,8,0,0
BRDA:107,8,1,0
BRDA:113,9,0,0
BRDA:113,9,1,0
BRDA:139,10,0,0
BRDA:139,10,1,0
BRDA:145,11,0,0
BRDA:145,11,1,0
BRDA:151,12,0,0
BRDA:151,12,1,0
BRDA:151,13,0,0
BRDA:151,13,1,0
BRDA:159,14,0,0
BRDA:159,14,1,0
BRDA:162,15,0,0
BRDA:162,15,1,0
BRDA:165,16,0,0
BRDA:165,16,1,0
BRDA:171,17,0,0
BRDA:171,17,1,0
BRDA:207,18,0,0
BRDA:207,18,1,0
BRDA:220,19,0,0
BRDA:220,19,1,0
BRDA:227,20,0,0
BRDA:227,20,1,0
BRF:42
BRH:0
end_of_record
